2017-10-15 22:29:24,207 WARN  [main] util.NativeCodeLoader (NativeCodeLoader.java:<clinit>(62)) - Unable to load native-hadoop library for your platform... using builtin-java classes where applicable
2017-10-15 22:29:24,341 INFO  [main] Configuration.deprecation (Configuration.java:warnOnceIfDeprecated(1049)) - session.id is deprecated. Instead, use dfs.metrics.session-id
2017-10-15 22:29:24,342 INFO  [main] jvm.JvmMetrics (JvmMetrics.java:init(76)) - Initializing JVM Metrics with processName=JobTracker, sessionId=
2017-10-15 22:29:24,712 INFO  [main] input.FileInputFormat (FileInputFormat.java:listStatus(281)) - Total input paths to process : 1
2017-10-15 22:29:24,755 INFO  [main] mapreduce.JobSubmitter (JobSubmitter.java:submitJobInternal(494)) - number of splits:1
2017-10-15 22:29:24,909 INFO  [main] mapreduce.JobSubmitter (JobSubmitter.java:printTokens(583)) - Submitting tokens for job: job_local1801726654_0001
2017-10-15 22:29:25,386 INFO  [main] mapreduce.Job (Job.java:submit(1300)) - The url to track the job: http://localhost:8080/
2017-10-15 22:29:25,387 INFO  [main] mapreduce.Job (Job.java:monitorAndPrintJob(1345)) - Running job: job_local1801726654_0001
2017-10-15 22:29:25,390 INFO  [Thread-13] mapred.LocalJobRunner (LocalJobRunner.java:createOutputCommitter(471)) - OutputCommitter set in config null
2017-10-15 22:29:25,397 INFO  [Thread-13] mapred.LocalJobRunner (LocalJobRunner.java:createOutputCommitter(489)) - OutputCommitter is org.apache.hadoop.mapreduce.lib.output.FileOutputCommitter
2017-10-15 22:29:25,539 INFO  [Thread-13] mapred.LocalJobRunner (LocalJobRunner.java:runTasks(448)) - Waiting for map tasks
2017-10-15 22:29:25,540 INFO  [LocalJobRunner Map Task Executor #0] mapred.LocalJobRunner (LocalJobRunner.java:run(224)) - Starting task: attempt_local1801726654_0001_m_000000_0
2017-10-15 22:29:25,606 INFO  [LocalJobRunner Map Task Executor #0] mapred.Task (Task.java:initialize(587)) -  Using ResourceCalculatorProcessTree : [ ]
2017-10-15 22:29:25,609 INFO  [LocalJobRunner Map Task Executor #0] mapred.MapTask (MapTask.java:runNewMapper(753)) - Processing split: file:/home/sattri/project2/small-graph.txt:0+56
2017-10-15 22:29:25,690 INFO  [LocalJobRunner Map Task Executor #0] mapred.LocalJobRunner (LocalJobRunner.java:statusUpdate(591)) - 
2017-10-15 22:29:25,712 INFO  [LocalJobRunner Map Task Executor #0] mapred.Task (Task.java:done(1001)) - Task:attempt_local1801726654_0001_m_000000_0 is done. And is in the process of committing
2017-10-15 22:29:25,720 INFO  [LocalJobRunner Map Task Executor #0] mapred.LocalJobRunner (LocalJobRunner.java:statusUpdate(591)) - 
2017-10-15 22:29:25,721 INFO  [LocalJobRunner Map Task Executor #0] mapred.Task (Task.java:commit(1162)) - Task attempt_local1801726654_0001_m_000000_0 is allowed to commit now
2017-10-15 22:29:25,724 INFO  [LocalJobRunner Map Task Executor #0] output.FileOutputCommitter (FileOutputCommitter.java:commitTask(439)) - Saved output of task 'attempt_local1801726654_0001_m_000000_0' to file:/home/sattri/project2/intermediate/f0/_temporary/0/task_local1801726654_0001_m_000000
2017-10-15 22:29:25,725 INFO  [LocalJobRunner Map Task Executor #0] mapred.LocalJobRunner (LocalJobRunner.java:statusUpdate(591)) - map
2017-10-15 22:29:25,726 INFO  [LocalJobRunner Map Task Executor #0] mapred.Task (Task.java:sendDone(1121)) - Task 'attempt_local1801726654_0001_m_000000_0' done.
2017-10-15 22:29:25,726 INFO  [LocalJobRunner Map Task Executor #0] mapred.LocalJobRunner (LocalJobRunner.java:run(249)) - Finishing task: attempt_local1801726654_0001_m_000000_0
2017-10-15 22:29:25,726 INFO  [Thread-13] mapred.LocalJobRunner (LocalJobRunner.java:runTasks(456)) - map task executor complete.
2017-10-15 22:29:26,389 INFO  [main] mapreduce.Job (Job.java:monitorAndPrintJob(1366)) - Job job_local1801726654_0001 running in uber mode : false
2017-10-15 22:29:26,390 INFO  [main] mapreduce.Job (Job.java:monitorAndPrintJob(1373)) -  map 100% reduce 0%
2017-10-15 22:29:26,392 INFO  [main] mapreduce.Job (Job.java:monitorAndPrintJob(1384)) - Job job_local1801726654_0001 completed successfully
2017-10-15 22:29:26,404 INFO  [main] mapreduce.Job (Job.java:monitorAndPrintJob(1391)) - Counters: 18
	File System Counters
		FILE: Number of bytes read=8658
		FILE: Number of bytes written=262481
		FILE: Number of read operations=0
		FILE: Number of large read operations=0
		FILE: Number of write operations=0
	Map-Reduce Framework
		Map input records=10
		Map output records=10
		Input split bytes=253
		Spilled Records=0
		Failed Shuffles=0
		Merged Map outputs=0
		GC time elapsed (ms)=0
		CPU time spent (ms)=0
		Physical memory (bytes) snapshot=0
		Virtual memory (bytes) snapshot=0
		Total committed heap usage (bytes)=1005060096
	File Input Format Counters 
		Bytes Read=0
	File Output Format Counters 
		Bytes Written=623
2017-10-15 22:29:26,446 INFO  [main] jvm.JvmMetrics (JvmMetrics.java:init(71)) - Cannot initialize JVM Metrics with processName=JobTracker, sessionId= - already initialized
2017-10-15 22:29:26,484 INFO  [main] input.FileInputFormat (FileInputFormat.java:listStatus(281)) - Total input paths to process : 1
2017-10-15 22:29:26,509 INFO  [main] mapreduce.JobSubmitter (JobSubmitter.java:submitJobInternal(494)) - number of splits:1
2017-10-15 22:29:26,670 INFO  [main] mapreduce.JobSubmitter (JobSubmitter.java:printTokens(583)) - Submitting tokens for job: job_local1908009008_0002
2017-10-15 22:29:26,923 INFO  [main] mapreduce.Job (Job.java:submit(1300)) - The url to track the job: http://localhost:8080/
2017-10-15 22:29:26,923 INFO  [main] mapreduce.Job (Job.java:monitorAndPrintJob(1345)) - Running job: job_local1908009008_0002
2017-10-15 22:29:26,925 INFO  [Thread-31] mapred.LocalJobRunner (LocalJobRunner.java:createOutputCommitter(471)) - OutputCommitter set in config null
2017-10-15 22:29:26,926 INFO  [Thread-31] mapred.LocalJobRunner (LocalJobRunner.java:createOutputCommitter(489)) - OutputCommitter is org.apache.hadoop.mapreduce.lib.output.FileOutputCommitter
2017-10-15 22:29:26,955 INFO  [Thread-31] mapred.LocalJobRunner (LocalJobRunner.java:runTasks(448)) - Waiting for map tasks
2017-10-15 22:29:26,955 INFO  [LocalJobRunner Map Task Executor #0] mapred.LocalJobRunner (LocalJobRunner.java:run(224)) - Starting task: attempt_local1908009008_0002_m_000000_0
2017-10-15 22:29:26,960 INFO  [LocalJobRunner Map Task Executor #0] mapred.Task (Task.java:initialize(587)) -  Using ResourceCalculatorProcessTree : [ ]
2017-10-15 22:29:26,961 INFO  [LocalJobRunner Map Task Executor #0] mapred.MapTask (MapTask.java:runNewMapper(753)) - Processing split: file:/home/sattri/project2/intermediate/f0/part-m-00000:0+607
2017-10-15 22:29:26,997 INFO  [LocalJobRunner Map Task Executor #0] mapred.MapTask (MapTask.java:setEquator(1202)) - (EQUATOR) 0 kvi 26214396(104857584)
2017-10-15 22:29:26,998 INFO  [LocalJobRunner Map Task Executor #0] mapred.MapTask (MapTask.java:init(995)) - mapreduce.task.io.sort.mb: 100
2017-10-15 22:29:26,998 INFO  [LocalJobRunner Map Task Executor #0] mapred.MapTask (MapTask.java:init(996)) - soft limit at 83886080
2017-10-15 22:29:26,998 INFO  [LocalJobRunner Map Task Executor #0] mapred.MapTask (MapTask.java:init(997)) - bufstart = 0; bufvoid = 104857600
2017-10-15 22:29:26,998 INFO  [LocalJobRunner Map Task Executor #0] mapred.MapTask (MapTask.java:init(998)) - kvstart = 26214396; length = 6553600
2017-10-15 22:29:27,012 INFO  [LocalJobRunner Map Task Executor #0] mapred.MapTask (MapTask.java:createSortingCollector(402)) - Map output collector class = org.apache.hadoop.mapred.MapTask$MapOutputBuffer
2017-10-15 22:29:27,022 INFO  [LocalJobRunner Map Task Executor #0] mapred.LocalJobRunner (LocalJobRunner.java:statusUpdate(591)) - 
2017-10-15 22:29:27,022 INFO  [LocalJobRunner Map Task Executor #0] mapred.MapTask (MapTask.java:flush(1457)) - Starting flush of map output
2017-10-15 22:29:27,022 INFO  [LocalJobRunner Map Task Executor #0] mapred.MapTask (MapTask.java:flush(1475)) - Spilling map output
2017-10-15 22:29:27,022 INFO  [LocalJobRunner Map Task Executor #0] mapred.MapTask (MapTask.java:flush(1476)) - bufstart = 0; bufend = 768; bufvoid = 104857600
2017-10-15 22:29:27,023 INFO  [LocalJobRunner Map Task Executor #0] mapred.MapTask (MapTask.java:flush(1478)) - kvstart = 26214396(104857584); kvend = 26214288(104857152); length = 109/6553600
2017-10-15 22:29:27,032 INFO  [LocalJobRunner Map Task Executor #0] mapred.MapTask (MapTask.java:sortAndSpill(1660)) - Finished spill 0
2017-10-15 22:29:27,039 INFO  [LocalJobRunner Map Task Executor #0] mapred.Task (Task.java:done(1001)) - Task:attempt_local1908009008_0002_m_000000_0 is done. And is in the process of committing
2017-10-15 22:29:27,042 INFO  [LocalJobRunner Map Task Executor #0] mapred.LocalJobRunner (LocalJobRunner.java:statusUpdate(591)) - map
2017-10-15 22:29:27,042 INFO  [LocalJobRunner Map Task Executor #0] mapred.Task (Task.java:sendDone(1121)) - Task 'attempt_local1908009008_0002_m_000000_0' done.
2017-10-15 22:29:27,042 INFO  [LocalJobRunner Map Task Executor #0] mapred.LocalJobRunner (LocalJobRunner.java:run(249)) - Finishing task: attempt_local1908009008_0002_m_000000_0
2017-10-15 22:29:27,043 INFO  [Thread-31] mapred.LocalJobRunner (LocalJobRunner.java:runTasks(456)) - map task executor complete.
2017-10-15 22:29:27,045 INFO  [Thread-31] mapred.LocalJobRunner (LocalJobRunner.java:runTasks(448)) - Waiting for reduce tasks
2017-10-15 22:29:27,051 INFO  [pool-5-thread-1] mapred.LocalJobRunner (LocalJobRunner.java:run(302)) - Starting task: attempt_local1908009008_0002_r_000000_0
2017-10-15 22:29:27,056 INFO  [pool-5-thread-1] mapred.Task (Task.java:initialize(587)) -  Using ResourceCalculatorProcessTree : [ ]
2017-10-15 22:29:27,058 INFO  [pool-5-thread-1] mapred.ReduceTask (ReduceTask.java:run(362)) - Using ShuffleConsumerPlugin: org.apache.hadoop.mapreduce.task.reduce.Shuffle@454ac095
2017-10-15 22:29:27,076 INFO  [pool-5-thread-1] reduce.MergeManagerImpl (MergeManagerImpl.java:<init>(196)) - MergerManager: memoryLimit=703542080, maxSingleShuffleLimit=175885520, mergeThreshold=464337792, ioSortFactor=10, memToMemMergeOutputsThreshold=10
2017-10-15 22:29:27,101 INFO  [EventFetcher for fetching Map Completion Events] reduce.EventFetcher (EventFetcher.java:run(61)) - attempt_local1908009008_0002_r_000000_0 Thread started: EventFetcher for fetching Map Completion Events
2017-10-15 22:29:27,151 INFO  [localfetcher#1] reduce.LocalFetcher (LocalFetcher.java:copyMapOutput(141)) - localfetcher#1 about to shuffle output of map attempt_local1908009008_0002_m_000000_0 decomp: 826 len: 830 to MEMORY
2017-10-15 22:29:27,156 INFO  [localfetcher#1] reduce.InMemoryMapOutput (InMemoryMapOutput.java:shuffle(100)) - Read 826 bytes from map-output for attempt_local1908009008_0002_m_000000_0
2017-10-15 22:29:27,157 INFO  [localfetcher#1] reduce.MergeManagerImpl (MergeManagerImpl.java:closeInMemoryFile(314)) - closeInMemoryFile -> map-output of size: 826, inMemoryMapOutputs.size() -> 1, commitMemory -> 0, usedMemory ->826
2017-10-15 22:29:27,158 INFO  [EventFetcher for fetching Map Completion Events] reduce.EventFetcher (EventFetcher.java:run(76)) - EventFetcher is interrupted.. Returning
2017-10-15 22:29:27,159 INFO  [pool-5-thread-1] mapred.LocalJobRunner (LocalJobRunner.java:statusUpdate(591)) - 1 / 1 copied.
2017-10-15 22:29:27,159 INFO  [pool-5-thread-1] reduce.MergeManagerImpl (MergeManagerImpl.java:finalMerge(674)) - finalMerge called with 1 in-memory map-outputs and 0 on-disk map-outputs
2017-10-15 22:29:27,165 INFO  [pool-5-thread-1] mapred.Merger (Merger.java:merge(597)) - Merging 1 sorted segments
2017-10-15 22:29:27,166 INFO  [pool-5-thread-1] mapred.Merger (Merger.java:merge(696)) - Down to the last merge-pass, with 1 segments left of total size: 816 bytes
2017-10-15 22:29:27,169 INFO  [pool-5-thread-1] reduce.MergeManagerImpl (MergeManagerImpl.java:finalMerge(751)) - Merged 1 segments, 826 bytes to disk to satisfy reduce memory limit
2017-10-15 22:29:27,169 INFO  [pool-5-thread-1] reduce.MergeManagerImpl (MergeManagerImpl.java:finalMerge(781)) - Merging 1 files, 830 bytes from disk
2017-10-15 22:29:27,170 INFO  [pool-5-thread-1] reduce.MergeManagerImpl (MergeManagerImpl.java:finalMerge(796)) - Merging 0 segments, 0 bytes from memory into reduce
2017-10-15 22:29:27,170 INFO  [pool-5-thread-1] mapred.Merger (Merger.java:merge(597)) - Merging 1 sorted segments
2017-10-15 22:29:27,170 INFO  [pool-5-thread-1] mapred.Merger (Merger.java:merge(696)) - Down to the last merge-pass, with 1 segments left of total size: 816 bytes
2017-10-15 22:29:27,171 INFO  [pool-5-thread-1] mapred.LocalJobRunner (LocalJobRunner.java:statusUpdate(591)) - 1 / 1 copied.
2017-10-15 22:29:27,189 INFO  [pool-5-thread-1] Configuration.deprecation (Configuration.java:warnOnceIfDeprecated(1049)) - mapred.skip.on is deprecated. Instead, use mapreduce.job.skiprecords
2017-10-15 22:29:27,199 INFO  [pool-5-thread-1] mapred.Task (Task.java:done(1001)) - Task:attempt_local1908009008_0002_r_000000_0 is done. And is in the process of committing
2017-10-15 22:29:27,200 INFO  [pool-5-thread-1] mapred.LocalJobRunner (LocalJobRunner.java:statusUpdate(591)) - 1 / 1 copied.
2017-10-15 22:29:27,200 INFO  [pool-5-thread-1] mapred.Task (Task.java:commit(1162)) - Task attempt_local1908009008_0002_r_000000_0 is allowed to commit now
2017-10-15 22:29:27,202 INFO  [pool-5-thread-1] output.FileOutputCommitter (FileOutputCommitter.java:commitTask(439)) - Saved output of task 'attempt_local1908009008_0002_r_000000_0' to file:/home/sattri/project2/intermediate/f1/_temporary/0/task_local1908009008_0002_r_000000
2017-10-15 22:29:27,204 INFO  [pool-5-thread-1] mapred.LocalJobRunner (LocalJobRunner.java:statusUpdate(591)) - reduce > reduce
2017-10-15 22:29:27,204 INFO  [pool-5-thread-1] mapred.Task (Task.java:sendDone(1121)) - Task 'attempt_local1908009008_0002_r_000000_0' done.
2017-10-15 22:29:27,204 INFO  [pool-5-thread-1] mapred.LocalJobRunner (LocalJobRunner.java:run(325)) - Finishing task: attempt_local1908009008_0002_r_000000_0
2017-10-15 22:29:27,205 INFO  [Thread-31] mapred.LocalJobRunner (LocalJobRunner.java:runTasks(456)) - reduce task executor complete.
2017-10-15 22:29:27,923 INFO  [main] mapreduce.Job (Job.java:monitorAndPrintJob(1366)) - Job job_local1908009008_0002 running in uber mode : false
2017-10-15 22:29:27,924 INFO  [main] mapreduce.Job (Job.java:monitorAndPrintJob(1373)) -  map 100% reduce 100%
2017-10-15 22:29:27,924 INFO  [main] mapreduce.Job (Job.java:monitorAndPrintJob(1384)) - Job job_local1908009008_0002 completed successfully
2017-10-15 22:29:27,931 INFO  [main] mapreduce.Job (Job.java:monitorAndPrintJob(1391)) - Counters: 33
	File System Counters
		FILE: Number of bytes read=37504
		FILE: Number of bytes written=1053449
		FILE: Number of read operations=0
		FILE: Number of large read operations=0
		FILE: Number of write operations=0
	Map-Reduce Framework
		Map input records=10
		Map output records=28
		Map output bytes=768
		Map output materialized bytes=830
		Input split bytes=274
		Combine input records=0
		Combine output records=0
		Reduce input groups=10
		Reduce shuffle bytes=830
		Reduce input records=28
		Reduce output records=10
		Spilled Records=56
		Shuffled Maps =1
		Failed Shuffles=0
		Merged Map outputs=1
		GC time elapsed (ms)=0
		CPU time spent (ms)=0
		Physical memory (bytes) snapshot=0
		Virtual memory (bytes) snapshot=0
		Total committed heap usage (bytes)=2010120192
	Shuffle Errors
		BAD_ID=0
		CONNECTION=0
		IO_ERROR=0
		WRONG_LENGTH=0
		WRONG_MAP=0
		WRONG_REDUCE=0
	File Input Format Counters 
		Bytes Read=0
	File Output Format Counters 
		Bytes Written=623
2017-10-15 22:29:27,964 INFO  [main] jvm.JvmMetrics (JvmMetrics.java:init(71)) - Cannot initialize JVM Metrics with processName=JobTracker, sessionId= - already initialized
2017-10-15 22:29:28,106 INFO  [main] input.FileInputFormat (FileInputFormat.java:listStatus(281)) - Total input paths to process : 1
2017-10-15 22:29:28,177 INFO  [main] mapreduce.JobSubmitter (JobSubmitter.java:submitJobInternal(494)) - number of splits:1
2017-10-15 22:29:28,226 INFO  [main] mapreduce.JobSubmitter (JobSubmitter.java:printTokens(583)) - Submitting tokens for job: job_local2119969431_0003
2017-10-15 22:29:28,437 INFO  [main] mapreduce.Job (Job.java:submit(1300)) - The url to track the job: http://localhost:8080/
2017-10-15 22:29:28,437 INFO  [main] mapreduce.Job (Job.java:monitorAndPrintJob(1345)) - Running job: job_local2119969431_0003
2017-10-15 22:29:28,438 INFO  [Thread-53] mapred.LocalJobRunner (LocalJobRunner.java:createOutputCommitter(471)) - OutputCommitter set in config null
2017-10-15 22:29:28,439 INFO  [Thread-53] mapred.LocalJobRunner (LocalJobRunner.java:createOutputCommitter(489)) - OutputCommitter is org.apache.hadoop.mapreduce.lib.output.FileOutputCommitter
2017-10-15 22:29:28,463 INFO  [Thread-53] mapred.LocalJobRunner (LocalJobRunner.java:runTasks(448)) - Waiting for map tasks
2017-10-15 22:29:28,464 INFO  [LocalJobRunner Map Task Executor #0] mapred.LocalJobRunner (LocalJobRunner.java:run(224)) - Starting task: attempt_local2119969431_0003_m_000000_0
2017-10-15 22:29:28,477 INFO  [LocalJobRunner Map Task Executor #0] mapred.Task (Task.java:initialize(587)) -  Using ResourceCalculatorProcessTree : [ ]
2017-10-15 22:29:28,477 INFO  [LocalJobRunner Map Task Executor #0] mapred.MapTask (MapTask.java:runNewMapper(753)) - Processing split: file:/home/sattri/project2/intermediate/f1/part-r-00000:0+607
2017-10-15 22:29:28,609 INFO  [LocalJobRunner Map Task Executor #0] mapred.MapTask (MapTask.java:setEquator(1202)) - (EQUATOR) 0 kvi 26214396(104857584)
2017-10-15 22:29:28,609 INFO  [LocalJobRunner Map Task Executor #0] mapred.MapTask (MapTask.java:init(995)) - mapreduce.task.io.sort.mb: 100
2017-10-15 22:29:28,610 INFO  [LocalJobRunner Map Task Executor #0] mapred.MapTask (MapTask.java:init(996)) - soft limit at 83886080
2017-10-15 22:29:28,610 INFO  [LocalJobRunner Map Task Executor #0] mapred.MapTask (MapTask.java:init(997)) - bufstart = 0; bufvoid = 104857600
2017-10-15 22:29:28,610 INFO  [LocalJobRunner Map Task Executor #0] mapred.MapTask (MapTask.java:init(998)) - kvstart = 26214396; length = 6553600
2017-10-15 22:29:28,621 INFO  [LocalJobRunner Map Task Executor #0] mapred.MapTask (MapTask.java:createSortingCollector(402)) - Map output collector class = org.apache.hadoop.mapred.MapTask$MapOutputBuffer
2017-10-15 22:29:28,627 INFO  [LocalJobRunner Map Task Executor #0] mapred.LocalJobRunner (LocalJobRunner.java:statusUpdate(591)) - 
2017-10-15 22:29:28,628 INFO  [LocalJobRunner Map Task Executor #0] mapred.MapTask (MapTask.java:flush(1457)) - Starting flush of map output
2017-10-15 22:29:28,628 INFO  [LocalJobRunner Map Task Executor #0] mapred.MapTask (MapTask.java:flush(1475)) - Spilling map output
2017-10-15 22:29:28,628 INFO  [LocalJobRunner Map Task Executor #0] mapred.MapTask (MapTask.java:flush(1476)) - bufstart = 0; bufend = 768; bufvoid = 104857600
2017-10-15 22:29:28,629 INFO  [LocalJobRunner Map Task Executor #0] mapred.MapTask (MapTask.java:flush(1478)) - kvstart = 26214396(104857584); kvend = 26214288(104857152); length = 109/6553600
2017-10-15 22:29:28,630 INFO  [LocalJobRunner Map Task Executor #0] mapred.MapTask (MapTask.java:sortAndSpill(1660)) - Finished spill 0
2017-10-15 22:29:28,630 INFO  [LocalJobRunner Map Task Executor #0] mapred.Task (Task.java:done(1001)) - Task:attempt_local2119969431_0003_m_000000_0 is done. And is in the process of committing
2017-10-15 22:29:28,635 INFO  [LocalJobRunner Map Task Executor #0] mapred.LocalJobRunner (LocalJobRunner.java:statusUpdate(591)) - map
2017-10-15 22:29:28,635 INFO  [LocalJobRunner Map Task Executor #0] mapred.Task (Task.java:sendDone(1121)) - Task 'attempt_local2119969431_0003_m_000000_0' done.
2017-10-15 22:29:28,635 INFO  [LocalJobRunner Map Task Executor #0] mapred.LocalJobRunner (LocalJobRunner.java:run(249)) - Finishing task: attempt_local2119969431_0003_m_000000_0
2017-10-15 22:29:28,636 INFO  [Thread-53] mapred.LocalJobRunner (LocalJobRunner.java:runTasks(456)) - map task executor complete.
2017-10-15 22:29:28,647 INFO  [Thread-53] mapred.LocalJobRunner (LocalJobRunner.java:runTasks(448)) - Waiting for reduce tasks
2017-10-15 22:29:28,653 INFO  [pool-8-thread-1] mapred.LocalJobRunner (LocalJobRunner.java:run(302)) - Starting task: attempt_local2119969431_0003_r_000000_0
2017-10-15 22:29:28,666 INFO  [pool-8-thread-1] mapred.Task (Task.java:initialize(587)) -  Using ResourceCalculatorProcessTree : [ ]
2017-10-15 22:29:28,666 INFO  [pool-8-thread-1] mapred.ReduceTask (ReduceTask.java:run(362)) - Using ShuffleConsumerPlugin: org.apache.hadoop.mapreduce.task.reduce.Shuffle@55355658
2017-10-15 22:29:28,675 INFO  [pool-8-thread-1] reduce.MergeManagerImpl (MergeManagerImpl.java:<init>(196)) - MergerManager: memoryLimit=703542080, maxSingleShuffleLimit=175885520, mergeThreshold=464337792, ioSortFactor=10, memToMemMergeOutputsThreshold=10
2017-10-15 22:29:28,690 INFO  [EventFetcher for fetching Map Completion Events] reduce.EventFetcher (EventFetcher.java:run(61)) - attempt_local2119969431_0003_r_000000_0 Thread started: EventFetcher for fetching Map Completion Events
2017-10-15 22:29:28,696 INFO  [localfetcher#2] reduce.LocalFetcher (LocalFetcher.java:copyMapOutput(141)) - localfetcher#2 about to shuffle output of map attempt_local2119969431_0003_m_000000_0 decomp: 826 len: 830 to MEMORY
2017-10-15 22:29:28,697 INFO  [localfetcher#2] reduce.InMemoryMapOutput (InMemoryMapOutput.java:shuffle(100)) - Read 826 bytes from map-output for attempt_local2119969431_0003_m_000000_0
2017-10-15 22:29:28,697 INFO  [localfetcher#2] reduce.MergeManagerImpl (MergeManagerImpl.java:closeInMemoryFile(314)) - closeInMemoryFile -> map-output of size: 826, inMemoryMapOutputs.size() -> 1, commitMemory -> 0, usedMemory ->826
2017-10-15 22:29:28,697 INFO  [EventFetcher for fetching Map Completion Events] reduce.EventFetcher (EventFetcher.java:run(76)) - EventFetcher is interrupted.. Returning
2017-10-15 22:29:28,700 INFO  [pool-8-thread-1] mapred.LocalJobRunner (LocalJobRunner.java:statusUpdate(591)) - 1 / 1 copied.
2017-10-15 22:29:28,700 INFO  [pool-8-thread-1] reduce.MergeManagerImpl (MergeManagerImpl.java:finalMerge(674)) - finalMerge called with 1 in-memory map-outputs and 0 on-disk map-outputs
2017-10-15 22:29:28,700 INFO  [pool-8-thread-1] mapred.Merger (Merger.java:merge(597)) - Merging 1 sorted segments
2017-10-15 22:29:28,704 INFO  [pool-8-thread-1] mapred.Merger (Merger.java:merge(696)) - Down to the last merge-pass, with 1 segments left of total size: 816 bytes
2017-10-15 22:29:28,704 INFO  [pool-8-thread-1] reduce.MergeManagerImpl (MergeManagerImpl.java:finalMerge(751)) - Merged 1 segments, 826 bytes to disk to satisfy reduce memory limit
2017-10-15 22:29:28,705 INFO  [pool-8-thread-1] reduce.MergeManagerImpl (MergeManagerImpl.java:finalMerge(781)) - Merging 1 files, 830 bytes from disk
2017-10-15 22:29:28,705 INFO  [pool-8-thread-1] reduce.MergeManagerImpl (MergeManagerImpl.java:finalMerge(796)) - Merging 0 segments, 0 bytes from memory into reduce
2017-10-15 22:29:28,705 INFO  [pool-8-thread-1] mapred.Merger (Merger.java:merge(597)) - Merging 1 sorted segments
2017-10-15 22:29:28,705 INFO  [pool-8-thread-1] mapred.Merger (Merger.java:merge(696)) - Down to the last merge-pass, with 1 segments left of total size: 816 bytes
2017-10-15 22:29:28,705 INFO  [pool-8-thread-1] mapred.LocalJobRunner (LocalJobRunner.java:statusUpdate(591)) - 1 / 1 copied.
2017-10-15 22:29:28,718 INFO  [pool-8-thread-1] mapred.Task (Task.java:done(1001)) - Task:attempt_local2119969431_0003_r_000000_0 is done. And is in the process of committing
2017-10-15 22:29:28,719 INFO  [pool-8-thread-1] mapred.LocalJobRunner (LocalJobRunner.java:statusUpdate(591)) - 1 / 1 copied.
2017-10-15 22:29:28,719 INFO  [pool-8-thread-1] mapred.Task (Task.java:commit(1162)) - Task attempt_local2119969431_0003_r_000000_0 is allowed to commit now
2017-10-15 22:29:28,722 INFO  [pool-8-thread-1] output.FileOutputCommitter (FileOutputCommitter.java:commitTask(439)) - Saved output of task 'attempt_local2119969431_0003_r_000000_0' to file:/home/sattri/project2/intermediate/f2/_temporary/0/task_local2119969431_0003_r_000000
2017-10-15 22:29:28,723 INFO  [pool-8-thread-1] mapred.LocalJobRunner (LocalJobRunner.java:statusUpdate(591)) - reduce > reduce
2017-10-15 22:29:28,723 INFO  [pool-8-thread-1] mapred.Task (Task.java:sendDone(1121)) - Task 'attempt_local2119969431_0003_r_000000_0' done.
2017-10-15 22:29:28,723 INFO  [pool-8-thread-1] mapred.LocalJobRunner (LocalJobRunner.java:run(325)) - Finishing task: attempt_local2119969431_0003_r_000000_0
2017-10-15 22:29:28,723 INFO  [Thread-53] mapred.LocalJobRunner (LocalJobRunner.java:runTasks(456)) - reduce task executor complete.
2017-10-15 22:29:29,437 INFO  [main] mapreduce.Job (Job.java:monitorAndPrintJob(1366)) - Job job_local2119969431_0003 running in uber mode : false
2017-10-15 22:29:29,438 INFO  [main] mapreduce.Job (Job.java:monitorAndPrintJob(1373)) -  map 100% reduce 100%
2017-10-15 22:29:29,438 INFO  [main] mapreduce.Job (Job.java:monitorAndPrintJob(1384)) - Job job_local2119969431_0003 completed successfully
2017-10-15 22:29:29,444 INFO  [main] mapreduce.Job (Job.java:monitorAndPrintJob(1391)) - Counters: 33
	File System Counters
		FILE: Number of bytes read=59384
		FILE: Number of bytes written=1583389
		FILE: Number of read operations=0
		FILE: Number of large read operations=0
		FILE: Number of write operations=0
	Map-Reduce Framework
		Map input records=10
		Map output records=28
		Map output bytes=768
		Map output materialized bytes=830
		Input split bytes=274
		Combine input records=0
		Combine output records=0
		Reduce input groups=10
		Reduce shuffle bytes=830
		Reduce input records=28
		Reduce output records=10
		Spilled Records=56
		Shuffled Maps =1
		Failed Shuffles=0
		Merged Map outputs=1
		GC time elapsed (ms)=95
		CPU time spent (ms)=0
		Physical memory (bytes) snapshot=0
		Virtual memory (bytes) snapshot=0
		Total committed heap usage (bytes)=2010120192
	Shuffle Errors
		BAD_ID=0
		CONNECTION=0
		IO_ERROR=0
		WRONG_LENGTH=0
		WRONG_MAP=0
		WRONG_REDUCE=0
	File Input Format Counters 
		Bytes Read=0
	File Output Format Counters 
		Bytes Written=623
2017-10-15 22:29:29,477 INFO  [main] jvm.JvmMetrics (JvmMetrics.java:init(71)) - Cannot initialize JVM Metrics with processName=JobTracker, sessionId= - already initialized
2017-10-15 22:29:29,510 INFO  [main] input.FileInputFormat (FileInputFormat.java:listStatus(281)) - Total input paths to process : 1
2017-10-15 22:29:29,541 INFO  [main] mapreduce.JobSubmitter (JobSubmitter.java:submitJobInternal(494)) - number of splits:1
2017-10-15 22:29:29,551 INFO  [main] mapreduce.JobSubmitter (JobSubmitter.java:printTokens(583)) - Submitting tokens for job: job_local160820583_0004
2017-10-15 22:29:29,704 INFO  [main] mapreduce.Job (Job.java:submit(1300)) - The url to track the job: http://localhost:8080/
2017-10-15 22:29:29,704 INFO  [main] mapreduce.Job (Job.java:monitorAndPrintJob(1345)) - Running job: job_local160820583_0004
2017-10-15 22:29:29,705 INFO  [Thread-75] mapred.LocalJobRunner (LocalJobRunner.java:createOutputCommitter(471)) - OutputCommitter set in config null
2017-10-15 22:29:29,705 INFO  [Thread-75] mapred.LocalJobRunner (LocalJobRunner.java:createOutputCommitter(489)) - OutputCommitter is org.apache.hadoop.mapreduce.lib.output.FileOutputCommitter
2017-10-15 22:29:29,731 INFO  [Thread-75] mapred.LocalJobRunner (LocalJobRunner.java:runTasks(448)) - Waiting for map tasks
2017-10-15 22:29:29,731 INFO  [LocalJobRunner Map Task Executor #0] mapred.LocalJobRunner (LocalJobRunner.java:run(224)) - Starting task: attempt_local160820583_0004_m_000000_0
2017-10-15 22:29:29,751 INFO  [LocalJobRunner Map Task Executor #0] mapred.Task (Task.java:initialize(587)) -  Using ResourceCalculatorProcessTree : [ ]
2017-10-15 22:29:29,753 INFO  [LocalJobRunner Map Task Executor #0] mapred.MapTask (MapTask.java:runNewMapper(753)) - Processing split: file:/home/sattri/project2/intermediate/f2/part-r-00000:0+607
2017-10-15 22:29:29,891 INFO  [LocalJobRunner Map Task Executor #0] mapred.MapTask (MapTask.java:setEquator(1202)) - (EQUATOR) 0 kvi 26214396(104857584)
2017-10-15 22:29:29,891 INFO  [LocalJobRunner Map Task Executor #0] mapred.MapTask (MapTask.java:init(995)) - mapreduce.task.io.sort.mb: 100
2017-10-15 22:29:29,891 INFO  [LocalJobRunner Map Task Executor #0] mapred.MapTask (MapTask.java:init(996)) - soft limit at 83886080
2017-10-15 22:29:29,891 INFO  [LocalJobRunner Map Task Executor #0] mapred.MapTask (MapTask.java:init(997)) - bufstart = 0; bufvoid = 104857600
2017-10-15 22:29:29,891 INFO  [LocalJobRunner Map Task Executor #0] mapred.MapTask (MapTask.java:init(998)) - kvstart = 26214396; length = 6553600
2017-10-15 22:29:29,900 INFO  [LocalJobRunner Map Task Executor #0] mapred.MapTask (MapTask.java:createSortingCollector(402)) - Map output collector class = org.apache.hadoop.mapred.MapTask$MapOutputBuffer
2017-10-15 22:29:29,906 INFO  [LocalJobRunner Map Task Executor #0] mapred.LocalJobRunner (LocalJobRunner.java:statusUpdate(591)) - 
2017-10-15 22:29:29,906 INFO  [LocalJobRunner Map Task Executor #0] mapred.MapTask (MapTask.java:flush(1457)) - Starting flush of map output
2017-10-15 22:29:29,906 INFO  [LocalJobRunner Map Task Executor #0] mapred.MapTask (MapTask.java:flush(1475)) - Spilling map output
2017-10-15 22:29:29,906 INFO  [LocalJobRunner Map Task Executor #0] mapred.MapTask (MapTask.java:flush(1476)) - bufstart = 0; bufend = 768; bufvoid = 104857600
2017-10-15 22:29:29,906 INFO  [LocalJobRunner Map Task Executor #0] mapred.MapTask (MapTask.java:flush(1478)) - kvstart = 26214396(104857584); kvend = 26214288(104857152); length = 109/6553600
2017-10-15 22:29:29,907 INFO  [LocalJobRunner Map Task Executor #0] mapred.MapTask (MapTask.java:sortAndSpill(1660)) - Finished spill 0
2017-10-15 22:29:29,912 INFO  [LocalJobRunner Map Task Executor #0] mapred.Task (Task.java:done(1001)) - Task:attempt_local160820583_0004_m_000000_0 is done. And is in the process of committing
2017-10-15 22:29:29,915 INFO  [LocalJobRunner Map Task Executor #0] mapred.LocalJobRunner (LocalJobRunner.java:statusUpdate(591)) - map
2017-10-15 22:29:29,916 INFO  [LocalJobRunner Map Task Executor #0] mapred.Task (Task.java:sendDone(1121)) - Task 'attempt_local160820583_0004_m_000000_0' done.
2017-10-15 22:29:29,916 INFO  [LocalJobRunner Map Task Executor #0] mapred.LocalJobRunner (LocalJobRunner.java:run(249)) - Finishing task: attempt_local160820583_0004_m_000000_0
2017-10-15 22:29:29,916 INFO  [Thread-75] mapred.LocalJobRunner (LocalJobRunner.java:runTasks(456)) - map task executor complete.
2017-10-15 22:29:29,917 INFO  [Thread-75] mapred.LocalJobRunner (LocalJobRunner.java:runTasks(448)) - Waiting for reduce tasks
2017-10-15 22:29:29,923 INFO  [pool-11-thread-1] mapred.LocalJobRunner (LocalJobRunner.java:run(302)) - Starting task: attempt_local160820583_0004_r_000000_0
2017-10-15 22:29:29,925 INFO  [pool-11-thread-1] mapred.Task (Task.java:initialize(587)) -  Using ResourceCalculatorProcessTree : [ ]
2017-10-15 22:29:29,926 INFO  [pool-11-thread-1] mapred.ReduceTask (ReduceTask.java:run(362)) - Using ShuffleConsumerPlugin: org.apache.hadoop.mapreduce.task.reduce.Shuffle@1072c717
2017-10-15 22:29:29,928 INFO  [pool-11-thread-1] reduce.MergeManagerImpl (MergeManagerImpl.java:<init>(196)) - MergerManager: memoryLimit=703542080, maxSingleShuffleLimit=175885520, mergeThreshold=464337792, ioSortFactor=10, memToMemMergeOutputsThreshold=10
2017-10-15 22:29:29,929 INFO  [EventFetcher for fetching Map Completion Events] reduce.EventFetcher (EventFetcher.java:run(61)) - attempt_local160820583_0004_r_000000_0 Thread started: EventFetcher for fetching Map Completion Events
2017-10-15 22:29:29,930 INFO  [localfetcher#3] reduce.LocalFetcher (LocalFetcher.java:copyMapOutput(141)) - localfetcher#3 about to shuffle output of map attempt_local160820583_0004_m_000000_0 decomp: 826 len: 830 to MEMORY
2017-10-15 22:29:29,931 INFO  [localfetcher#3] reduce.InMemoryMapOutput (InMemoryMapOutput.java:shuffle(100)) - Read 826 bytes from map-output for attempt_local160820583_0004_m_000000_0
2017-10-15 22:29:29,931 INFO  [localfetcher#3] reduce.MergeManagerImpl (MergeManagerImpl.java:closeInMemoryFile(314)) - closeInMemoryFile -> map-output of size: 826, inMemoryMapOutputs.size() -> 1, commitMemory -> 0, usedMemory ->826
2017-10-15 22:29:29,931 INFO  [EventFetcher for fetching Map Completion Events] reduce.EventFetcher (EventFetcher.java:run(76)) - EventFetcher is interrupted.. Returning
2017-10-15 22:29:29,932 INFO  [pool-11-thread-1] mapred.LocalJobRunner (LocalJobRunner.java:statusUpdate(591)) - 1 / 1 copied.
2017-10-15 22:29:29,932 INFO  [pool-11-thread-1] reduce.MergeManagerImpl (MergeManagerImpl.java:finalMerge(674)) - finalMerge called with 1 in-memory map-outputs and 0 on-disk map-outputs
2017-10-15 22:29:29,932 INFO  [pool-11-thread-1] mapred.Merger (Merger.java:merge(597)) - Merging 1 sorted segments
2017-10-15 22:29:29,932 INFO  [pool-11-thread-1] mapred.Merger (Merger.java:merge(696)) - Down to the last merge-pass, with 1 segments left of total size: 816 bytes
2017-10-15 22:29:29,934 INFO  [pool-11-thread-1] reduce.MergeManagerImpl (MergeManagerImpl.java:finalMerge(751)) - Merged 1 segments, 826 bytes to disk to satisfy reduce memory limit
2017-10-15 22:29:29,935 INFO  [pool-11-thread-1] reduce.MergeManagerImpl (MergeManagerImpl.java:finalMerge(781)) - Merging 1 files, 830 bytes from disk
2017-10-15 22:29:29,935 INFO  [pool-11-thread-1] reduce.MergeManagerImpl (MergeManagerImpl.java:finalMerge(796)) - Merging 0 segments, 0 bytes from memory into reduce
2017-10-15 22:29:29,935 INFO  [pool-11-thread-1] mapred.Merger (Merger.java:merge(597)) - Merging 1 sorted segments
2017-10-15 22:29:29,935 INFO  [pool-11-thread-1] mapred.Merger (Merger.java:merge(696)) - Down to the last merge-pass, with 1 segments left of total size: 816 bytes
2017-10-15 22:29:29,935 INFO  [pool-11-thread-1] mapred.LocalJobRunner (LocalJobRunner.java:statusUpdate(591)) - 1 / 1 copied.
2017-10-15 22:29:29,951 INFO  [pool-11-thread-1] mapred.Task (Task.java:done(1001)) - Task:attempt_local160820583_0004_r_000000_0 is done. And is in the process of committing
2017-10-15 22:29:29,952 INFO  [pool-11-thread-1] mapred.LocalJobRunner (LocalJobRunner.java:statusUpdate(591)) - 1 / 1 copied.
2017-10-15 22:29:29,952 INFO  [pool-11-thread-1] mapred.Task (Task.java:commit(1162)) - Task attempt_local160820583_0004_r_000000_0 is allowed to commit now
2017-10-15 22:29:29,955 INFO  [pool-11-thread-1] output.FileOutputCommitter (FileOutputCommitter.java:commitTask(439)) - Saved output of task 'attempt_local160820583_0004_r_000000_0' to file:/home/sattri/project2/intermediate/f3/_temporary/0/task_local160820583_0004_r_000000
2017-10-15 22:29:29,955 INFO  [pool-11-thread-1] mapred.LocalJobRunner (LocalJobRunner.java:statusUpdate(591)) - reduce > reduce
2017-10-15 22:29:29,955 INFO  [pool-11-thread-1] mapred.Task (Task.java:sendDone(1121)) - Task 'attempt_local160820583_0004_r_000000_0' done.
2017-10-15 22:29:29,955 INFO  [pool-11-thread-1] mapred.LocalJobRunner (LocalJobRunner.java:run(325)) - Finishing task: attempt_local160820583_0004_r_000000_0
2017-10-15 22:29:29,955 INFO  [Thread-75] mapred.LocalJobRunner (LocalJobRunner.java:runTasks(456)) - reduce task executor complete.
2017-10-15 22:29:30,704 INFO  [main] mapreduce.Job (Job.java:monitorAndPrintJob(1366)) - Job job_local160820583_0004 running in uber mode : false
2017-10-15 22:29:30,705 INFO  [main] mapreduce.Job (Job.java:monitorAndPrintJob(1373)) -  map 100% reduce 100%
2017-10-15 22:29:30,705 INFO  [main] mapreduce.Job (Job.java:monitorAndPrintJob(1384)) - Job job_local160820583_0004 completed successfully
2017-10-15 22:29:30,710 INFO  [main] mapreduce.Job (Job.java:monitorAndPrintJob(1391)) - Counters: 33
	File System Counters
		FILE: Number of bytes read=81264
		FILE: Number of bytes written=2110613
		FILE: Number of read operations=0
		FILE: Number of large read operations=0
		FILE: Number of write operations=0
	Map-Reduce Framework
		Map input records=10
		Map output records=28
		Map output bytes=768
		Map output materialized bytes=830
		Input split bytes=274
		Combine input records=0
		Combine output records=0
		Reduce input groups=10
		Reduce shuffle bytes=830
		Reduce input records=28
		Reduce output records=10
		Spilled Records=56
		Shuffled Maps =1
		Failed Shuffles=0
		Merged Map outputs=1
		GC time elapsed (ms)=106
		CPU time spent (ms)=0
		Physical memory (bytes) snapshot=0
		Virtual memory (bytes) snapshot=0
		Total committed heap usage (bytes)=2010120192
	Shuffle Errors
		BAD_ID=0
		CONNECTION=0
		IO_ERROR=0
		WRONG_LENGTH=0
		WRONG_MAP=0
		WRONG_REDUCE=0
	File Input Format Counters 
		Bytes Read=0
	File Output Format Counters 
		Bytes Written=623
2017-10-15 22:29:30,724 INFO  [main] jvm.JvmMetrics (JvmMetrics.java:init(71)) - Cannot initialize JVM Metrics with processName=JobTracker, sessionId= - already initialized
2017-10-15 22:29:30,747 INFO  [main] input.FileInputFormat (FileInputFormat.java:listStatus(281)) - Total input paths to process : 1
2017-10-15 22:29:30,766 INFO  [main] mapreduce.JobSubmitter (JobSubmitter.java:submitJobInternal(494)) - number of splits:1
2017-10-15 22:29:30,778 INFO  [main] mapreduce.JobSubmitter (JobSubmitter.java:printTokens(583)) - Submitting tokens for job: job_local1200296650_0005
2017-10-15 22:29:30,864 INFO  [main] mapreduce.Job (Job.java:submit(1300)) - The url to track the job: http://localhost:8080/
2017-10-15 22:29:30,864 INFO  [main] mapreduce.Job (Job.java:monitorAndPrintJob(1345)) - Running job: job_local1200296650_0005
2017-10-15 22:29:30,865 INFO  [Thread-97] mapred.LocalJobRunner (LocalJobRunner.java:createOutputCommitter(471)) - OutputCommitter set in config null
2017-10-15 22:29:30,865 INFO  [Thread-97] mapred.LocalJobRunner (LocalJobRunner.java:createOutputCommitter(489)) - OutputCommitter is org.apache.hadoop.mapreduce.lib.output.FileOutputCommitter
2017-10-15 22:29:30,870 INFO  [Thread-97] mapred.LocalJobRunner (LocalJobRunner.java:runTasks(448)) - Waiting for map tasks
2017-10-15 22:29:30,871 INFO  [LocalJobRunner Map Task Executor #0] mapred.LocalJobRunner (LocalJobRunner.java:run(224)) - Starting task: attempt_local1200296650_0005_m_000000_0
2017-10-15 22:29:30,873 INFO  [LocalJobRunner Map Task Executor #0] mapred.Task (Task.java:initialize(587)) -  Using ResourceCalculatorProcessTree : [ ]
2017-10-15 22:29:30,874 INFO  [LocalJobRunner Map Task Executor #0] mapred.MapTask (MapTask.java:runNewMapper(753)) - Processing split: file:/home/sattri/project2/intermediate/f3/part-r-00000:0+607
2017-10-15 22:29:31,046 INFO  [LocalJobRunner Map Task Executor #0] mapred.MapTask (MapTask.java:setEquator(1202)) - (EQUATOR) 0 kvi 26214396(104857584)
2017-10-15 22:29:31,046 INFO  [LocalJobRunner Map Task Executor #0] mapred.MapTask (MapTask.java:init(995)) - mapreduce.task.io.sort.mb: 100
2017-10-15 22:29:31,046 INFO  [LocalJobRunner Map Task Executor #0] mapred.MapTask (MapTask.java:init(996)) - soft limit at 83886080
2017-10-15 22:29:31,046 INFO  [LocalJobRunner Map Task Executor #0] mapred.MapTask (MapTask.java:init(997)) - bufstart = 0; bufvoid = 104857600
2017-10-15 22:29:31,046 INFO  [LocalJobRunner Map Task Executor #0] mapred.MapTask (MapTask.java:init(998)) - kvstart = 26214396; length = 6553600
2017-10-15 22:29:31,047 INFO  [LocalJobRunner Map Task Executor #0] mapred.MapTask (MapTask.java:createSortingCollector(402)) - Map output collector class = org.apache.hadoop.mapred.MapTask$MapOutputBuffer
2017-10-15 22:29:31,052 INFO  [LocalJobRunner Map Task Executor #0] mapred.LocalJobRunner (LocalJobRunner.java:statusUpdate(591)) - 
2017-10-15 22:29:31,053 INFO  [LocalJobRunner Map Task Executor #0] mapred.MapTask (MapTask.java:flush(1457)) - Starting flush of map output
2017-10-15 22:29:31,053 INFO  [LocalJobRunner Map Task Executor #0] mapred.MapTask (MapTask.java:flush(1475)) - Spilling map output
2017-10-15 22:29:31,053 INFO  [LocalJobRunner Map Task Executor #0] mapred.MapTask (MapTask.java:flush(1476)) - bufstart = 0; bufend = 768; bufvoid = 104857600
2017-10-15 22:29:31,053 INFO  [LocalJobRunner Map Task Executor #0] mapred.MapTask (MapTask.java:flush(1478)) - kvstart = 26214396(104857584); kvend = 26214288(104857152); length = 109/6553600
2017-10-15 22:29:31,054 INFO  [LocalJobRunner Map Task Executor #0] mapred.MapTask (MapTask.java:sortAndSpill(1660)) - Finished spill 0
2017-10-15 22:29:31,062 INFO  [LocalJobRunner Map Task Executor #0] mapred.Task (Task.java:done(1001)) - Task:attempt_local1200296650_0005_m_000000_0 is done. And is in the process of committing
2017-10-15 22:29:31,067 INFO  [LocalJobRunner Map Task Executor #0] mapred.LocalJobRunner (LocalJobRunner.java:statusUpdate(591)) - map
2017-10-15 22:29:31,067 INFO  [LocalJobRunner Map Task Executor #0] mapred.Task (Task.java:sendDone(1121)) - Task 'attempt_local1200296650_0005_m_000000_0' done.
2017-10-15 22:29:31,067 INFO  [LocalJobRunner Map Task Executor #0] mapred.LocalJobRunner (LocalJobRunner.java:run(249)) - Finishing task: attempt_local1200296650_0005_m_000000_0
2017-10-15 22:29:31,071 INFO  [Thread-97] mapred.LocalJobRunner (LocalJobRunner.java:runTasks(456)) - map task executor complete.
2017-10-15 22:29:31,071 INFO  [Thread-97] mapred.LocalJobRunner (LocalJobRunner.java:runTasks(448)) - Waiting for reduce tasks
2017-10-15 22:29:31,077 INFO  [pool-14-thread-1] mapred.LocalJobRunner (LocalJobRunner.java:run(302)) - Starting task: attempt_local1200296650_0005_r_000000_0
2017-10-15 22:29:31,079 INFO  [pool-14-thread-1] mapred.Task (Task.java:initialize(587)) -  Using ResourceCalculatorProcessTree : [ ]
2017-10-15 22:29:31,079 INFO  [pool-14-thread-1] mapred.ReduceTask (ReduceTask.java:run(362)) - Using ShuffleConsumerPlugin: org.apache.hadoop.mapreduce.task.reduce.Shuffle@1dc2c8e6
2017-10-15 22:29:31,080 INFO  [pool-14-thread-1] reduce.MergeManagerImpl (MergeManagerImpl.java:<init>(196)) - MergerManager: memoryLimit=703542080, maxSingleShuffleLimit=175885520, mergeThreshold=464337792, ioSortFactor=10, memToMemMergeOutputsThreshold=10
2017-10-15 22:29:31,082 INFO  [EventFetcher for fetching Map Completion Events] reduce.EventFetcher (EventFetcher.java:run(61)) - attempt_local1200296650_0005_r_000000_0 Thread started: EventFetcher for fetching Map Completion Events
2017-10-15 22:29:31,083 INFO  [localfetcher#4] reduce.LocalFetcher (LocalFetcher.java:copyMapOutput(141)) - localfetcher#4 about to shuffle output of map attempt_local1200296650_0005_m_000000_0 decomp: 826 len: 830 to MEMORY
2017-10-15 22:29:31,083 INFO  [localfetcher#4] reduce.InMemoryMapOutput (InMemoryMapOutput.java:shuffle(100)) - Read 826 bytes from map-output for attempt_local1200296650_0005_m_000000_0
2017-10-15 22:29:31,084 INFO  [localfetcher#4] reduce.MergeManagerImpl (MergeManagerImpl.java:closeInMemoryFile(314)) - closeInMemoryFile -> map-output of size: 826, inMemoryMapOutputs.size() -> 1, commitMemory -> 0, usedMemory ->826
2017-10-15 22:29:31,084 INFO  [EventFetcher for fetching Map Completion Events] reduce.EventFetcher (EventFetcher.java:run(76)) - EventFetcher is interrupted.. Returning
2017-10-15 22:29:31,085 INFO  [pool-14-thread-1] mapred.LocalJobRunner (LocalJobRunner.java:statusUpdate(591)) - 1 / 1 copied.
2017-10-15 22:29:31,085 INFO  [pool-14-thread-1] reduce.MergeManagerImpl (MergeManagerImpl.java:finalMerge(674)) - finalMerge called with 1 in-memory map-outputs and 0 on-disk map-outputs
2017-10-15 22:29:31,085 INFO  [pool-14-thread-1] mapred.Merger (Merger.java:merge(597)) - Merging 1 sorted segments
2017-10-15 22:29:31,085 INFO  [pool-14-thread-1] mapred.Merger (Merger.java:merge(696)) - Down to the last merge-pass, with 1 segments left of total size: 816 bytes
2017-10-15 22:29:31,088 INFO  [pool-14-thread-1] reduce.MergeManagerImpl (MergeManagerImpl.java:finalMerge(751)) - Merged 1 segments, 826 bytes to disk to satisfy reduce memory limit
2017-10-15 22:29:31,088 INFO  [pool-14-thread-1] reduce.MergeManagerImpl (MergeManagerImpl.java:finalMerge(781)) - Merging 1 files, 830 bytes from disk
2017-10-15 22:29:31,088 INFO  [pool-14-thread-1] reduce.MergeManagerImpl (MergeManagerImpl.java:finalMerge(796)) - Merging 0 segments, 0 bytes from memory into reduce
2017-10-15 22:29:31,088 INFO  [pool-14-thread-1] mapred.Merger (Merger.java:merge(597)) - Merging 1 sorted segments
2017-10-15 22:29:31,088 INFO  [pool-14-thread-1] mapred.Merger (Merger.java:merge(696)) - Down to the last merge-pass, with 1 segments left of total size: 816 bytes
2017-10-15 22:29:31,088 INFO  [pool-14-thread-1] mapred.LocalJobRunner (LocalJobRunner.java:statusUpdate(591)) - 1 / 1 copied.
2017-10-15 22:29:31,113 INFO  [pool-14-thread-1] mapred.Task (Task.java:done(1001)) - Task:attempt_local1200296650_0005_r_000000_0 is done. And is in the process of committing
2017-10-15 22:29:31,114 INFO  [pool-14-thread-1] mapred.LocalJobRunner (LocalJobRunner.java:statusUpdate(591)) - 1 / 1 copied.
2017-10-15 22:29:31,114 INFO  [pool-14-thread-1] mapred.Task (Task.java:commit(1162)) - Task attempt_local1200296650_0005_r_000000_0 is allowed to commit now
2017-10-15 22:29:31,117 INFO  [pool-14-thread-1] output.FileOutputCommitter (FileOutputCommitter.java:commitTask(439)) - Saved output of task 'attempt_local1200296650_0005_r_000000_0' to file:/home/sattri/project2/intermediate/f4/_temporary/0/task_local1200296650_0005_r_000000
2017-10-15 22:29:31,117 INFO  [pool-14-thread-1] mapred.LocalJobRunner (LocalJobRunner.java:statusUpdate(591)) - reduce > reduce
2017-10-15 22:29:31,117 INFO  [pool-14-thread-1] mapred.Task (Task.java:sendDone(1121)) - Task 'attempt_local1200296650_0005_r_000000_0' done.
2017-10-15 22:29:31,117 INFO  [pool-14-thread-1] mapred.LocalJobRunner (LocalJobRunner.java:run(325)) - Finishing task: attempt_local1200296650_0005_r_000000_0
2017-10-15 22:29:31,117 INFO  [Thread-97] mapred.LocalJobRunner (LocalJobRunner.java:runTasks(456)) - reduce task executor complete.
2017-10-15 22:29:31,864 INFO  [main] mapreduce.Job (Job.java:monitorAndPrintJob(1366)) - Job job_local1200296650_0005 running in uber mode : false
2017-10-15 22:29:31,864 INFO  [main] mapreduce.Job (Job.java:monitorAndPrintJob(1373)) -  map 100% reduce 100%
2017-10-15 22:29:31,865 INFO  [main] mapreduce.Job (Job.java:monitorAndPrintJob(1384)) - Job job_local1200296650_0005 completed successfully
2017-10-15 22:29:31,866 INFO  [main] mapreduce.Job (Job.java:monitorAndPrintJob(1391)) - Counters: 33
	File System Counters
		FILE: Number of bytes read=103144
		FILE: Number of bytes written=2640553
		FILE: Number of read operations=0
		FILE: Number of large read operations=0
		FILE: Number of write operations=0
	Map-Reduce Framework
		Map input records=10
		Map output records=28
		Map output bytes=768
		Map output materialized bytes=830
		Input split bytes=274
		Combine input records=0
		Combine output records=0
		Reduce input groups=10
		Reduce shuffle bytes=830
		Reduce input records=28
		Reduce output records=10
		Spilled Records=56
		Shuffled Maps =1
		Failed Shuffles=0
		Merged Map outputs=1
		GC time elapsed (ms)=142
		CPU time spent (ms)=0
		Physical memory (bytes) snapshot=0
		Virtual memory (bytes) snapshot=0
		Total committed heap usage (bytes)=2010120192
	Shuffle Errors
		BAD_ID=0
		CONNECTION=0
		IO_ERROR=0
		WRONG_LENGTH=0
		WRONG_MAP=0
		WRONG_REDUCE=0
	File Input Format Counters 
		Bytes Read=0
	File Output Format Counters 
		Bytes Written=623
2017-10-15 22:29:31,882 INFO  [main] jvm.JvmMetrics (JvmMetrics.java:init(71)) - Cannot initialize JVM Metrics with processName=JobTracker, sessionId= - already initialized
2017-10-15 22:29:31,906 INFO  [main] input.FileInputFormat (FileInputFormat.java:listStatus(281)) - Total input paths to process : 1
2017-10-15 22:29:31,916 INFO  [main] mapreduce.JobSubmitter (JobSubmitter.java:submitJobInternal(494)) - number of splits:1
2017-10-15 22:29:31,926 INFO  [main] mapreduce.JobSubmitter (JobSubmitter.java:printTokens(583)) - Submitting tokens for job: job_local106379401_0006
2017-10-15 22:29:32,041 INFO  [main] mapreduce.Job (Job.java:submit(1300)) - The url to track the job: http://localhost:8080/
2017-10-15 22:29:32,041 INFO  [main] mapreduce.Job (Job.java:monitorAndPrintJob(1345)) - Running job: job_local106379401_0006
2017-10-15 22:29:32,041 INFO  [Thread-119] mapred.LocalJobRunner (LocalJobRunner.java:createOutputCommitter(471)) - OutputCommitter set in config null
2017-10-15 22:29:32,042 INFO  [Thread-119] mapred.LocalJobRunner (LocalJobRunner.java:createOutputCommitter(489)) - OutputCommitter is org.apache.hadoop.mapreduce.lib.output.FileOutputCommitter
2017-10-15 22:29:32,057 INFO  [Thread-119] mapred.LocalJobRunner (LocalJobRunner.java:runTasks(448)) - Waiting for map tasks
2017-10-15 22:29:32,057 INFO  [LocalJobRunner Map Task Executor #0] mapred.LocalJobRunner (LocalJobRunner.java:run(224)) - Starting task: attempt_local106379401_0006_m_000000_0
2017-10-15 22:29:32,068 INFO  [LocalJobRunner Map Task Executor #0] mapred.Task (Task.java:initialize(587)) -  Using ResourceCalculatorProcessTree : [ ]
2017-10-15 22:29:32,068 INFO  [LocalJobRunner Map Task Executor #0] mapred.MapTask (MapTask.java:runNewMapper(753)) - Processing split: file:/home/sattri/project2/intermediate/f4/part-r-00000:0+607
2017-10-15 22:29:32,208 INFO  [LocalJobRunner Map Task Executor #0] mapred.MapTask (MapTask.java:setEquator(1202)) - (EQUATOR) 0 kvi 26214396(104857584)
2017-10-15 22:29:32,208 INFO  [LocalJobRunner Map Task Executor #0] mapred.MapTask (MapTask.java:init(995)) - mapreduce.task.io.sort.mb: 100
2017-10-15 22:29:32,208 INFO  [LocalJobRunner Map Task Executor #0] mapred.MapTask (MapTask.java:init(996)) - soft limit at 83886080
2017-10-15 22:29:32,208 INFO  [LocalJobRunner Map Task Executor #0] mapred.MapTask (MapTask.java:init(997)) - bufstart = 0; bufvoid = 104857600
2017-10-15 22:29:32,208 INFO  [LocalJobRunner Map Task Executor #0] mapred.MapTask (MapTask.java:init(998)) - kvstart = 26214396; length = 6553600
2017-10-15 22:29:32,217 INFO  [LocalJobRunner Map Task Executor #0] mapred.MapTask (MapTask.java:createSortingCollector(402)) - Map output collector class = org.apache.hadoop.mapred.MapTask$MapOutputBuffer
2017-10-15 22:29:32,221 INFO  [LocalJobRunner Map Task Executor #0] mapred.LocalJobRunner (LocalJobRunner.java:statusUpdate(591)) - 
2017-10-15 22:29:32,223 INFO  [LocalJobRunner Map Task Executor #0] mapred.MapTask (MapTask.java:flush(1457)) - Starting flush of map output
2017-10-15 22:29:32,223 INFO  [LocalJobRunner Map Task Executor #0] mapred.MapTask (MapTask.java:flush(1475)) - Spilling map output
2017-10-15 22:29:32,223 INFO  [LocalJobRunner Map Task Executor #0] mapred.MapTask (MapTask.java:flush(1476)) - bufstart = 0; bufend = 768; bufvoid = 104857600
2017-10-15 22:29:32,223 INFO  [LocalJobRunner Map Task Executor #0] mapred.MapTask (MapTask.java:flush(1478)) - kvstart = 26214396(104857584); kvend = 26214288(104857152); length = 109/6553600
2017-10-15 22:29:32,224 INFO  [LocalJobRunner Map Task Executor #0] mapred.MapTask (MapTask.java:sortAndSpill(1660)) - Finished spill 0
2017-10-15 22:29:32,224 INFO  [LocalJobRunner Map Task Executor #0] mapred.Task (Task.java:done(1001)) - Task:attempt_local106379401_0006_m_000000_0 is done. And is in the process of committing
2017-10-15 22:29:32,227 INFO  [LocalJobRunner Map Task Executor #0] mapred.LocalJobRunner (LocalJobRunner.java:statusUpdate(591)) - map
2017-10-15 22:29:32,227 INFO  [LocalJobRunner Map Task Executor #0] mapred.Task (Task.java:sendDone(1121)) - Task 'attempt_local106379401_0006_m_000000_0' done.
2017-10-15 22:29:32,227 INFO  [LocalJobRunner Map Task Executor #0] mapred.LocalJobRunner (LocalJobRunner.java:run(249)) - Finishing task: attempt_local106379401_0006_m_000000_0
2017-10-15 22:29:32,227 INFO  [Thread-119] mapred.LocalJobRunner (LocalJobRunner.java:runTasks(456)) - map task executor complete.
2017-10-15 22:29:32,227 INFO  [Thread-119] mapred.LocalJobRunner (LocalJobRunner.java:runTasks(448)) - Waiting for reduce tasks
2017-10-15 22:29:32,234 INFO  [pool-17-thread-1] mapred.LocalJobRunner (LocalJobRunner.java:run(302)) - Starting task: attempt_local106379401_0006_r_000000_0
2017-10-15 22:29:32,237 INFO  [pool-17-thread-1] mapred.Task (Task.java:initialize(587)) -  Using ResourceCalculatorProcessTree : [ ]
2017-10-15 22:29:32,237 INFO  [pool-17-thread-1] mapred.ReduceTask (ReduceTask.java:run(362)) - Using ShuffleConsumerPlugin: org.apache.hadoop.mapreduce.task.reduce.Shuffle@3e036a37
2017-10-15 22:29:32,237 INFO  [pool-17-thread-1] reduce.MergeManagerImpl (MergeManagerImpl.java:<init>(196)) - MergerManager: memoryLimit=677117952, maxSingleShuffleLimit=169279488, mergeThreshold=446897856, ioSortFactor=10, memToMemMergeOutputsThreshold=10
2017-10-15 22:29:32,238 INFO  [EventFetcher for fetching Map Completion Events] reduce.EventFetcher (EventFetcher.java:run(61)) - attempt_local106379401_0006_r_000000_0 Thread started: EventFetcher for fetching Map Completion Events
2017-10-15 22:29:32,239 INFO  [localfetcher#5] reduce.LocalFetcher (LocalFetcher.java:copyMapOutput(141)) - localfetcher#5 about to shuffle output of map attempt_local106379401_0006_m_000000_0 decomp: 826 len: 830 to MEMORY
2017-10-15 22:29:32,239 INFO  [localfetcher#5] reduce.InMemoryMapOutput (InMemoryMapOutput.java:shuffle(100)) - Read 826 bytes from map-output for attempt_local106379401_0006_m_000000_0
2017-10-15 22:29:32,239 INFO  [localfetcher#5] reduce.MergeManagerImpl (MergeManagerImpl.java:closeInMemoryFile(314)) - closeInMemoryFile -> map-output of size: 826, inMemoryMapOutputs.size() -> 1, commitMemory -> 0, usedMemory ->826
2017-10-15 22:29:32,240 INFO  [EventFetcher for fetching Map Completion Events] reduce.EventFetcher (EventFetcher.java:run(76)) - EventFetcher is interrupted.. Returning
2017-10-15 22:29:32,240 INFO  [pool-17-thread-1] mapred.LocalJobRunner (LocalJobRunner.java:statusUpdate(591)) - 1 / 1 copied.
2017-10-15 22:29:32,240 INFO  [pool-17-thread-1] reduce.MergeManagerImpl (MergeManagerImpl.java:finalMerge(674)) - finalMerge called with 1 in-memory map-outputs and 0 on-disk map-outputs
2017-10-15 22:29:32,241 INFO  [pool-17-thread-1] mapred.Merger (Merger.java:merge(597)) - Merging 1 sorted segments
2017-10-15 22:29:32,241 INFO  [pool-17-thread-1] mapred.Merger (Merger.java:merge(696)) - Down to the last merge-pass, with 1 segments left of total size: 816 bytes
2017-10-15 22:29:32,247 INFO  [pool-17-thread-1] reduce.MergeManagerImpl (MergeManagerImpl.java:finalMerge(751)) - Merged 1 segments, 826 bytes to disk to satisfy reduce memory limit
2017-10-15 22:29:32,247 INFO  [pool-17-thread-1] reduce.MergeManagerImpl (MergeManagerImpl.java:finalMerge(781)) - Merging 1 files, 830 bytes from disk
2017-10-15 22:29:32,247 INFO  [pool-17-thread-1] reduce.MergeManagerImpl (MergeManagerImpl.java:finalMerge(796)) - Merging 0 segments, 0 bytes from memory into reduce
2017-10-15 22:29:32,247 INFO  [pool-17-thread-1] mapred.Merger (Merger.java:merge(597)) - Merging 1 sorted segments
2017-10-15 22:29:32,247 INFO  [pool-17-thread-1] mapred.Merger (Merger.java:merge(696)) - Down to the last merge-pass, with 1 segments left of total size: 816 bytes
2017-10-15 22:29:32,248 INFO  [pool-17-thread-1] mapred.LocalJobRunner (LocalJobRunner.java:statusUpdate(591)) - 1 / 1 copied.
2017-10-15 22:29:32,259 INFO  [pool-17-thread-1] mapred.Task (Task.java:done(1001)) - Task:attempt_local106379401_0006_r_000000_0 is done. And is in the process of committing
2017-10-15 22:29:32,260 INFO  [pool-17-thread-1] mapred.LocalJobRunner (LocalJobRunner.java:statusUpdate(591)) - 1 / 1 copied.
2017-10-15 22:29:32,260 INFO  [pool-17-thread-1] mapred.Task (Task.java:commit(1162)) - Task attempt_local106379401_0006_r_000000_0 is allowed to commit now
2017-10-15 22:29:32,262 INFO  [pool-17-thread-1] output.FileOutputCommitter (FileOutputCommitter.java:commitTask(439)) - Saved output of task 'attempt_local106379401_0006_r_000000_0' to file:/home/sattri/project2/intermediate/f5/_temporary/0/task_local106379401_0006_r_000000
2017-10-15 22:29:32,263 INFO  [pool-17-thread-1] mapred.LocalJobRunner (LocalJobRunner.java:statusUpdate(591)) - reduce > reduce
2017-10-15 22:29:32,263 INFO  [pool-17-thread-1] mapred.Task (Task.java:sendDone(1121)) - Task 'attempt_local106379401_0006_r_000000_0' done.
2017-10-15 22:29:32,263 INFO  [pool-17-thread-1] mapred.LocalJobRunner (LocalJobRunner.java:run(325)) - Finishing task: attempt_local106379401_0006_r_000000_0
2017-10-15 22:29:32,263 INFO  [Thread-119] mapred.LocalJobRunner (LocalJobRunner.java:runTasks(456)) - reduce task executor complete.
2017-10-15 22:29:33,041 INFO  [main] mapreduce.Job (Job.java:monitorAndPrintJob(1366)) - Job job_local106379401_0006 running in uber mode : false
2017-10-15 22:29:33,042 INFO  [main] mapreduce.Job (Job.java:monitorAndPrintJob(1373)) -  map 100% reduce 100%
2017-10-15 22:29:33,042 INFO  [main] mapreduce.Job (Job.java:monitorAndPrintJob(1384)) - Job job_local106379401_0006 completed successfully
2017-10-15 22:29:33,048 INFO  [main] mapreduce.Job (Job.java:monitorAndPrintJob(1391)) - Counters: 33
	File System Counters
		FILE: Number of bytes read=125024
		FILE: Number of bytes written=3167777
		FILE: Number of read operations=0
		FILE: Number of large read operations=0
		FILE: Number of write operations=0
	Map-Reduce Framework
		Map input records=10
		Map output records=28
		Map output bytes=768
		Map output materialized bytes=830
		Input split bytes=274
		Combine input records=0
		Combine output records=0
		Reduce input groups=10
		Reduce shuffle bytes=830
		Reduce input records=28
		Reduce output records=10
		Spilled Records=56
		Shuffled Maps =1
		Failed Shuffles=0
		Merged Map outputs=1
		GC time elapsed (ms)=100
		CPU time spent (ms)=0
		Physical memory (bytes) snapshot=0
		Virtual memory (bytes) snapshot=0
		Total committed heap usage (bytes)=1934622720
	Shuffle Errors
		BAD_ID=0
		CONNECTION=0
		IO_ERROR=0
		WRONG_LENGTH=0
		WRONG_MAP=0
		WRONG_REDUCE=0
	File Input Format Counters 
		Bytes Read=0
	File Output Format Counters 
		Bytes Written=623
2017-10-15 22:29:33,066 INFO  [main] jvm.JvmMetrics (JvmMetrics.java:init(71)) - Cannot initialize JVM Metrics with processName=JobTracker, sessionId= - already initialized
2017-10-15 22:29:33,083 INFO  [main] input.FileInputFormat (FileInputFormat.java:listStatus(281)) - Total input paths to process : 1
2017-10-15 22:29:33,093 INFO  [main] mapreduce.JobSubmitter (JobSubmitter.java:submitJobInternal(494)) - number of splits:1
2017-10-15 22:29:33,103 INFO  [main] mapreduce.JobSubmitter (JobSubmitter.java:printTokens(583)) - Submitting tokens for job: job_local766628916_0007
2017-10-15 22:29:33,189 INFO  [main] mapreduce.Job (Job.java:submit(1300)) - The url to track the job: http://localhost:8080/
2017-10-15 22:29:33,189 INFO  [main] mapreduce.Job (Job.java:monitorAndPrintJob(1345)) - Running job: job_local766628916_0007
2017-10-15 22:29:33,189 INFO  [Thread-141] mapred.LocalJobRunner (LocalJobRunner.java:createOutputCommitter(471)) - OutputCommitter set in config null
2017-10-15 22:29:33,191 INFO  [Thread-141] mapred.LocalJobRunner (LocalJobRunner.java:createOutputCommitter(489)) - OutputCommitter is org.apache.hadoop.mapreduce.lib.output.FileOutputCommitter
2017-10-15 22:29:33,195 INFO  [Thread-141] mapred.LocalJobRunner (LocalJobRunner.java:runTasks(448)) - Waiting for map tasks
2017-10-15 22:29:33,195 INFO  [LocalJobRunner Map Task Executor #0] mapred.LocalJobRunner (LocalJobRunner.java:run(224)) - Starting task: attempt_local766628916_0007_m_000000_0
2017-10-15 22:29:33,196 INFO  [LocalJobRunner Map Task Executor #0] mapred.Task (Task.java:initialize(587)) -  Using ResourceCalculatorProcessTree : [ ]
2017-10-15 22:29:33,196 INFO  [LocalJobRunner Map Task Executor #0] mapred.MapTask (MapTask.java:runNewMapper(753)) - Processing split: file:/home/sattri/project2/intermediate/f5/part-r-00000:0+607
2017-10-15 22:29:33,349 INFO  [LocalJobRunner Map Task Executor #0] mapred.MapTask (MapTask.java:setEquator(1202)) - (EQUATOR) 0 kvi 26214396(104857584)
2017-10-15 22:29:33,349 INFO  [LocalJobRunner Map Task Executor #0] mapred.MapTask (MapTask.java:init(995)) - mapreduce.task.io.sort.mb: 100
2017-10-15 22:29:33,349 INFO  [LocalJobRunner Map Task Executor #0] mapred.MapTask (MapTask.java:init(996)) - soft limit at 83886080
2017-10-15 22:29:33,349 INFO  [LocalJobRunner Map Task Executor #0] mapred.MapTask (MapTask.java:init(997)) - bufstart = 0; bufvoid = 104857600
2017-10-15 22:29:33,349 INFO  [LocalJobRunner Map Task Executor #0] mapred.MapTask (MapTask.java:init(998)) - kvstart = 26214396; length = 6553600
2017-10-15 22:29:33,350 INFO  [LocalJobRunner Map Task Executor #0] mapred.MapTask (MapTask.java:createSortingCollector(402)) - Map output collector class = org.apache.hadoop.mapred.MapTask$MapOutputBuffer
2017-10-15 22:29:33,353 INFO  [LocalJobRunner Map Task Executor #0] mapred.LocalJobRunner (LocalJobRunner.java:statusUpdate(591)) - 
2017-10-15 22:29:33,354 INFO  [LocalJobRunner Map Task Executor #0] mapred.MapTask (MapTask.java:flush(1457)) - Starting flush of map output
2017-10-15 22:29:33,354 INFO  [LocalJobRunner Map Task Executor #0] mapred.MapTask (MapTask.java:flush(1475)) - Spilling map output
2017-10-15 22:29:33,354 INFO  [LocalJobRunner Map Task Executor #0] mapred.MapTask (MapTask.java:flush(1476)) - bufstart = 0; bufend = 120; bufvoid = 104857600
2017-10-15 22:29:33,354 INFO  [LocalJobRunner Map Task Executor #0] mapred.MapTask (MapTask.java:flush(1478)) - kvstart = 26214396(104857584); kvend = 26214360(104857440); length = 37/6553600
2017-10-15 22:29:33,355 INFO  [LocalJobRunner Map Task Executor #0] mapred.MapTask (MapTask.java:sortAndSpill(1660)) - Finished spill 0
2017-10-15 22:29:33,366 INFO  [LocalJobRunner Map Task Executor #0] mapred.Task (Task.java:done(1001)) - Task:attempt_local766628916_0007_m_000000_0 is done. And is in the process of committing
2017-10-15 22:29:33,368 INFO  [LocalJobRunner Map Task Executor #0] mapred.LocalJobRunner (LocalJobRunner.java:statusUpdate(591)) - map
2017-10-15 22:29:33,368 INFO  [LocalJobRunner Map Task Executor #0] mapred.Task (Task.java:sendDone(1121)) - Task 'attempt_local766628916_0007_m_000000_0' done.
2017-10-15 22:29:33,368 INFO  [LocalJobRunner Map Task Executor #0] mapred.LocalJobRunner (LocalJobRunner.java:run(249)) - Finishing task: attempt_local766628916_0007_m_000000_0
2017-10-15 22:29:33,372 INFO  [Thread-141] mapred.LocalJobRunner (LocalJobRunner.java:runTasks(456)) - map task executor complete.
2017-10-15 22:29:33,372 INFO  [Thread-141] mapred.LocalJobRunner (LocalJobRunner.java:runTasks(448)) - Waiting for reduce tasks
2017-10-15 22:29:33,379 INFO  [pool-20-thread-1] mapred.LocalJobRunner (LocalJobRunner.java:run(302)) - Starting task: attempt_local766628916_0007_r_000000_0
2017-10-15 22:29:33,380 INFO  [pool-20-thread-1] mapred.Task (Task.java:initialize(587)) -  Using ResourceCalculatorProcessTree : [ ]
2017-10-15 22:29:33,380 INFO  [pool-20-thread-1] mapred.ReduceTask (ReduceTask.java:run(362)) - Using ShuffleConsumerPlugin: org.apache.hadoop.mapreduce.task.reduce.Shuffle@d1fbf1e
2017-10-15 22:29:33,382 INFO  [pool-20-thread-1] reduce.MergeManagerImpl (MergeManagerImpl.java:<init>(196)) - MergerManager: memoryLimit=694734016, maxSingleShuffleLimit=173683504, mergeThreshold=458524480, ioSortFactor=10, memToMemMergeOutputsThreshold=10
2017-10-15 22:29:33,382 INFO  [EventFetcher for fetching Map Completion Events] reduce.EventFetcher (EventFetcher.java:run(61)) - attempt_local766628916_0007_r_000000_0 Thread started: EventFetcher for fetching Map Completion Events
2017-10-15 22:29:33,383 INFO  [localfetcher#6] reduce.LocalFetcher (LocalFetcher.java:copyMapOutput(141)) - localfetcher#6 about to shuffle output of map attempt_local766628916_0007_m_000000_0 decomp: 142 len: 146 to MEMORY
2017-10-15 22:29:33,383 INFO  [localfetcher#6] reduce.InMemoryMapOutput (InMemoryMapOutput.java:shuffle(100)) - Read 142 bytes from map-output for attempt_local766628916_0007_m_000000_0
2017-10-15 22:29:33,383 INFO  [localfetcher#6] reduce.MergeManagerImpl (MergeManagerImpl.java:closeInMemoryFile(314)) - closeInMemoryFile -> map-output of size: 142, inMemoryMapOutputs.size() -> 1, commitMemory -> 0, usedMemory ->142
2017-10-15 22:29:33,383 INFO  [EventFetcher for fetching Map Completion Events] reduce.EventFetcher (EventFetcher.java:run(76)) - EventFetcher is interrupted.. Returning
2017-10-15 22:29:33,384 INFO  [pool-20-thread-1] mapred.LocalJobRunner (LocalJobRunner.java:statusUpdate(591)) - 1 / 1 copied.
2017-10-15 22:29:33,384 INFO  [pool-20-thread-1] reduce.MergeManagerImpl (MergeManagerImpl.java:finalMerge(674)) - finalMerge called with 1 in-memory map-outputs and 0 on-disk map-outputs
2017-10-15 22:29:33,385 INFO  [pool-20-thread-1] mapred.Merger (Merger.java:merge(597)) - Merging 1 sorted segments
2017-10-15 22:29:33,385 INFO  [pool-20-thread-1] mapred.Merger (Merger.java:merge(696)) - Down to the last merge-pass, with 1 segments left of total size: 132 bytes
2017-10-15 22:29:33,385 INFO  [pool-20-thread-1] reduce.MergeManagerImpl (MergeManagerImpl.java:finalMerge(751)) - Merged 1 segments, 142 bytes to disk to satisfy reduce memory limit
2017-10-15 22:29:33,386 INFO  [pool-20-thread-1] reduce.MergeManagerImpl (MergeManagerImpl.java:finalMerge(781)) - Merging 1 files, 146 bytes from disk
2017-10-15 22:29:33,386 INFO  [pool-20-thread-1] reduce.MergeManagerImpl (MergeManagerImpl.java:finalMerge(796)) - Merging 0 segments, 0 bytes from memory into reduce
2017-10-15 22:29:33,386 INFO  [pool-20-thread-1] mapred.Merger (Merger.java:merge(597)) - Merging 1 sorted segments
2017-10-15 22:29:33,386 INFO  [pool-20-thread-1] mapred.Merger (Merger.java:merge(696)) - Down to the last merge-pass, with 1 segments left of total size: 132 bytes
2017-10-15 22:29:33,386 INFO  [pool-20-thread-1] mapred.LocalJobRunner (LocalJobRunner.java:statusUpdate(591)) - 1 / 1 copied.
2017-10-15 22:29:33,395 INFO  [pool-20-thread-1] mapred.Task (Task.java:done(1001)) - Task:attempt_local766628916_0007_r_000000_0 is done. And is in the process of committing
2017-10-15 22:29:33,396 INFO  [pool-20-thread-1] mapred.LocalJobRunner (LocalJobRunner.java:statusUpdate(591)) - 1 / 1 copied.
2017-10-15 22:29:33,396 INFO  [pool-20-thread-1] mapred.Task (Task.java:commit(1162)) - Task attempt_local766628916_0007_r_000000_0 is allowed to commit now
2017-10-15 22:29:33,404 INFO  [pool-20-thread-1] output.FileOutputCommitter (FileOutputCommitter.java:commitTask(439)) - Saved output of task 'attempt_local766628916_0007_r_000000_0' to file:/home/sattri/project2/output/_temporary/0/task_local766628916_0007_r_000000
2017-10-15 22:29:33,404 INFO  [pool-20-thread-1] mapred.LocalJobRunner (LocalJobRunner.java:statusUpdate(591)) - reduce > reduce
2017-10-15 22:29:33,404 INFO  [pool-20-thread-1] mapred.Task (Task.java:sendDone(1121)) - Task 'attempt_local766628916_0007_r_000000_0' done.
2017-10-15 22:29:33,404 INFO  [pool-20-thread-1] mapred.LocalJobRunner (LocalJobRunner.java:run(325)) - Finishing task: attempt_local766628916_0007_r_000000_0
2017-10-15 22:29:33,404 INFO  [Thread-141] mapred.LocalJobRunner (LocalJobRunner.java:runTasks(456)) - reduce task executor complete.
2017-10-15 22:29:34,189 INFO  [main] mapreduce.Job (Job.java:monitorAndPrintJob(1366)) - Job job_local766628916_0007 running in uber mode : false
2017-10-15 22:29:34,190 INFO  [main] mapreduce.Job (Job.java:monitorAndPrintJob(1373)) -  map 100% reduce 100%
2017-10-15 22:29:34,190 INFO  [main] mapreduce.Job (Job.java:monitorAndPrintJob(1384)) - Job job_local766628916_0007 completed successfully
2017-10-15 22:29:34,191 INFO  [main] mapreduce.Job (Job.java:monitorAndPrintJob(1391)) - Counters: 33
	File System Counters
		FILE: Number of bytes read=145540
		FILE: Number of bytes written=3692312
		FILE: Number of read operations=0
		FILE: Number of large read operations=0
		FILE: Number of write operations=0
	Map-Reduce Framework
		Map input records=10
		Map output records=10
		Map output bytes=120
		Map output materialized bytes=146
		Input split bytes=276
		Combine input records=0
		Combine output records=0
		Reduce input groups=2
		Reduce shuffle bytes=146
		Reduce input records=10
		Reduce output records=2
		Spilled Records=20
		Shuffled Maps =1
		Failed Shuffles=0
		Merged Map outputs=1
		GC time elapsed (ms)=126
		CPU time spent (ms)=0
		Physical memory (bytes) snapshot=0
		Virtual memory (bytes) snapshot=0
		Total committed heap usage (bytes)=1984954368
	Shuffle Errors
		BAD_ID=0
		CONNECTION=0
		IO_ERROR=0
		WRONG_LENGTH=0
		WRONG_MAP=0
		WRONG_REDUCE=0
	File Input Format Counters 
		Bytes Read=0
	File Output Format Counters 
		Bytes Written=22
