myHadoop: Setting MH_IPOIB_TRANSFORM='s/\([^.]*\).*$/\1.ibnet/' from myhadoop.conf
myHadoop: Setting MH_SCRATCH_DIR=/scratch/$USER/$SLURM_JOBID from myhadoop.conf
myHadoop: Using HADOOP_HOME=/opt/hadoop/2.6.0
myHadoop: Using MH_SCRATCH_DIR=/scratch/sattri/11832001
myHadoop: Using JAVA_HOME=/usr/java/latest
myHadoop: Generating Hadoop configuration in directory in /home/sattri/cometcluster...
myHadoop: Backing up old config dir to /home/sattri/cometcluster.3...
`/home/sattri/cometcluster' -> `/home/sattri/cometcluster.3'
myHadoop: Designating comet-05-10.ibnet as master node (namenode, secondary namenode, and jobtracker)
myHadoop: The following nodes will be slaves (datanode, tasktracer):
comet-05-10.ibnet
comet-05-17.ibnet
comet-05-27.ibnet
17/10/15 22:34:49 INFO namenode.NameNode: STARTUP_MSG: 
/************************************************************
STARTUP_MSG: Starting NameNode
STARTUP_MSG:   host = comet-05-10.sdsc.edu/198.202.114.89
STARTUP_MSG:   args = [-format]
STARTUP_MSG:   version = 2.6.0
STARTUP_MSG:   classpath = /home/sattri/cometcluster:/opt/hadoop/2.6.0/share/hadoop/common/lib/commons-codec-1.4.jar:/opt/hadoop/2.6.0/share/hadoop/common/lib/apacheds-kerberos-codec-2.0.0-M15.jar:/opt/hadoop/2.6.0/share/hadoop/common/lib/httpcore-4.2.5.jar:/opt/hadoop/2.6.0/share/hadoop/common/lib/asm-3.2.jar:/opt/hadoop/2.6.0/share/hadoop/common/lib/jasper-runtime-5.5.23.jar:/opt/hadoop/2.6.0/share/hadoop/common/lib/netty-3.6.2.Final.jar:/opt/hadoop/2.6.0/share/hadoop/common/lib/java-xmlbuilder-0.4.jar:/opt/hadoop/2.6.0/share/hadoop/common/lib/jetty-util-6.1.26.jar:/opt/hadoop/2.6.0/share/hadoop/common/lib/commons-beanutils-1.7.0.jar:/opt/hadoop/2.6.0/share/hadoop/common/lib/curator-recipes-2.6.0.jar:/opt/hadoop/2.6.0/share/hadoop/common/lib/curator-framework-2.6.0.jar:/opt/hadoop/2.6.0/share/hadoop/common/lib/jets3t-0.9.0.jar:/opt/hadoop/2.6.0/share/hadoop/common/lib/jackson-xc-1.9.13.jar:/opt/hadoop/2.6.0/share/hadoop/common/lib/log4j-1.2.17.jar:/opt/hadoop/2.6.0/share/hadoop/common/lib/commons-httpclient-3.1.jar:/opt/hadoop/2.6.0/share/hadoop/common/lib/api-asn1-api-1.0.0-M20.jar:/opt/hadoop/2.6.0/share/hadoop/common/lib/jettison-1.1.jar:/opt/hadoop/2.6.0/share/hadoop/common/lib/hadoop-annotations-2.6.0.jar:/opt/hadoop/2.6.0/share/hadoop/common/lib/jersey-json-1.9.jar:/opt/hadoop/2.6.0/share/hadoop/common/lib/jersey-core-1.9.jar:/opt/hadoop/2.6.0/share/hadoop/common/lib/xmlenc-0.52.jar:/opt/hadoop/2.6.0/share/hadoop/common/lib/commons-configuration-1.6.jar:/opt/hadoop/2.6.0/share/hadoop/common/lib/avro-1.7.4.jar:/opt/hadoop/2.6.0/share/hadoop/common/lib/commons-beanutils-core-1.8.0.jar:/opt/hadoop/2.6.0/share/hadoop/common/lib/jackson-jaxrs-1.9.13.jar:/opt/hadoop/2.6.0/share/hadoop/common/lib/xz-1.0.jar:/opt/hadoop/2.6.0/share/hadoop/common/lib/apacheds-i18n-2.0.0-M15.jar:/opt/hadoop/2.6.0/share/hadoop/common/lib/slf4j-api-1.7.5.jar:/opt/hadoop/2.6.0/share/hadoop/common/lib/jaxb-impl-2.2.3-1.jar:/opt/hadoop/2.6.0/share/hadoop/common/lib/hadoop-auth-2.6.0.jar:/opt/hadoop/2.6.0/share/hadoop/common/lib/commons-cli-1.2.jar:/opt/hadoop/2.6.0/share/hadoop/common/lib/commons-lang-2.6.jar:/opt/hadoop/2.6.0/share/hadoop/common/lib/paranamer-2.3.jar:/opt/hadoop/2.6.0/share/hadoop/common/lib/servlet-api-2.5.jar:/opt/hadoop/2.6.0/share/hadoop/common/lib/commons-math3-3.1.1.jar:/opt/hadoop/2.6.0/share/hadoop/common/lib/jackson-mapper-asl-1.9.13.jar:/opt/hadoop/2.6.0/share/hadoop/common/lib/jetty-6.1.26.jar:/opt/hadoop/2.6.0/share/hadoop/common/lib/mockito-all-1.8.5.jar:/opt/hadoop/2.6.0/share/hadoop/common/lib/gson-2.2.4.jar:/opt/hadoop/2.6.0/share/hadoop/common/lib/httpclient-4.2.5.jar:/opt/hadoop/2.6.0/share/hadoop/common/lib/api-util-1.0.0-M20.jar:/opt/hadoop/2.6.0/share/hadoop/common/lib/zookeeper-3.4.6.jar:/opt/hadoop/2.6.0/share/hadoop/common/lib/commons-el-1.0.jar:/opt/hadoop/2.6.0/share/hadoop/common/lib/jsp-api-2.1.jar:/opt/hadoop/2.6.0/share/hadoop/common/lib/commons-compress-1.4.1.jar:/opt/hadoop/2.6.0/share/hadoop/common/lib/guava-11.0.2.jar:/opt/hadoop/2.6.0/share/hadoop/common/lib/slf4j-log4j12-1.7.5.jar:/opt/hadoop/2.6.0/share/hadoop/common/lib/jersey-server-1.9.jar:/opt/hadoop/2.6.0/share/hadoop/common/lib/protobuf-java-2.5.0.jar:/opt/hadoop/2.6.0/share/hadoop/common/lib/commons-net-3.1.jar:/opt/hadoop/2.6.0/share/hadoop/common/lib/commons-digester-1.8.jar:/opt/hadoop/2.6.0/share/hadoop/common/lib/commons-collections-3.2.1.jar:/opt/hadoop/2.6.0/share/hadoop/common/lib/commons-io-2.4.jar:/opt/hadoop/2.6.0/share/hadoop/common/lib/htrace-core-3.0.4.jar:/opt/hadoop/2.6.0/share/hadoop/common/lib/junit-4.11.jar:/opt/hadoop/2.6.0/share/hadoop/common/lib/stax-api-1.0-2.jar:/opt/hadoop/2.6.0/share/hadoop/common/lib/snappy-java-1.0.4.1.jar:/opt/hadoop/2.6.0/share/hadoop/common/lib/jackson-core-asl-1.9.13.jar:/opt/hadoop/2.6.0/share/hadoop/common/lib/activation-1.1.jar:/opt/hadoop/2.6.0/share/hadoop/common/lib/hamcrest-core-1.3.jar:/opt/hadoop/2.6.0/share/hadoop/common/lib/curator-client-2.6.0.jar:/opt/hadoop/2.6.0/share/hadoop/common/lib/commons-logging-1.1.3.jar:/opt/hadoop/2.6.0/share/hadoop/common/lib/jsr305-1.3.9.jar:/opt/hadoop/2.6.0/share/hadoop/common/lib/jsch-0.1.42.jar:/opt/hadoop/2.6.0/share/hadoop/common/lib/jaxb-api-2.2.2.jar:/opt/hadoop/2.6.0/share/hadoop/common/lib/jasper-compiler-5.5.23.jar:/opt/hadoop/2.6.0/share/hadoop/common/hadoop-common-2.6.0.jar:/opt/hadoop/2.6.0/share/hadoop/common/hadoop-common-2.6.0-tests.jar:/opt/hadoop/2.6.0/share/hadoop/common/hadoop-nfs-2.6.0.jar:/opt/hadoop/2.6.0/share/hadoop/hdfs:/opt/hadoop/2.6.0/share/hadoop/hdfs/lib/commons-codec-1.4.jar:/opt/hadoop/2.6.0/share/hadoop/hdfs/lib/asm-3.2.jar:/opt/hadoop/2.6.0/share/hadoop/hdfs/lib/jasper-runtime-5.5.23.jar:/opt/hadoop/2.6.0/share/hadoop/hdfs/lib/netty-3.6.2.Final.jar:/opt/hadoop/2.6.0/share/hadoop/hdfs/lib/jetty-util-6.1.26.jar:/opt/hadoop/2.6.0/share/hadoop/hdfs/lib/log4j-1.2.17.jar:/opt/hadoop/2.6.0/share/hadoop/hdfs/lib/jersey-core-1.9.jar:/opt/hadoop/2.6.0/share/hadoop/hdfs/lib/xmlenc-0.52.jar:/opt/hadoop/2.6.0/share/hadoop/hdfs/lib/xml-apis-1.3.04.jar:/opt/hadoop/2.6.0/share/hadoop/hdfs/lib/commons-cli-1.2.jar:/opt/hadoop/2.6.0/share/hadoop/hdfs/lib/commons-lang-2.6.jar:/opt/hadoop/2.6.0/share/hadoop/hdfs/lib/commons-daemon-1.0.13.jar:/opt/hadoop/2.6.0/share/hadoop/hdfs/lib/servlet-api-2.5.jar:/opt/hadoop/2.6.0/share/hadoop/hdfs/lib/xercesImpl-2.9.1.jar:/opt/hadoop/2.6.0/share/hadoop/hdfs/lib/jackson-mapper-asl-1.9.13.jar:/opt/hadoop/2.6.0/share/hadoop/hdfs/lib/jetty-6.1.26.jar:/opt/hadoop/2.6.0/share/hadoop/hdfs/lib/commons-el-1.0.jar:/opt/hadoop/2.6.0/share/hadoop/hdfs/lib/jsp-api-2.1.jar:/opt/hadoop/2.6.0/share/hadoop/hdfs/lib/guava-11.0.2.jar:/opt/hadoop/2.6.0/share/hadoop/hdfs/lib/jersey-server-1.9.jar:/opt/hadoop/2.6.0/share/hadoop/hdfs/lib/protobuf-java-2.5.0.jar:/opt/hadoop/2.6.0/share/hadoop/hdfs/lib/commons-io-2.4.jar:/opt/hadoop/2.6.0/share/hadoop/hdfs/lib/htrace-core-3.0.4.jar:/opt/hadoop/2.6.0/share/hadoop/hdfs/lib/jackson-core-asl-1.9.13.jar:/opt/hadoop/2.6.0/share/hadoop/hdfs/lib/commons-logging-1.1.3.jar:/opt/hadoop/2.6.0/share/hadoop/hdfs/lib/jsr305-1.3.9.jar:/opt/hadoop/2.6.0/share/hadoop/hdfs/hadoop-hdfs-2.6.0.jar:/opt/hadoop/2.6.0/share/hadoop/hdfs/hadoop-hdfs-nfs-2.6.0.jar:/opt/hadoop/2.6.0/share/hadoop/hdfs/hadoop-hdfs-2.6.0-tests.jar:/opt/hadoop/2.6.0/share/hadoop/yarn/lib/guice-3.0.jar:/opt/hadoop/2.6.0/share/hadoop/yarn/lib/commons-codec-1.4.jar:/opt/hadoop/2.6.0/share/hadoop/yarn/lib/asm-3.2.jar:/opt/hadoop/2.6.0/share/hadoop/yarn/lib/netty-3.6.2.Final.jar:/opt/hadoop/2.6.0/share/hadoop/yarn/lib/jetty-util-6.1.26.jar:/opt/hadoop/2.6.0/share/hadoop/yarn/lib/jackson-xc-1.9.13.jar:/opt/hadoop/2.6.0/share/hadoop/yarn/lib/log4j-1.2.17.jar:/opt/hadoop/2.6.0/share/hadoop/yarn/lib/aopalliance-1.0.jar:/opt/hadoop/2.6.0/share/hadoop/yarn/lib/commons-httpclient-3.1.jar:/opt/hadoop/2.6.0/share/hadoop/yarn/lib/jettison-1.1.jar:/opt/hadoop/2.6.0/share/hadoop/yarn/lib/jersey-json-1.9.jar:/opt/hadoop/2.6.0/share/hadoop/yarn/lib/jersey-core-1.9.jar:/opt/hadoop/2.6.0/share/hadoop/yarn/lib/guice-servlet-3.0.jar:/opt/hadoop/2.6.0/share/hadoop/yarn/lib/jackson-jaxrs-1.9.13.jar:/opt/hadoop/2.6.0/share/hadoop/yarn/lib/xz-1.0.jar:/opt/hadoop/2.6.0/share/hadoop/yarn/lib/jaxb-impl-2.2.3-1.jar:/opt/hadoop/2.6.0/share/hadoop/yarn/lib/jline-0.9.94.jar:/opt/hadoop/2.6.0/share/hadoop/yarn/lib/commons-cli-1.2.jar:/opt/hadoop/2.6.0/share/hadoop/yarn/lib/commons-lang-2.6.jar:/opt/hadoop/2.6.0/share/hadoop/yarn/lib/servlet-api-2.5.jar:/opt/hadoop/2.6.0/share/hadoop/yarn/lib/jackson-mapper-asl-1.9.13.jar:/opt/hadoop/2.6.0/share/hadoop/yarn/lib/jetty-6.1.26.jar:/opt/hadoop/2.6.0/share/hadoop/yarn/lib/jersey-client-1.9.jar:/opt/hadoop/2.6.0/share/hadoop/yarn/lib/zookeeper-3.4.6.jar:/opt/hadoop/2.6.0/share/hadoop/yarn/lib/commons-compress-1.4.1.jar:/opt/hadoop/2.6.0/share/hadoop/yarn/lib/javax.inject-1.jar:/opt/hadoop/2.6.0/share/hadoop/yarn/lib/guava-11.0.2.jar:/opt/hadoop/2.6.0/share/hadoop/yarn/lib/jersey-server-1.9.jar:/opt/hadoop/2.6.0/share/hadoop/yarn/lib/jersey-guice-1.9.jar:/opt/hadoop/2.6.0/share/hadoop/yarn/lib/protobuf-java-2.5.0.jar:/opt/hadoop/2.6.0/share/hadoop/yarn/lib/commons-collections-3.2.1.jar:/opt/hadoop/2.6.0/share/hadoop/yarn/lib/commons-io-2.4.jar:/opt/hadoop/2.6.0/share/hadoop/yarn/lib/stax-api-1.0-2.jar:/opt/hadoop/2.6.0/share/hadoop/yarn/lib/jackson-core-asl-1.9.13.jar:/opt/hadoop/2.6.0/share/hadoop/yarn/lib/activation-1.1.jar:/opt/hadoop/2.6.0/share/hadoop/yarn/lib/leveldbjni-all-1.8.jar:/opt/hadoop/2.6.0/share/hadoop/yarn/lib/commons-logging-1.1.3.jar:/opt/hadoop/2.6.0/share/hadoop/yarn/lib/jsr305-1.3.9.jar:/opt/hadoop/2.6.0/share/hadoop/yarn/lib/jaxb-api-2.2.2.jar:/opt/hadoop/2.6.0/share/hadoop/yarn/hadoop-yarn-common-2.6.0.jar:/opt/hadoop/2.6.0/share/hadoop/yarn/hadoop-yarn-server-nodemanager-2.6.0.jar:/opt/hadoop/2.6.0/share/hadoop/yarn/hadoop-yarn-server-common-2.6.0.jar:/opt/hadoop/2.6.0/share/hadoop/yarn/hadoop-yarn-server-applicationhistoryservice-2.6.0.jar:/opt/hadoop/2.6.0/share/hadoop/yarn/hadoop-yarn-server-tests-2.6.0.jar:/opt/hadoop/2.6.0/share/hadoop/yarn/hadoop-yarn-api-2.6.0.jar:/opt/hadoop/2.6.0/share/hadoop/yarn/hadoop-yarn-client-2.6.0.jar:/opt/hadoop/2.6.0/share/hadoop/yarn/hadoop-yarn-server-resourcemanager-2.6.0.jar:/opt/hadoop/2.6.0/share/hadoop/yarn/hadoop-yarn-applications-unmanaged-am-launcher-2.6.0.jar:/opt/hadoop/2.6.0/share/hadoop/yarn/hadoop-yarn-registry-2.6.0.jar:/opt/hadoop/2.6.0/share/hadoop/yarn/hadoop-yarn-server-web-proxy-2.6.0.jar:/opt/hadoop/2.6.0/share/hadoop/yarn/hadoop-yarn-applications-distributedshell-2.6.0.jar:/opt/hadoop/2.6.0/share/hadoop/mapreduce/lib/guice-3.0.jar:/opt/hadoop/2.6.0/share/hadoop/mapreduce/lib/asm-3.2.jar:/opt/hadoop/2.6.0/share/hadoop/mapreduce/lib/netty-3.6.2.Final.jar:/opt/hadoop/2.6.0/share/hadoop/mapreduce/lib/log4j-1.2.17.jar:/opt/hadoop/2.6.0/share/hadoop/mapreduce/lib/aopalliance-1.0.jar:/opt/hadoop/2.6.0/share/hadoop/mapreduce/lib/hadoop-annotations-2.6.0.jar:/opt/hadoop/2.6.0/share/hadoop/mapreduce/lib/jersey-core-1.9.jar:/opt/hadoop/2.6.0/share/hadoop/mapreduce/lib/avro-1.7.4.jar:/opt/hadoop/2.6.0/share/hadoop/mapreduce/lib/guice-servlet-3.0.jar:/opt/hadoop/2.6.0/share/hadoop/mapreduce/lib/xz-1.0.jar:/opt/hadoop/2.6.0/share/hadoop/mapreduce/lib/paranamer-2.3.jar:/opt/hadoop/2.6.0/share/hadoop/mapreduce/lib/jackson-mapper-asl-1.9.13.jar:/opt/hadoop/2.6.0/share/hadoop/mapreduce/lib/commons-compress-1.4.1.jar:/opt/hadoop/2.6.0/share/hadoop/mapreduce/lib/javax.inject-1.jar:/opt/hadoop/2.6.0/share/hadoop/mapreduce/lib/jersey-server-1.9.jar:/opt/hadoop/2.6.0/share/hadoop/mapreduce/lib/jersey-guice-1.9.jar:/opt/hadoop/2.6.0/share/hadoop/mapreduce/lib/protobuf-java-2.5.0.jar:/opt/hadoop/2.6.0/share/hadoop/mapreduce/lib/commons-io-2.4.jar:/opt/hadoop/2.6.0/share/hadoop/mapreduce/lib/junit-4.11.jar:/opt/hadoop/2.6.0/share/hadoop/mapreduce/lib/snappy-java-1.0.4.1.jar:/opt/hadoop/2.6.0/share/hadoop/mapreduce/lib/jackson-core-asl-1.9.13.jar:/opt/hadoop/2.6.0/share/hadoop/mapreduce/lib/hamcrest-core-1.3.jar:/opt/hadoop/2.6.0/share/hadoop/mapreduce/lib/leveldbjni-all-1.8.jar:/opt/hadoop/2.6.0/share/hadoop/mapreduce/hadoop-mapreduce-client-hs-plugins-2.6.0.jar:/opt/hadoop/2.6.0/share/hadoop/mapreduce/hadoop-mapreduce-client-jobclient-2.6.0.jar:/opt/hadoop/2.6.0/share/hadoop/mapreduce/hadoop-mapreduce-examples-2.6.0.jar:/opt/hadoop/2.6.0/share/hadoop/mapreduce/hadoop-mapreduce-client-shuffle-2.6.0.jar:/opt/hadoop/2.6.0/share/hadoop/mapreduce/hadoop-mapreduce-client-jobclient-2.6.0-tests.jar:/opt/hadoop/2.6.0/share/hadoop/mapreduce/hadoop-mapreduce-client-app-2.6.0.jar:/opt/hadoop/2.6.0/share/hadoop/mapreduce/hadoop-mapreduce-client-hs-2.6.0.jar:/opt/hadoop/2.6.0/share/hadoop/mapreduce/hadoop-mapreduce-client-common-2.6.0.jar:/opt/hadoop/2.6.0/share/hadoop/mapreduce/hadoop-mapreduce-client-core-2.6.0.jar:/opt/hadoop/2.6.0/contrib/capacity-scheduler/*.jar
STARTUP_MSG:   build = https://git-wip-us.apache.org/repos/asf/hadoop.git -r e3496499ecb8d220fba99dc5ed4c99c8f9e33bb1; compiled by 'jenkins' on 2014-11-13T21:10Z
STARTUP_MSG:   java = 1.8.0_60
************************************************************/
17/10/15 22:34:49 INFO namenode.NameNode: registered UNIX signal handlers for [TERM, HUP, INT]
17/10/15 22:34:49 INFO namenode.NameNode: createNameNode [-format]
17/10/15 22:34:49 WARN util.NativeCodeLoader: Unable to load native-hadoop library for your platform... using builtin-java classes where applicable
17/10/15 22:34:49 WARN common.Util: Path /scratch/sattri/11832001/namenode_data should be specified as a URI in configuration files. Please update hdfs configuration.
17/10/15 22:34:49 WARN common.Util: Path /scratch/sattri/11832001/namenode_data should be specified as a URI in configuration files. Please update hdfs configuration.
Formatting using clusterid: CID-10371987-701d-4d5b-8791-3089b494507e
17/10/15 22:34:49 INFO namenode.FSNamesystem: No KeyProvider found.
17/10/15 22:34:49 INFO namenode.FSNamesystem: fsLock is fair:true
17/10/15 22:34:49 INFO blockmanagement.DatanodeManager: dfs.block.invalidate.limit=1000
17/10/15 22:34:49 INFO blockmanagement.DatanodeManager: dfs.namenode.datanode.registration.ip-hostname-check=true
17/10/15 22:34:49 INFO blockmanagement.BlockManager: dfs.namenode.startup.delay.block.deletion.sec is set to 000:00:00:00.000
17/10/15 22:34:49 INFO blockmanagement.BlockManager: The block deletion will start around 2017 Oct 15 22:34:49
17/10/15 22:34:49 INFO util.GSet: Computing capacity for map BlocksMap
17/10/15 22:34:49 INFO util.GSet: VM type       = 64-bit
17/10/15 22:34:49 INFO util.GSet: 2.0% max memory 958.5 MB = 19.2 MB
17/10/15 22:34:49 INFO util.GSet: capacity      = 2^21 = 2097152 entries
17/10/15 22:34:49 INFO blockmanagement.BlockManager: dfs.block.access.token.enable=false
17/10/15 22:34:49 INFO blockmanagement.BlockManager: defaultReplication         = 3
17/10/15 22:34:49 INFO blockmanagement.BlockManager: maxReplication             = 512
17/10/15 22:34:49 INFO blockmanagement.BlockManager: minReplication             = 1
17/10/15 22:34:49 INFO blockmanagement.BlockManager: maxReplicationStreams      = 2
17/10/15 22:34:49 INFO blockmanagement.BlockManager: shouldCheckForEnoughRacks  = false
17/10/15 22:34:49 INFO blockmanagement.BlockManager: replicationRecheckInterval = 3000
17/10/15 22:34:49 INFO blockmanagement.BlockManager: encryptDataTransfer        = false
17/10/15 22:34:49 INFO blockmanagement.BlockManager: maxNumBlocksToLog          = 1000
17/10/15 22:34:49 INFO namenode.FSNamesystem: fsOwner             = sattri (auth:SIMPLE)
17/10/15 22:34:49 INFO namenode.FSNamesystem: supergroup          = supergroup
17/10/15 22:34:49 INFO namenode.FSNamesystem: isPermissionEnabled = true
17/10/15 22:34:49 INFO namenode.FSNamesystem: HA Enabled: false
17/10/15 22:34:49 INFO namenode.FSNamesystem: Append Enabled: true
17/10/15 22:34:50 INFO util.GSet: Computing capacity for map INodeMap
17/10/15 22:34:50 INFO util.GSet: VM type       = 64-bit
17/10/15 22:34:50 INFO util.GSet: 1.0% max memory 958.5 MB = 9.6 MB
17/10/15 22:34:50 INFO util.GSet: capacity      = 2^20 = 1048576 entries
17/10/15 22:34:50 INFO namenode.NameNode: Caching file names occuring more than 10 times
17/10/15 22:34:50 INFO util.GSet: Computing capacity for map cachedBlocks
17/10/15 22:34:50 INFO util.GSet: VM type       = 64-bit
17/10/15 22:34:50 INFO util.GSet: 0.25% max memory 958.5 MB = 2.4 MB
17/10/15 22:34:50 INFO util.GSet: capacity      = 2^18 = 262144 entries
17/10/15 22:34:50 INFO namenode.FSNamesystem: dfs.namenode.safemode.threshold-pct = 0.9990000128746033
17/10/15 22:34:50 INFO namenode.FSNamesystem: dfs.namenode.safemode.min.datanodes = 0
17/10/15 22:34:50 INFO namenode.FSNamesystem: dfs.namenode.safemode.extension     = 30000
17/10/15 22:34:50 INFO namenode.FSNamesystem: Retry cache on namenode is enabled
17/10/15 22:34:50 INFO namenode.FSNamesystem: Retry cache will use 0.03 of total heap and retry cache entry expiry time is 600000 millis
17/10/15 22:34:50 INFO util.GSet: Computing capacity for map NameNodeRetryCache
17/10/15 22:34:50 INFO util.GSet: VM type       = 64-bit
17/10/15 22:34:50 INFO util.GSet: 0.029999999329447746% max memory 958.5 MB = 294.5 KB
17/10/15 22:34:50 INFO util.GSet: capacity      = 2^15 = 32768 entries
17/10/15 22:34:50 INFO namenode.NNConf: ACLs enabled? false
17/10/15 22:34:50 INFO namenode.NNConf: XAttrs enabled? true
17/10/15 22:34:50 INFO namenode.NNConf: Maximum size of an xattr: 16384
17/10/15 22:34:50 INFO namenode.FSImage: Allocated new BlockPoolId: BP-1959703351-198.202.114.89-1508132090132
17/10/15 22:34:50 INFO common.Storage: Storage directory /scratch/sattri/11832001/namenode_data has been successfully formatted.
17/10/15 22:34:50 INFO namenode.NNStorageRetentionManager: Going to retain 1 images with txid >= 0
17/10/15 22:34:50 INFO util.ExitUtil: Exiting with status 0
17/10/15 22:34:50 INFO namenode.NameNode: SHUTDOWN_MSG: 
/************************************************************
SHUTDOWN_MSG: Shutting down NameNode at comet-05-10.sdsc.edu/198.202.114.89
************************************************************/
17/10/15 22:34:50 WARN util.NativeCodeLoader: Unable to load native-hadoop library for your platform... using builtin-java classes where applicable
Starting namenodes on [comet-05-10.ibnet]
comet-05-10.ibnet: starting namenode, logging to /scratch/sattri/11832001/logs/hadoop-sattri-namenode-comet-05-10.sdsc.edu.out
comet-05-10.ibnet: starting datanode, logging to /scratch/sattri/11832001/logs/hadoop-sattri-datanode-comet-05-10.sdsc.edu.out
comet-05-27.ibnet: starting datanode, logging to /scratch/sattri/11832001/logs/hadoop-sattri-datanode-comet-05-27.sdsc.edu.out
comet-05-17.ibnet: starting datanode, logging to /scratch/sattri/11832001/logs/hadoop-sattri-datanode-comet-05-17.sdsc.edu.out
Starting secondary namenodes [comet-05-10.ibnet]
comet-05-10.ibnet: starting secondarynamenode, logging to /scratch/sattri/11832001/logs/hadoop-sattri-secondarynamenode-comet-05-10.sdsc.edu.out
17/10/15 22:35:06 WARN util.NativeCodeLoader: Unable to load native-hadoop library for your platform... using builtin-java classes where applicable
starting yarn daemons
starting resourcemanager, logging to /scratch/sattri/11832001/logs/yarn-sattri-resourcemanager-comet-05-10.out
comet-05-17.ibnet: starting nodemanager, logging to /scratch/sattri/11832001/logs/yarn-sattri-nodemanager-comet-05-17.sdsc.edu.out
comet-05-27.ibnet: starting nodemanager, logging to /scratch/sattri/11832001/logs/yarn-sattri-nodemanager-comet-05-27.sdsc.edu.out
comet-05-10.ibnet: starting nodemanager, logging to /scratch/sattri/11832001/logs/yarn-sattri-nodemanager-comet-05-10.sdsc.edu.out
17/10/15 22:35:09 WARN util.NativeCodeLoader: Unable to load native-hadoop library for your platform... using builtin-java classes where applicable
17/10/15 22:35:10 WARN util.NativeCodeLoader: Unable to load native-hadoop library for your platform... using builtin-java classes where applicable
17/10/15 22:35:12 WARN util.NativeCodeLoader: Unable to load native-hadoop library for your platform... using builtin-java classes where applicable
17/10/15 22:35:12 INFO client.RMProxy: Connecting to ResourceManager at comet-05-10.ibnet/10.22.254.213:8032
17/10/15 22:35:13 INFO input.FileInputFormat: Total input paths to process : 1
17/10/15 22:35:13 INFO mapreduce.JobSubmitter: number of splits:1
17/10/15 22:35:13 INFO mapreduce.JobSubmitter: Submitting tokens for job: job_1508132107256_0001
17/10/15 22:35:13 INFO impl.YarnClientImpl: Submitted application application_1508132107256_0001
17/10/15 22:35:13 INFO mapreduce.Job: The url to track the job: http://comet-05-10.ibnet:8088/proxy/application_1508132107256_0001/
17/10/15 22:35:13 INFO mapreduce.Job: Running job: job_1508132107256_0001
17/10/15 22:35:19 INFO mapreduce.Job: Job job_1508132107256_0001 running in uber mode : false
17/10/15 22:35:19 INFO mapreduce.Job:  map 0% reduce 0%
17/10/15 22:35:26 INFO mapreduce.Job:  map 100% reduce 0%
17/10/15 22:35:26 INFO mapreduce.Job: Job job_1508132107256_0001 completed successfully
17/10/15 22:35:26 INFO mapreduce.Job: Counters: 30
	File System Counters
		FILE: Number of bytes read=0
		FILE: Number of bytes written=105904
		FILE: Number of read operations=0
		FILE: Number of large read operations=0
		FILE: Number of write operations=0
		HDFS: Number of bytes read=7660640
		HDFS: Number of bytes written=13536787
		HDFS: Number of read operations=5
		HDFS: Number of large read operations=0
		HDFS: Number of write operations=2
	Job Counters 
		Launched map tasks=1
		Data-local map tasks=1
		Total time spent by all maps in occupied slots (ms)=5379
		Total time spent by all reduces in occupied slots (ms)=0
		Total time spent by all map tasks (ms)=5379
		Total vcore-seconds taken by all map tasks=5379
		Total megabyte-seconds taken by all map tasks=5508096
	Map-Reduce Framework
		Map input records=100000
		Map output records=100000
		Input split bytes=269
		Spilled Records=0
		Failed Shuffles=0
		Merged Map outputs=0
		GC time elapsed (ms)=123
		CPU time spent (ms)=5900
		Physical memory (bytes) snapshot=196526080
		Virtual memory (bytes) snapshot=2167885824
		Total committed heap usage (bytes)=154664960
	File Input Format Counters 
		Bytes Read=0
	File Output Format Counters 
		Bytes Written=13536787
17/10/15 22:35:26 INFO client.RMProxy: Connecting to ResourceManager at comet-05-10.ibnet/10.22.254.213:8032
17/10/15 22:35:26 INFO input.FileInputFormat: Total input paths to process : 1
17/10/15 22:35:26 INFO mapreduce.JobSubmitter: number of splits:1
17/10/15 22:35:26 INFO mapreduce.JobSubmitter: Submitting tokens for job: job_1508132107256_0002
17/10/15 22:35:26 INFO impl.YarnClientImpl: Submitted application application_1508132107256_0002
17/10/15 22:35:26 INFO mapreduce.Job: The url to track the job: http://comet-05-10.ibnet:8088/proxy/application_1508132107256_0002/
17/10/15 22:35:26 INFO mapreduce.Job: Running job: job_1508132107256_0002
17/10/15 22:35:30 INFO mapreduce.Job: Job job_1508132107256_0002 running in uber mode : false
17/10/15 22:35:30 INFO mapreduce.Job:  map 0% reduce 0%
17/10/15 22:35:37 INFO mapreduce.Job:  map 100% reduce 0%
17/10/15 22:35:43 INFO mapreduce.Job:  map 100% reduce 100%
17/10/15 22:35:43 INFO mapreduce.Job: Job job_1508132107256_0002 completed successfully
17/10/15 22:35:43 INFO mapreduce.Job: Counters: 49
	File System Counters
		FILE: Number of bytes read=36859089
		FILE: Number of bytes written=74218593
		FILE: Number of read operations=0
		FILE: Number of large read operations=0
		FILE: Number of write operations=0
		HDFS: Number of bytes read=13537077
		HDFS: Number of bytes written=13536827
		HDFS: Number of read operations=7
		HDFS: Number of large read operations=0
		HDFS: Number of write operations=2
	Job Counters 
		Launched map tasks=1
		Launched reduce tasks=1
		Data-local map tasks=1
		Total time spent by all maps in occupied slots (ms)=4102
		Total time spent by all reduces in occupied slots (ms)=2914
		Total time spent by all map tasks (ms)=4102
		Total time spent by all reduce tasks (ms)=2914
		Total vcore-seconds taken by all map tasks=4102
		Total vcore-seconds taken by all reduce tasks=2914
		Total megabyte-seconds taken by all map tasks=4200448
		Total megabyte-seconds taken by all reduce tasks=2983936
	Map-Reduce Framework
		Map input records=100000
		Map output records=1300888
		Map output bytes=34223088
		Map output materialized bytes=36859089
		Input split bytes=290
		Combine input records=0
		Combine output records=0
		Reduce input groups=100000
		Reduce shuffle bytes=36859089
		Reduce input records=1300888
		Reduce output records=100000
		Spilled Records=2601776
		Shuffled Maps =1
		Failed Shuffles=0
		Merged Map outputs=1
		GC time elapsed (ms)=92
		CPU time spent (ms)=7200
		Physical memory (bytes) snapshot=504913920
		Virtual memory (bytes) snapshot=4358623232
		Total committed heap usage (bytes)=338165760
	Shuffle Errors
		BAD_ID=0
		CONNECTION=0
		IO_ERROR=0
		WRONG_LENGTH=0
		WRONG_MAP=0
		WRONG_REDUCE=0
	File Input Format Counters 
		Bytes Read=0
	File Output Format Counters 
		Bytes Written=13536827
17/10/15 22:35:43 INFO client.RMProxy: Connecting to ResourceManager at comet-05-10.ibnet/10.22.254.213:8032
17/10/15 22:35:43 INFO input.FileInputFormat: Total input paths to process : 1
17/10/15 22:35:43 INFO mapreduce.JobSubmitter: number of splits:1
17/10/15 22:35:43 INFO mapreduce.JobSubmitter: Submitting tokens for job: job_1508132107256_0003
17/10/15 22:35:43 INFO impl.YarnClientImpl: Submitted application application_1508132107256_0003
17/10/15 22:35:43 INFO mapreduce.Job: The url to track the job: http://comet-05-10.ibnet:8088/proxy/application_1508132107256_0003/
17/10/15 22:35:43 INFO mapreduce.Job: Running job: job_1508132107256_0003
17/10/15 22:35:48 INFO mapreduce.Job: Job job_1508132107256_0003 running in uber mode : false
17/10/15 22:35:48 INFO mapreduce.Job:  map 0% reduce 0%
17/10/15 22:35:54 INFO mapreduce.Job:  map 100% reduce 0%
17/10/15 22:36:00 INFO mapreduce.Job:  map 100% reduce 100%
17/10/15 22:36:00 INFO mapreduce.Job: Job job_1508132107256_0003 completed successfully
17/10/15 22:36:00 INFO mapreduce.Job: Counters: 49
	File System Counters
		FILE: Number of bytes read=36859089
		FILE: Number of bytes written=74218593
		FILE: Number of read operations=0
		FILE: Number of large read operations=0
		FILE: Number of write operations=0
		HDFS: Number of bytes read=13537117
		HDFS: Number of bytes written=13536827
		HDFS: Number of read operations=7
		HDFS: Number of large read operations=0
		HDFS: Number of write operations=2
	Job Counters 
		Launched map tasks=1
		Launched reduce tasks=1
		Data-local map tasks=1
		Total time spent by all maps in occupied slots (ms)=4210
		Total time spent by all reduces in occupied slots (ms)=2856
		Total time spent by all map tasks (ms)=4210
		Total time spent by all reduce tasks (ms)=2856
		Total vcore-seconds taken by all map tasks=4210
		Total vcore-seconds taken by all reduce tasks=2856
		Total megabyte-seconds taken by all map tasks=4311040
		Total megabyte-seconds taken by all reduce tasks=2924544
	Map-Reduce Framework
		Map input records=100000
		Map output records=1300888
		Map output bytes=34223088
		Map output materialized bytes=36859089
		Input split bytes=290
		Combine input records=0
		Combine output records=0
		Reduce input groups=100000
		Reduce shuffle bytes=36859089
		Reduce input records=1300888
		Reduce output records=100000
		Spilled Records=2601776
		Shuffled Maps =1
		Failed Shuffles=0
		Merged Map outputs=1
		GC time elapsed (ms)=97
		CPU time spent (ms)=7230
		Physical memory (bytes) snapshot=502259712
		Virtual memory (bytes) snapshot=4348882944
		Total committed heap usage (bytes)=344457216
	Shuffle Errors
		BAD_ID=0
		CONNECTION=0
		IO_ERROR=0
		WRONG_LENGTH=0
		WRONG_MAP=0
		WRONG_REDUCE=0
	File Input Format Counters 
		Bytes Read=0
	File Output Format Counters 
		Bytes Written=13536827
17/10/15 22:36:00 INFO client.RMProxy: Connecting to ResourceManager at comet-05-10.ibnet/10.22.254.213:8032
17/10/15 22:36:00 INFO input.FileInputFormat: Total input paths to process : 1
17/10/15 22:36:00 INFO mapreduce.JobSubmitter: number of splits:1
17/10/15 22:36:00 INFO mapreduce.JobSubmitter: Submitting tokens for job: job_1508132107256_0004
17/10/15 22:36:00 INFO impl.YarnClientImpl: Submitted application application_1508132107256_0004
17/10/15 22:36:00 INFO mapreduce.Job: The url to track the job: http://comet-05-10.ibnet:8088/proxy/application_1508132107256_0004/
17/10/15 22:36:00 INFO mapreduce.Job: Running job: job_1508132107256_0004
17/10/15 22:36:04 INFO mapreduce.Job: Job job_1508132107256_0004 running in uber mode : false
17/10/15 22:36:04 INFO mapreduce.Job:  map 0% reduce 0%
17/10/15 22:36:10 INFO mapreduce.Job:  map 100% reduce 0%
17/10/15 22:36:16 INFO mapreduce.Job:  map 100% reduce 100%
17/10/15 22:36:16 INFO mapreduce.Job: Job job_1508132107256_0004 completed successfully
17/10/15 22:36:16 INFO mapreduce.Job: Counters: 49
	File System Counters
		FILE: Number of bytes read=36859089
		FILE: Number of bytes written=74218593
		FILE: Number of read operations=0
		FILE: Number of large read operations=0
		FILE: Number of write operations=0
		HDFS: Number of bytes read=13537117
		HDFS: Number of bytes written=13536827
		HDFS: Number of read operations=7
		HDFS: Number of large read operations=0
		HDFS: Number of write operations=2
	Job Counters 
		Launched map tasks=1
		Launched reduce tasks=1
		Data-local map tasks=1
		Total time spent by all maps in occupied slots (ms)=4159
		Total time spent by all reduces in occupied slots (ms)=3038
		Total time spent by all map tasks (ms)=4159
		Total time spent by all reduce tasks (ms)=3038
		Total vcore-seconds taken by all map tasks=4159
		Total vcore-seconds taken by all reduce tasks=3038
		Total megabyte-seconds taken by all map tasks=4258816
		Total megabyte-seconds taken by all reduce tasks=3110912
	Map-Reduce Framework
		Map input records=100000
		Map output records=1300888
		Map output bytes=34223088
		Map output materialized bytes=36859089
		Input split bytes=290
		Combine input records=0
		Combine output records=0
		Reduce input groups=100000
		Reduce shuffle bytes=36859089
		Reduce input records=1300888
		Reduce output records=100000
		Spilled Records=2601776
		Shuffled Maps =1
		Failed Shuffles=0
		Merged Map outputs=1
		GC time elapsed (ms)=96
		CPU time spent (ms)=7370
		Physical memory (bytes) snapshot=496906240
		Virtual memory (bytes) snapshot=4353929216
		Total committed heap usage (bytes)=337641472
	Shuffle Errors
		BAD_ID=0
		CONNECTION=0
		IO_ERROR=0
		WRONG_LENGTH=0
		WRONG_MAP=0
		WRONG_REDUCE=0
	File Input Format Counters 
		Bytes Read=0
	File Output Format Counters 
		Bytes Written=13536827
17/10/15 22:36:16 INFO client.RMProxy: Connecting to ResourceManager at comet-05-10.ibnet/10.22.254.213:8032
17/10/15 22:36:16 INFO input.FileInputFormat: Total input paths to process : 1
17/10/15 22:36:16 INFO mapreduce.JobSubmitter: number of splits:1
17/10/15 22:36:16 INFO mapreduce.JobSubmitter: Submitting tokens for job: job_1508132107256_0005
17/10/15 22:36:16 INFO impl.YarnClientImpl: Submitted application application_1508132107256_0005
17/10/15 22:36:16 INFO mapreduce.Job: The url to track the job: http://comet-05-10.ibnet:8088/proxy/application_1508132107256_0005/
17/10/15 22:36:16 INFO mapreduce.Job: Running job: job_1508132107256_0005
17/10/15 22:36:20 INFO mapreduce.Job: Job job_1508132107256_0005 running in uber mode : false
17/10/15 22:36:20 INFO mapreduce.Job:  map 0% reduce 0%
17/10/15 22:36:26 INFO mapreduce.Job:  map 100% reduce 0%
17/10/15 22:36:32 INFO mapreduce.Job:  map 100% reduce 100%
17/10/15 22:36:32 INFO mapreduce.Job: Job job_1508132107256_0005 completed successfully
17/10/15 22:36:32 INFO mapreduce.Job: Counters: 49
	File System Counters
		FILE: Number of bytes read=36859089
		FILE: Number of bytes written=74218593
		FILE: Number of read operations=0
		FILE: Number of large read operations=0
		FILE: Number of write operations=0
		HDFS: Number of bytes read=13537117
		HDFS: Number of bytes written=13536827
		HDFS: Number of read operations=7
		HDFS: Number of large read operations=0
		HDFS: Number of write operations=2
	Job Counters 
		Launched map tasks=1
		Launched reduce tasks=1
		Data-local map tasks=1
		Total time spent by all maps in occupied slots (ms)=4251
		Total time spent by all reduces in occupied slots (ms)=2975
		Total time spent by all map tasks (ms)=4251
		Total time spent by all reduce tasks (ms)=2975
		Total vcore-seconds taken by all map tasks=4251
		Total vcore-seconds taken by all reduce tasks=2975
		Total megabyte-seconds taken by all map tasks=4353024
		Total megabyte-seconds taken by all reduce tasks=3046400
	Map-Reduce Framework
		Map input records=100000
		Map output records=1300888
		Map output bytes=34223088
		Map output materialized bytes=36859089
		Input split bytes=290
		Combine input records=0
		Combine output records=0
		Reduce input groups=100000
		Reduce shuffle bytes=36859089
		Reduce input records=1300888
		Reduce output records=100000
		Spilled Records=2601776
		Shuffled Maps =1
		Failed Shuffles=0
		Merged Map outputs=1
		GC time elapsed (ms)=92
		CPU time spent (ms)=7200
		Physical memory (bytes) snapshot=506916864
		Virtual memory (bytes) snapshot=4351447040
		Total committed heap usage (bytes)=341835776
	Shuffle Errors
		BAD_ID=0
		CONNECTION=0
		IO_ERROR=0
		WRONG_LENGTH=0
		WRONG_MAP=0
		WRONG_REDUCE=0
	File Input Format Counters 
		Bytes Read=0
	File Output Format Counters 
		Bytes Written=13536827
17/10/15 22:36:32 INFO client.RMProxy: Connecting to ResourceManager at comet-05-10.ibnet/10.22.254.213:8032
17/10/15 22:36:32 INFO input.FileInputFormat: Total input paths to process : 1
17/10/15 22:36:32 INFO mapreduce.JobSubmitter: number of splits:1
17/10/15 22:36:32 INFO mapreduce.JobSubmitter: Submitting tokens for job: job_1508132107256_0006
17/10/15 22:36:32 INFO impl.YarnClientImpl: Submitted application application_1508132107256_0006
17/10/15 22:36:32 INFO mapreduce.Job: The url to track the job: http://comet-05-10.ibnet:8088/proxy/application_1508132107256_0006/
17/10/15 22:36:32 INFO mapreduce.Job: Running job: job_1508132107256_0006
17/10/15 22:36:36 INFO mapreduce.Job: Job job_1508132107256_0006 running in uber mode : false
17/10/15 22:36:36 INFO mapreduce.Job:  map 0% reduce 0%
17/10/15 22:36:43 INFO mapreduce.Job:  map 100% reduce 0%
17/10/15 22:36:48 INFO mapreduce.Job:  map 100% reduce 100%
17/10/15 22:36:48 INFO mapreduce.Job: Job job_1508132107256_0006 completed successfully
17/10/15 22:36:48 INFO mapreduce.Job: Counters: 49
	File System Counters
		FILE: Number of bytes read=36859089
		FILE: Number of bytes written=74218593
		FILE: Number of read operations=0
		FILE: Number of large read operations=0
		FILE: Number of write operations=0
		HDFS: Number of bytes read=13537117
		HDFS: Number of bytes written=13536827
		HDFS: Number of read operations=7
		HDFS: Number of large read operations=0
		HDFS: Number of write operations=2
	Job Counters 
		Launched map tasks=1
		Launched reduce tasks=1
		Data-local map tasks=1
		Total time spent by all maps in occupied slots (ms)=4199
		Total time spent by all reduces in occupied slots (ms)=2932
		Total time spent by all map tasks (ms)=4199
		Total time spent by all reduce tasks (ms)=2932
		Total vcore-seconds taken by all map tasks=4199
		Total vcore-seconds taken by all reduce tasks=2932
		Total megabyte-seconds taken by all map tasks=4299776
		Total megabyte-seconds taken by all reduce tasks=3002368
	Map-Reduce Framework
		Map input records=100000
		Map output records=1300888
		Map output bytes=34223088
		Map output materialized bytes=36859089
		Input split bytes=290
		Combine input records=0
		Combine output records=0
		Reduce input groups=100000
		Reduce shuffle bytes=36859089
		Reduce input records=1300888
		Reduce output records=100000
		Spilled Records=2601776
		Shuffled Maps =1
		Failed Shuffles=0
		Merged Map outputs=1
		GC time elapsed (ms)=87
		CPU time spent (ms)=7260
		Physical memory (bytes) snapshot=505516032
		Virtual memory (bytes) snapshot=4358299648
		Total committed heap usage (bytes)=344981504
	Shuffle Errors
		BAD_ID=0
		CONNECTION=0
		IO_ERROR=0
		WRONG_LENGTH=0
		WRONG_MAP=0
		WRONG_REDUCE=0
	File Input Format Counters 
		Bytes Read=0
	File Output Format Counters 
		Bytes Written=13536827
17/10/15 22:36:48 INFO client.RMProxy: Connecting to ResourceManager at comet-05-10.ibnet/10.22.254.213:8032
17/10/15 22:36:48 INFO input.FileInputFormat: Total input paths to process : 1
17/10/15 22:36:48 INFO mapreduce.JobSubmitter: number of splits:1
17/10/15 22:36:48 INFO mapreduce.JobSubmitter: Submitting tokens for job: job_1508132107256_0007
17/10/15 22:36:48 INFO impl.YarnClientImpl: Submitted application application_1508132107256_0007
17/10/15 22:36:48 INFO mapreduce.Job: The url to track the job: http://comet-05-10.ibnet:8088/proxy/application_1508132107256_0007/
17/10/15 22:36:48 INFO mapreduce.Job: Running job: job_1508132107256_0007
17/10/15 22:36:52 INFO mapreduce.Job: Job job_1508132107256_0007 running in uber mode : false
17/10/15 22:36:52 INFO mapreduce.Job:  map 0% reduce 0%
17/10/15 22:36:56 INFO mapreduce.Job:  map 100% reduce 0%
17/10/15 22:37:01 INFO mapreduce.Job:  map 100% reduce 100%
17/10/15 22:37:02 INFO mapreduce.Job: Job job_1508132107256_0007 completed successfully
17/10/15 22:37:02 INFO mapreduce.Job: Counters: 49
	File System Counters
		FILE: Number of bytes read=1400006
		FILE: Number of bytes written=3012435
		FILE: Number of read operations=0
		FILE: Number of large read operations=0
		FILE: Number of write operations=0
		HDFS: Number of bytes read=13537119
		HDFS: Number of bytes written=76
		HDFS: Number of read operations=7
		HDFS: Number of large read operations=0
		HDFS: Number of write operations=2
	Job Counters 
		Launched map tasks=1
		Launched reduce tasks=1
		Data-local map tasks=1
		Total time spent by all maps in occupied slots (ms)=2176
		Total time spent by all reduces in occupied slots (ms)=2018
		Total time spent by all map tasks (ms)=2176
		Total time spent by all reduce tasks (ms)=2018
		Total vcore-seconds taken by all map tasks=2176
		Total vcore-seconds taken by all reduce tasks=2018
		Total megabyte-seconds taken by all map tasks=2228224
		Total megabyte-seconds taken by all reduce tasks=2066432
	Map-Reduce Framework
		Map input records=100000
		Map output records=100000
		Map output bytes=1200000
		Map output materialized bytes=1400006
		Input split bytes=292
		Combine input records=0
		Combine output records=0
		Reduce input groups=12
		Reduce shuffle bytes=1400006
		Reduce input records=100000
		Reduce output records=12
		Spilled Records=200000
		Shuffled Maps =1
		Failed Shuffles=0
		Merged Map outputs=1
		GC time elapsed (ms)=101
		CPU time spent (ms)=3750
		Physical memory (bytes) snapshot=480903168
		Virtual memory (bytes) snapshot=4342525952
		Total committed heap usage (bytes)=345505792
	Shuffle Errors
		BAD_ID=0
		CONNECTION=0
		IO_ERROR=0
		WRONG_LENGTH=0
		WRONG_MAP=0
		WRONG_REDUCE=0
	File Input Format Counters 
		Bytes Read=0
	File Output Format Counters 
		Bytes Written=76
17/10/15 22:37:02 WARN util.NativeCodeLoader: Unable to load native-hadoop library for your platform... using builtin-java classes where applicable
stopping yarn daemons
stopping resourcemanager
comet-05-10.ibnet: stopping nodemanager
comet-05-10.ibnet: nodemanager did not stop gracefully after 5 seconds: killing with kill -9
comet-05-17.ibnet: stopping nodemanager
comet-05-17.ibnet: nodemanager did not stop gracefully after 5 seconds: killing with kill -9
comet-05-27.ibnet: stopping nodemanager
comet-05-27.ibnet: nodemanager did not stop gracefully after 5 seconds: killing with kill -9
no proxyserver to stop
17/10/15 22:37:14 WARN util.NativeCodeLoader: Unable to load native-hadoop library for your platform... using builtin-java classes where applicable
Stopping namenodes on [comet-05-10.ibnet]
comet-05-10.ibnet: stopping namenode
comet-05-17.ibnet: stopping datanode
comet-05-27.ibnet: stopping datanode
comet-05-10.ibnet: stopping datanode
Stopping secondary namenodes [comet-05-10.ibnet]
comet-05-10.ibnet: stopping secondarynamenode
17/10/15 22:37:32 WARN util.NativeCodeLoader: Unable to load native-hadoop library for your platform... using builtin-java classes where applicable
Copying Hadoop logs back to /home/sattri/cometcluster/logs...
`/scratch/sattri/11832001/logs' -> `/home/sattri/cometcluster/logs'
`/scratch/sattri/11832001/logs/SecurityAuth-sattri.audit' -> `/home/sattri/cometcluster/logs/SecurityAuth-sattri.audit'
`/scratch/sattri/11832001/logs/hadoop-sattri-namenode-comet-05-10.sdsc.edu.log' -> `/home/sattri/cometcluster/logs/hadoop-sattri-namenode-comet-05-10.sdsc.edu.log'
`/scratch/sattri/11832001/logs/hadoop-sattri-secondarynamenode-comet-05-10.sdsc.edu.out' -> `/home/sattri/cometcluster/logs/hadoop-sattri-secondarynamenode-comet-05-10.sdsc.edu.out'
`/scratch/sattri/11832001/logs/yarn-sattri-resourcemanager-comet-05-10.log' -> `/home/sattri/cometcluster/logs/yarn-sattri-resourcemanager-comet-05-10.log'
`/scratch/sattri/11832001/logs/hadoop-sattri-datanode-comet-05-10.sdsc.edu.log' -> `/home/sattri/cometcluster/logs/hadoop-sattri-datanode-comet-05-10.sdsc.edu.log'
`/scratch/sattri/11832001/logs/yarn-sattri-nodemanager-comet-05-10.sdsc.edu.out' -> `/home/sattri/cometcluster/logs/yarn-sattri-nodemanager-comet-05-10.sdsc.edu.out'
`/scratch/sattri/11832001/logs/hadoop-sattri-datanode-comet-05-10.sdsc.edu.out' -> `/home/sattri/cometcluster/logs/hadoop-sattri-datanode-comet-05-10.sdsc.edu.out'
`/scratch/sattri/11832001/logs/yarn-sattri-nodemanager-comet-05-10.sdsc.edu.log' -> `/home/sattri/cometcluster/logs/yarn-sattri-nodemanager-comet-05-10.sdsc.edu.log'
`/scratch/sattri/11832001/logs/hadoop-sattri-secondarynamenode-comet-05-10.sdsc.edu.log' -> `/home/sattri/cometcluster/logs/hadoop-sattri-secondarynamenode-comet-05-10.sdsc.edu.log'
`/scratch/sattri/11832001/logs/yarn-sattri-resourcemanager-comet-05-10.out' -> `/home/sattri/cometcluster/logs/yarn-sattri-resourcemanager-comet-05-10.out'
`/scratch/sattri/11832001/logs/hadoop-sattri-namenode-comet-05-10.sdsc.edu.out' -> `/home/sattri/cometcluster/logs/hadoop-sattri-namenode-comet-05-10.sdsc.edu.out'
`/scratch/sattri/11832001/logs/userlogs' -> `/home/sattri/cometcluster/logs/userlogs'
`/scratch/sattri/11832001/logs/userlogs/application_1508132107256_0003' -> `/home/sattri/cometcluster/logs/userlogs/application_1508132107256_0003'
`/scratch/sattri/11832001/logs/userlogs/application_1508132107256_0003/container_1508132107256_0003_01_000001' -> `/home/sattri/cometcluster/logs/userlogs/application_1508132107256_0003/container_1508132107256_0003_01_000001'
`/scratch/sattri/11832001/logs/userlogs/application_1508132107256_0003/container_1508132107256_0003_01_000001/stdout' -> `/home/sattri/cometcluster/logs/userlogs/application_1508132107256_0003/container_1508132107256_0003_01_000001/stdout'
`/scratch/sattri/11832001/logs/userlogs/application_1508132107256_0003/container_1508132107256_0003_01_000001/syslog' -> `/home/sattri/cometcluster/logs/userlogs/application_1508132107256_0003/container_1508132107256_0003_01_000001/syslog'
`/scratch/sattri/11832001/logs/userlogs/application_1508132107256_0003/container_1508132107256_0003_01_000001/stderr' -> `/home/sattri/cometcluster/logs/userlogs/application_1508132107256_0003/container_1508132107256_0003_01_000001/stderr'
`/scratch/sattri/11832001/logs/userlogs/application_1508132107256_0004' -> `/home/sattri/cometcluster/logs/userlogs/application_1508132107256_0004'
`/scratch/sattri/11832001/logs/userlogs/application_1508132107256_0004/container_1508132107256_0004_01_000003' -> `/home/sattri/cometcluster/logs/userlogs/application_1508132107256_0004/container_1508132107256_0004_01_000003'
`/scratch/sattri/11832001/logs/userlogs/application_1508132107256_0004/container_1508132107256_0004_01_000003/stdout' -> `/home/sattri/cometcluster/logs/userlogs/application_1508132107256_0004/container_1508132107256_0004_01_000003/stdout'
`/scratch/sattri/11832001/logs/userlogs/application_1508132107256_0004/container_1508132107256_0004_01_000003/syslog' -> `/home/sattri/cometcluster/logs/userlogs/application_1508132107256_0004/container_1508132107256_0004_01_000003/syslog'
`/scratch/sattri/11832001/logs/userlogs/application_1508132107256_0004/container_1508132107256_0004_01_000003/stderr' -> `/home/sattri/cometcluster/logs/userlogs/application_1508132107256_0004/container_1508132107256_0004_01_000003/stderr'
`/scratch/sattri/11832001/logs/userlogs/application_1508132107256_0004/container_1508132107256_0004_01_000001' -> `/home/sattri/cometcluster/logs/userlogs/application_1508132107256_0004/container_1508132107256_0004_01_000001'
`/scratch/sattri/11832001/logs/userlogs/application_1508132107256_0004/container_1508132107256_0004_01_000001/stdout' -> `/home/sattri/cometcluster/logs/userlogs/application_1508132107256_0004/container_1508132107256_0004_01_000001/stdout'
`/scratch/sattri/11832001/logs/userlogs/application_1508132107256_0004/container_1508132107256_0004_01_000001/syslog' -> `/home/sattri/cometcluster/logs/userlogs/application_1508132107256_0004/container_1508132107256_0004_01_000001/syslog'
`/scratch/sattri/11832001/logs/userlogs/application_1508132107256_0004/container_1508132107256_0004_01_000001/stderr' -> `/home/sattri/cometcluster/logs/userlogs/application_1508132107256_0004/container_1508132107256_0004_01_000001/stderr'
`/scratch/sattri/11832001/logs/userlogs/application_1508132107256_0004/container_1508132107256_0004_01_000002' -> `/home/sattri/cometcluster/logs/userlogs/application_1508132107256_0004/container_1508132107256_0004_01_000002'
`/scratch/sattri/11832001/logs/userlogs/application_1508132107256_0004/container_1508132107256_0004_01_000002/stderr' -> `/home/sattri/cometcluster/logs/userlogs/application_1508132107256_0004/container_1508132107256_0004_01_000002/stderr'
`/scratch/sattri/11832001/logs/userlogs/application_1508132107256_0004/container_1508132107256_0004_01_000002/syslog' -> `/home/sattri/cometcluster/logs/userlogs/application_1508132107256_0004/container_1508132107256_0004_01_000002/syslog'
`/scratch/sattri/11832001/logs/userlogs/application_1508132107256_0004/container_1508132107256_0004_01_000002/stdout' -> `/home/sattri/cometcluster/logs/userlogs/application_1508132107256_0004/container_1508132107256_0004_01_000002/stdout'
`/scratch/sattri/11832001/logs/userlogs/application_1508132107256_0007' -> `/home/sattri/cometcluster/logs/userlogs/application_1508132107256_0007'
`/scratch/sattri/11832001/logs/userlogs/application_1508132107256_0007/container_1508132107256_0007_01_000001' -> `/home/sattri/cometcluster/logs/userlogs/application_1508132107256_0007/container_1508132107256_0007_01_000001'
`/scratch/sattri/11832001/logs/userlogs/application_1508132107256_0007/container_1508132107256_0007_01_000001/syslog' -> `/home/sattri/cometcluster/logs/userlogs/application_1508132107256_0007/container_1508132107256_0007_01_000001/syslog'
`/scratch/sattri/11832001/logs/userlogs/application_1508132107256_0007/container_1508132107256_0007_01_000001/stdout' -> `/home/sattri/cometcluster/logs/userlogs/application_1508132107256_0007/container_1508132107256_0007_01_000001/stdout'
`/scratch/sattri/11832001/logs/userlogs/application_1508132107256_0007/container_1508132107256_0007_01_000001/stderr' -> `/home/sattri/cometcluster/logs/userlogs/application_1508132107256_0007/container_1508132107256_0007_01_000001/stderr'
`/scratch/sattri/11832001/logs/userlogs/application_1508132107256_0005' -> `/home/sattri/cometcluster/logs/userlogs/application_1508132107256_0005'
`/scratch/sattri/11832001/logs/userlogs/application_1508132107256_0005/container_1508132107256_0005_01_000002' -> `/home/sattri/cometcluster/logs/userlogs/application_1508132107256_0005/container_1508132107256_0005_01_000002'
`/scratch/sattri/11832001/logs/userlogs/application_1508132107256_0005/container_1508132107256_0005_01_000002/stderr' -> `/home/sattri/cometcluster/logs/userlogs/application_1508132107256_0005/container_1508132107256_0005_01_000002/stderr'
`/scratch/sattri/11832001/logs/userlogs/application_1508132107256_0005/container_1508132107256_0005_01_000002/syslog' -> `/home/sattri/cometcluster/logs/userlogs/application_1508132107256_0005/container_1508132107256_0005_01_000002/syslog'
`/scratch/sattri/11832001/logs/userlogs/application_1508132107256_0005/container_1508132107256_0005_01_000002/stdout' -> `/home/sattri/cometcluster/logs/userlogs/application_1508132107256_0005/container_1508132107256_0005_01_000002/stdout'
`/scratch/sattri/11832001/logs/userlogs/application_1508132107256_0005/container_1508132107256_0005_01_000003' -> `/home/sattri/cometcluster/logs/userlogs/application_1508132107256_0005/container_1508132107256_0005_01_000003'
`/scratch/sattri/11832001/logs/userlogs/application_1508132107256_0005/container_1508132107256_0005_01_000003/stderr' -> `/home/sattri/cometcluster/logs/userlogs/application_1508132107256_0005/container_1508132107256_0005_01_000003/stderr'
`/scratch/sattri/11832001/logs/userlogs/application_1508132107256_0005/container_1508132107256_0005_01_000003/stdout' -> `/home/sattri/cometcluster/logs/userlogs/application_1508132107256_0005/container_1508132107256_0005_01_000003/stdout'
`/scratch/sattri/11832001/logs/userlogs/application_1508132107256_0005/container_1508132107256_0005_01_000003/syslog' -> `/home/sattri/cometcluster/logs/userlogs/application_1508132107256_0005/container_1508132107256_0005_01_000003/syslog'
`/scratch/sattri/11832001/logs/userlogs/application_1508132107256_0006' -> `/home/sattri/cometcluster/logs/userlogs/application_1508132107256_0006'
`/scratch/sattri/11832001/logs/userlogs/application_1508132107256_0006/container_1508132107256_0006_01_000001' -> `/home/sattri/cometcluster/logs/userlogs/application_1508132107256_0006/container_1508132107256_0006_01_000001'
`/scratch/sattri/11832001/logs/userlogs/application_1508132107256_0006/container_1508132107256_0006_01_000001/stdout' -> `/home/sattri/cometcluster/logs/userlogs/application_1508132107256_0006/container_1508132107256_0006_01_000001/stdout'
`/scratch/sattri/11832001/logs/userlogs/application_1508132107256_0006/container_1508132107256_0006_01_000001/syslog' -> `/home/sattri/cometcluster/logs/userlogs/application_1508132107256_0006/container_1508132107256_0006_01_000001/syslog'
`/scratch/sattri/11832001/logs/userlogs/application_1508132107256_0006/container_1508132107256_0006_01_000001/stderr' -> `/home/sattri/cometcluster/logs/userlogs/application_1508132107256_0006/container_1508132107256_0006_01_000001/stderr'
removed directory: `/scratch/sattri/11832001/mapred_scratch/usercache/sattri/appcache'
removed directory: `/scratch/sattri/11832001/mapred_scratch/usercache/sattri/filecache'
removed directory: `/scratch/sattri/11832001/mapred_scratch/usercache/sattri'
removed directory: `/scratch/sattri/11832001/mapred_scratch/usercache'
removed directory: `/scratch/sattri/11832001/mapred_scratch/nmPrivate'
removed directory: `/scratch/sattri/11832001/mapred_scratch/filecache'
removed directory: `/scratch/sattri/11832001/mapred_scratch'
removed `/scratch/sattri/11832001/tmp/dfs/namesecondary/current/fsimage_0000000000000000289.md5'
removed `/scratch/sattri/11832001/tmp/dfs/namesecondary/current/edits_0000000000000000001-0000000000000000289'
removed `/scratch/sattri/11832001/tmp/dfs/namesecondary/current/fsimage_0000000000000000000.md5'
removed `/scratch/sattri/11832001/tmp/dfs/namesecondary/current/VERSION'
removed `/scratch/sattri/11832001/tmp/dfs/namesecondary/current/fsimage_0000000000000000289'
removed `/scratch/sattri/11832001/tmp/dfs/namesecondary/current/fsimage_0000000000000000000'
removed directory: `/scratch/sattri/11832001/tmp/dfs/namesecondary/current'
removed directory: `/scratch/sattri/11832001/tmp/dfs/namesecondary'
removed directory: `/scratch/sattri/11832001/tmp/dfs'
removed directory: `/scratch/sattri/11832001/tmp'
removed `/scratch/sattri/11832001/namenode_data/current/edits_0000000000000000001-0000000000000000289'
removed `/scratch/sattri/11832001/namenode_data/current/seen_txid'
removed `/scratch/sattri/11832001/namenode_data/current/fsimage_0000000000000000000'
removed `/scratch/sattri/11832001/namenode_data/current/VERSION'
removed `/scratch/sattri/11832001/namenode_data/current/fsimage_0000000000000000289'
removed `/scratch/sattri/11832001/namenode_data/current/edits_inprogress_0000000000000000290'
removed `/scratch/sattri/11832001/namenode_data/current/fsimage_0000000000000000289.md5'
removed `/scratch/sattri/11832001/namenode_data/current/fsimage_0000000000000000000.md5'
removed directory: `/scratch/sattri/11832001/namenode_data/current'
removed directory: `/scratch/sattri/11832001/namenode_data'
removed `/scratch/sattri/11832001/hdfs_data/current/VERSION'
removed `/scratch/sattri/11832001/hdfs_data/current/BP-1959703351-198.202.114.89-1508132090132/dncp_block_verification.log.prev'
removed directory: `/scratch/sattri/11832001/hdfs_data/current/BP-1959703351-198.202.114.89-1508132090132/tmp'
removed `/scratch/sattri/11832001/hdfs_data/current/BP-1959703351-198.202.114.89-1508132090132/current/finalized/subdir0/subdir0/blk_1073741864'
removed `/scratch/sattri/11832001/hdfs_data/current/BP-1959703351-198.202.114.89-1508132090132/current/finalized/subdir0/subdir0/blk_1073741835_1011.meta'
removed `/scratch/sattri/11832001/hdfs_data/current/BP-1959703351-198.202.114.89-1508132090132/current/finalized/subdir0/subdir0/blk_1073741893_1069.meta'
removed `/scratch/sattri/11832001/hdfs_data/current/BP-1959703351-198.202.114.89-1508132090132/current/finalized/subdir0/subdir0/blk_1073741875_1051.meta'
removed `/scratch/sattri/11832001/hdfs_data/current/BP-1959703351-198.202.114.89-1508132090132/current/finalized/subdir0/subdir0/blk_1073741893'
removed `/scratch/sattri/11832001/hdfs_data/current/BP-1959703351-198.202.114.89-1508132090132/current/finalized/subdir0/subdir0/blk_1073741845'
removed `/scratch/sattri/11832001/hdfs_data/current/BP-1959703351-198.202.114.89-1508132090132/current/finalized/subdir0/subdir0/blk_1073741843_1019.meta'
removed `/scratch/sattri/11832001/hdfs_data/current/BP-1959703351-198.202.114.89-1508132090132/current/finalized/subdir0/subdir0/blk_1073741835'
removed `/scratch/sattri/11832001/hdfs_data/current/BP-1959703351-198.202.114.89-1508132090132/current/finalized/subdir0/subdir0/blk_1073741842'
removed `/scratch/sattri/11832001/hdfs_data/current/BP-1959703351-198.202.114.89-1508132090132/current/finalized/subdir0/subdir0/blk_1073741863_1039.meta'
removed `/scratch/sattri/11832001/hdfs_data/current/BP-1959703351-198.202.114.89-1508132090132/current/finalized/subdir0/subdir0/blk_1073741873_1049.meta'
removed `/scratch/sattri/11832001/hdfs_data/current/BP-1959703351-198.202.114.89-1508132090132/current/finalized/subdir0/subdir0/blk_1073741894'
removed `/scratch/sattri/11832001/hdfs_data/current/BP-1959703351-198.202.114.89-1508132090132/current/finalized/subdir0/subdir0/blk_1073741844_1020.meta'
removed `/scratch/sattri/11832001/hdfs_data/current/BP-1959703351-198.202.114.89-1508132090132/current/finalized/subdir0/subdir0/blk_1073741895_1071.meta'
removed `/scratch/sattri/11832001/hdfs_data/current/BP-1959703351-198.202.114.89-1508132090132/current/finalized/subdir0/subdir0/blk_1073741833_1009.meta'
removed `/scratch/sattri/11832001/hdfs_data/current/BP-1959703351-198.202.114.89-1508132090132/current/finalized/subdir0/subdir0/blk_1073741863'
removed `/scratch/sattri/11832001/hdfs_data/current/BP-1959703351-198.202.114.89-1508132090132/current/finalized/subdir0/subdir0/blk_1073741862_1038.meta'
removed `/scratch/sattri/11832001/hdfs_data/current/BP-1959703351-198.202.114.89-1508132090132/current/finalized/subdir0/subdir0/blk_1073741872_1048.meta'
removed `/scratch/sattri/11832001/hdfs_data/current/BP-1959703351-198.202.114.89-1508132090132/current/finalized/subdir0/subdir0/blk_1073741883'
removed `/scratch/sattri/11832001/hdfs_data/current/BP-1959703351-198.202.114.89-1508132090132/current/finalized/subdir0/subdir0/blk_1073741842_1018.meta'
removed `/scratch/sattri/11832001/hdfs_data/current/BP-1959703351-198.202.114.89-1508132090132/current/finalized/subdir0/subdir0/blk_1073741855'
removed `/scratch/sattri/11832001/hdfs_data/current/BP-1959703351-198.202.114.89-1508132090132/current/finalized/subdir0/subdir0/blk_1073741874'
removed `/scratch/sattri/11832001/hdfs_data/current/BP-1959703351-198.202.114.89-1508132090132/current/finalized/subdir0/subdir0/blk_1073741845_1021.meta'
removed `/scratch/sattri/11832001/hdfs_data/current/BP-1959703351-198.202.114.89-1508132090132/current/finalized/subdir0/subdir0/blk_1073741894_1070.meta'
removed `/scratch/sattri/11832001/hdfs_data/current/BP-1959703351-198.202.114.89-1508132090132/current/finalized/subdir0/subdir0/blk_1073741831'
removed `/scratch/sattri/11832001/hdfs_data/current/BP-1959703351-198.202.114.89-1508132090132/current/finalized/subdir0/subdir0/blk_1073741834_1010.meta'
removed `/scratch/sattri/11832001/hdfs_data/current/BP-1959703351-198.202.114.89-1508132090132/current/finalized/subdir0/subdir0/blk_1073741892_1068.meta'
removed `/scratch/sattri/11832001/hdfs_data/current/BP-1959703351-198.202.114.89-1508132090132/current/finalized/subdir0/subdir0/blk_1073741873'
removed `/scratch/sattri/11832001/hdfs_data/current/BP-1959703351-198.202.114.89-1508132090132/current/finalized/subdir0/subdir0/blk_1073741852'
removed `/scratch/sattri/11832001/hdfs_data/current/BP-1959703351-198.202.114.89-1508132090132/current/finalized/subdir0/subdir0/blk_1073741825'
removed `/scratch/sattri/11832001/hdfs_data/current/BP-1959703351-198.202.114.89-1508132090132/current/finalized/subdir0/subdir0/blk_1073741874_1050.meta'
removed `/scratch/sattri/11832001/hdfs_data/current/BP-1959703351-198.202.114.89-1508132090132/current/finalized/subdir0/subdir0/blk_1073741884'
removed `/scratch/sattri/11832001/hdfs_data/current/BP-1959703351-198.202.114.89-1508132090132/current/finalized/subdir0/subdir0/blk_1073741883_1059.meta'
removed `/scratch/sattri/11832001/hdfs_data/current/BP-1959703351-198.202.114.89-1508132090132/current/finalized/subdir0/subdir0/blk_1073741862'
removed `/scratch/sattri/11832001/hdfs_data/current/BP-1959703351-198.202.114.89-1508132090132/current/finalized/subdir0/subdir0/blk_1073741843'
removed `/scratch/sattri/11832001/hdfs_data/current/BP-1959703351-198.202.114.89-1508132090132/current/finalized/subdir0/subdir0/blk_1073741834'
removed `/scratch/sattri/11832001/hdfs_data/current/BP-1959703351-198.202.114.89-1508132090132/current/finalized/subdir0/subdir0/blk_1073741884_1060.meta'
removed `/scratch/sattri/11832001/hdfs_data/current/BP-1959703351-198.202.114.89-1508132090132/current/finalized/subdir0/subdir0/blk_1073741855_1031.meta'
removed `/scratch/sattri/11832001/hdfs_data/current/BP-1959703351-198.202.114.89-1508132090132/current/finalized/subdir0/subdir0/blk_1073741895'
removed `/scratch/sattri/11832001/hdfs_data/current/BP-1959703351-198.202.114.89-1508132090132/current/finalized/subdir0/subdir0/blk_1073741892'
removed `/scratch/sattri/11832001/hdfs_data/current/BP-1959703351-198.202.114.89-1508132090132/current/finalized/subdir0/subdir0/blk_1073741853_1029.meta'
removed `/scratch/sattri/11832001/hdfs_data/current/BP-1959703351-198.202.114.89-1508132090132/current/finalized/subdir0/subdir0/blk_1073741833'
removed `/scratch/sattri/11832001/hdfs_data/current/BP-1959703351-198.202.114.89-1508132090132/current/finalized/subdir0/subdir0/blk_1073741844'
removed `/scratch/sattri/11832001/hdfs_data/current/BP-1959703351-198.202.114.89-1508132090132/current/finalized/subdir0/subdir0/blk_1073741865'
removed `/scratch/sattri/11832001/hdfs_data/current/BP-1959703351-198.202.114.89-1508132090132/current/finalized/subdir0/subdir0/blk_1073741864_1040.meta'
removed `/scratch/sattri/11832001/hdfs_data/current/BP-1959703351-198.202.114.89-1508132090132/current/finalized/subdir0/subdir0/blk_1073741852_1028.meta'
removed `/scratch/sattri/11832001/hdfs_data/current/BP-1959703351-198.202.114.89-1508132090132/current/finalized/subdir0/subdir0/blk_1073741825_1001.meta'
removed `/scratch/sattri/11832001/hdfs_data/current/BP-1959703351-198.202.114.89-1508132090132/current/finalized/subdir0/subdir0/blk_1073741853'
removed `/scratch/sattri/11832001/hdfs_data/current/BP-1959703351-198.202.114.89-1508132090132/current/finalized/subdir0/subdir0/blk_1073741885'
removed `/scratch/sattri/11832001/hdfs_data/current/BP-1959703351-198.202.114.89-1508132090132/current/finalized/subdir0/subdir0/blk_1073741872'
removed `/scratch/sattri/11832001/hdfs_data/current/BP-1959703351-198.202.114.89-1508132090132/current/finalized/subdir0/subdir0/blk_1073741865_1041.meta'
removed `/scratch/sattri/11832001/hdfs_data/current/BP-1959703351-198.202.114.89-1508132090132/current/finalized/subdir0/subdir0/blk_1073741831_1007.meta'
removed `/scratch/sattri/11832001/hdfs_data/current/BP-1959703351-198.202.114.89-1508132090132/current/finalized/subdir0/subdir0/blk_1073741875'
removed `/scratch/sattri/11832001/hdfs_data/current/BP-1959703351-198.202.114.89-1508132090132/current/finalized/subdir0/subdir0/blk_1073741882_1058.meta'
removed `/scratch/sattri/11832001/hdfs_data/current/BP-1959703351-198.202.114.89-1508132090132/current/finalized/subdir0/subdir0/blk_1073741882'
removed `/scratch/sattri/11832001/hdfs_data/current/BP-1959703351-198.202.114.89-1508132090132/current/finalized/subdir0/subdir0/blk_1073741854'
removed `/scratch/sattri/11832001/hdfs_data/current/BP-1959703351-198.202.114.89-1508132090132/current/finalized/subdir0/subdir0/blk_1073741885_1061.meta'
removed `/scratch/sattri/11832001/hdfs_data/current/BP-1959703351-198.202.114.89-1508132090132/current/finalized/subdir0/subdir0/blk_1073741854_1030.meta'
removed directory: `/scratch/sattri/11832001/hdfs_data/current/BP-1959703351-198.202.114.89-1508132090132/current/finalized/subdir0/subdir0'
removed directory: `/scratch/sattri/11832001/hdfs_data/current/BP-1959703351-198.202.114.89-1508132090132/current/finalized/subdir0'
removed directory: `/scratch/sattri/11832001/hdfs_data/current/BP-1959703351-198.202.114.89-1508132090132/current/finalized'
removed directory: `/scratch/sattri/11832001/hdfs_data/current/BP-1959703351-198.202.114.89-1508132090132/current/rbw'
removed `/scratch/sattri/11832001/hdfs_data/current/BP-1959703351-198.202.114.89-1508132090132/current/dfsUsed'
removed `/scratch/sattri/11832001/hdfs_data/current/BP-1959703351-198.202.114.89-1508132090132/current/VERSION'
removed directory: `/scratch/sattri/11832001/hdfs_data/current/BP-1959703351-198.202.114.89-1508132090132/current'
removed `/scratch/sattri/11832001/hdfs_data/current/BP-1959703351-198.202.114.89-1508132090132/dncp_block_verification.log.curr'
removed directory: `/scratch/sattri/11832001/hdfs_data/current/BP-1959703351-198.202.114.89-1508132090132'
removed directory: `/scratch/sattri/11832001/hdfs_data/current'
removed directory: `/scratch/sattri/11832001/hdfs_data'
removed directory: `/scratch/sattri/11832001/pids'
removed `/scratch/sattri/11832001/logs/SecurityAuth-sattri.audit'
removed `/scratch/sattri/11832001/logs/hadoop-sattri-namenode-comet-05-10.sdsc.edu.log'
removed `/scratch/sattri/11832001/logs/hadoop-sattri-secondarynamenode-comet-05-10.sdsc.edu.out'
removed `/scratch/sattri/11832001/logs/yarn-sattri-resourcemanager-comet-05-10.log'
removed `/scratch/sattri/11832001/logs/hadoop-sattri-datanode-comet-05-10.sdsc.edu.log'
removed `/scratch/sattri/11832001/logs/yarn-sattri-nodemanager-comet-05-10.sdsc.edu.out'
removed `/scratch/sattri/11832001/logs/hadoop-sattri-datanode-comet-05-10.sdsc.edu.out'
removed `/scratch/sattri/11832001/logs/yarn-sattri-nodemanager-comet-05-10.sdsc.edu.log'
removed `/scratch/sattri/11832001/logs/hadoop-sattri-secondarynamenode-comet-05-10.sdsc.edu.log'
removed `/scratch/sattri/11832001/logs/yarn-sattri-resourcemanager-comet-05-10.out'
removed `/scratch/sattri/11832001/logs/hadoop-sattri-namenode-comet-05-10.sdsc.edu.out'
removed `/scratch/sattri/11832001/logs/userlogs/application_1508132107256_0003/container_1508132107256_0003_01_000001/stdout'
removed `/scratch/sattri/11832001/logs/userlogs/application_1508132107256_0003/container_1508132107256_0003_01_000001/syslog'
removed `/scratch/sattri/11832001/logs/userlogs/application_1508132107256_0003/container_1508132107256_0003_01_000001/stderr'
removed directory: `/scratch/sattri/11832001/logs/userlogs/application_1508132107256_0003/container_1508132107256_0003_01_000001'
removed directory: `/scratch/sattri/11832001/logs/userlogs/application_1508132107256_0003'
removed `/scratch/sattri/11832001/logs/userlogs/application_1508132107256_0004/container_1508132107256_0004_01_000003/stdout'
removed `/scratch/sattri/11832001/logs/userlogs/application_1508132107256_0004/container_1508132107256_0004_01_000003/syslog'
removed `/scratch/sattri/11832001/logs/userlogs/application_1508132107256_0004/container_1508132107256_0004_01_000003/stderr'
removed directory: `/scratch/sattri/11832001/logs/userlogs/application_1508132107256_0004/container_1508132107256_0004_01_000003'
removed `/scratch/sattri/11832001/logs/userlogs/application_1508132107256_0004/container_1508132107256_0004_01_000001/stdout'
removed `/scratch/sattri/11832001/logs/userlogs/application_1508132107256_0004/container_1508132107256_0004_01_000001/syslog'
removed `/scratch/sattri/11832001/logs/userlogs/application_1508132107256_0004/container_1508132107256_0004_01_000001/stderr'
removed directory: `/scratch/sattri/11832001/logs/userlogs/application_1508132107256_0004/container_1508132107256_0004_01_000001'
removed `/scratch/sattri/11832001/logs/userlogs/application_1508132107256_0004/container_1508132107256_0004_01_000002/stderr'
removed `/scratch/sattri/11832001/logs/userlogs/application_1508132107256_0004/container_1508132107256_0004_01_000002/syslog'
removed `/scratch/sattri/11832001/logs/userlogs/application_1508132107256_0004/container_1508132107256_0004_01_000002/stdout'
removed directory: `/scratch/sattri/11832001/logs/userlogs/application_1508132107256_0004/container_1508132107256_0004_01_000002'
removed directory: `/scratch/sattri/11832001/logs/userlogs/application_1508132107256_0004'
removed `/scratch/sattri/11832001/logs/userlogs/application_1508132107256_0007/container_1508132107256_0007_01_000001/syslog'
removed `/scratch/sattri/11832001/logs/userlogs/application_1508132107256_0007/container_1508132107256_0007_01_000001/stdout'
removed `/scratch/sattri/11832001/logs/userlogs/application_1508132107256_0007/container_1508132107256_0007_01_000001/stderr'
removed directory: `/scratch/sattri/11832001/logs/userlogs/application_1508132107256_0007/container_1508132107256_0007_01_000001'
removed directory: `/scratch/sattri/11832001/logs/userlogs/application_1508132107256_0007'
removed `/scratch/sattri/11832001/logs/userlogs/application_1508132107256_0005/container_1508132107256_0005_01_000002/stderr'
removed `/scratch/sattri/11832001/logs/userlogs/application_1508132107256_0005/container_1508132107256_0005_01_000002/syslog'
removed `/scratch/sattri/11832001/logs/userlogs/application_1508132107256_0005/container_1508132107256_0005_01_000002/stdout'
removed directory: `/scratch/sattri/11832001/logs/userlogs/application_1508132107256_0005/container_1508132107256_0005_01_000002'
removed `/scratch/sattri/11832001/logs/userlogs/application_1508132107256_0005/container_1508132107256_0005_01_000003/stderr'
removed `/scratch/sattri/11832001/logs/userlogs/application_1508132107256_0005/container_1508132107256_0005_01_000003/stdout'
removed `/scratch/sattri/11832001/logs/userlogs/application_1508132107256_0005/container_1508132107256_0005_01_000003/syslog'
removed directory: `/scratch/sattri/11832001/logs/userlogs/application_1508132107256_0005/container_1508132107256_0005_01_000003'
removed directory: `/scratch/sattri/11832001/logs/userlogs/application_1508132107256_0005'
removed `/scratch/sattri/11832001/logs/userlogs/application_1508132107256_0006/container_1508132107256_0006_01_000001/stdout'
removed `/scratch/sattri/11832001/logs/userlogs/application_1508132107256_0006/container_1508132107256_0006_01_000001/syslog'
removed `/scratch/sattri/11832001/logs/userlogs/application_1508132107256_0006/container_1508132107256_0006_01_000001/stderr'
removed directory: `/scratch/sattri/11832001/logs/userlogs/application_1508132107256_0006/container_1508132107256_0006_01_000001'
removed directory: `/scratch/sattri/11832001/logs/userlogs/application_1508132107256_0006'
removed directory: `/scratch/sattri/11832001/logs/userlogs'
removed directory: `/scratch/sattri/11832001/logs'
removed directory: `/scratch/sattri/11832001/mapred_scratch/usercache/sattri/appcache'
removed directory: `/scratch/sattri/11832001/mapred_scratch/usercache/sattri/filecache'
removed directory: `/scratch/sattri/11832001/mapred_scratch/usercache/sattri'
removed directory: `/scratch/sattri/11832001/mapred_scratch/usercache'
removed directory: `/scratch/sattri/11832001/mapred_scratch/nmPrivate'
removed directory: `/scratch/sattri/11832001/mapred_scratch/filecache'
removed directory: `/scratch/sattri/11832001/mapred_scratch'
removed `/scratch/sattri/11832001/hdfs_data/current/BP-1959703351-198.202.114.89-1508132090132/dncp_block_verification.log.curr'
removed `/scratch/sattri/11832001/hdfs_data/current/BP-1959703351-198.202.114.89-1508132090132/current/finalized/subdir0/subdir0/blk_1073741885'
removed `/scratch/sattri/11832001/hdfs_data/current/BP-1959703351-198.202.114.89-1508132090132/current/finalized/subdir0/subdir0/blk_1073741874_1050.meta'
removed `/scratch/sattri/11832001/hdfs_data/current/BP-1959703351-198.202.114.89-1508132090132/current/finalized/subdir0/subdir0/blk_1073741853'
removed `/scratch/sattri/11832001/hdfs_data/current/BP-1959703351-198.202.114.89-1508132090132/current/finalized/subdir0/subdir0/blk_1073741872'
removed `/scratch/sattri/11832001/hdfs_data/current/BP-1959703351-198.202.114.89-1508132090132/current/finalized/subdir0/subdir0/blk_1073741892_1068.meta'
removed `/scratch/sattri/11832001/hdfs_data/current/BP-1959703351-198.202.114.89-1508132090132/current/finalized/subdir0/subdir0/blk_1073741834_1010.meta'
removed `/scratch/sattri/11832001/hdfs_data/current/BP-1959703351-198.202.114.89-1508132090132/current/finalized/subdir0/subdir0/blk_1073741894_1070.meta'
removed `/scratch/sattri/11832001/hdfs_data/current/BP-1959703351-198.202.114.89-1508132090132/current/finalized/subdir0/subdir0/blk_1073741845_1021.meta'
removed `/scratch/sattri/11832001/hdfs_data/current/BP-1959703351-198.202.114.89-1508132090132/current/finalized/subdir0/subdir0/blk_1073741875'
removed `/scratch/sattri/11832001/hdfs_data/current/BP-1959703351-198.202.114.89-1508132090132/current/finalized/subdir0/subdir0/blk_1073741842_1018.meta'
removed `/scratch/sattri/11832001/hdfs_data/current/BP-1959703351-198.202.114.89-1508132090132/current/finalized/subdir0/subdir0/blk_1073741854'
removed `/scratch/sattri/11832001/hdfs_data/current/BP-1959703351-198.202.114.89-1508132090132/current/finalized/subdir0/subdir0/blk_1073741862_1038.meta'
removed `/scratch/sattri/11832001/hdfs_data/current/BP-1959703351-198.202.114.89-1508132090132/current/finalized/subdir0/subdir0/blk_1073741872_1048.meta'
removed `/scratch/sattri/11832001/hdfs_data/current/BP-1959703351-198.202.114.89-1508132090132/current/finalized/subdir0/subdir0/blk_1073741882'
removed `/scratch/sattri/11832001/hdfs_data/current/BP-1959703351-198.202.114.89-1508132090132/current/finalized/subdir0/subdir0/blk_1073741862'
removed `/scratch/sattri/11832001/hdfs_data/current/BP-1959703351-198.202.114.89-1508132090132/current/finalized/subdir0/subdir0/blk_1073741833_1009.meta'
removed `/scratch/sattri/11832001/hdfs_data/current/BP-1959703351-198.202.114.89-1508132090132/current/finalized/subdir0/subdir0/blk_1073741895_1071.meta'
removed `/scratch/sattri/11832001/hdfs_data/current/BP-1959703351-198.202.114.89-1508132090132/current/finalized/subdir0/subdir0/blk_1073741844_1020.meta'
removed `/scratch/sattri/11832001/hdfs_data/current/BP-1959703351-198.202.114.89-1508132090132/current/finalized/subdir0/subdir0/blk_1073741863_1039.meta'
removed `/scratch/sattri/11832001/hdfs_data/current/BP-1959703351-198.202.114.89-1508132090132/current/finalized/subdir0/subdir0/blk_1073741873_1049.meta'
removed `/scratch/sattri/11832001/hdfs_data/current/BP-1959703351-198.202.114.89-1508132090132/current/finalized/subdir0/subdir0/blk_1073741895'
removed `/scratch/sattri/11832001/hdfs_data/current/BP-1959703351-198.202.114.89-1508132090132/current/finalized/subdir0/subdir0/blk_1073741843_1019.meta'
removed `/scratch/sattri/11832001/hdfs_data/current/BP-1959703351-198.202.114.89-1508132090132/current/finalized/subdir0/subdir0/blk_1073741834'
removed `/scratch/sattri/11832001/hdfs_data/current/BP-1959703351-198.202.114.89-1508132090132/current/finalized/subdir0/subdir0/blk_1073741843'
removed `/scratch/sattri/11832001/hdfs_data/current/BP-1959703351-198.202.114.89-1508132090132/current/finalized/subdir0/subdir0/blk_1073741844'
removed `/scratch/sattri/11832001/hdfs_data/current/BP-1959703351-198.202.114.89-1508132090132/current/finalized/subdir0/subdir0/blk_1073741833'
removed `/scratch/sattri/11832001/hdfs_data/current/BP-1959703351-198.202.114.89-1508132090132/current/finalized/subdir0/subdir0/blk_1073741892'
removed `/scratch/sattri/11832001/hdfs_data/current/BP-1959703351-198.202.114.89-1508132090132/current/finalized/subdir0/subdir0/blk_1073741875_1051.meta'
removed `/scratch/sattri/11832001/hdfs_data/current/BP-1959703351-198.202.114.89-1508132090132/current/finalized/subdir0/subdir0/blk_1073741893_1069.meta'
removed `/scratch/sattri/11832001/hdfs_data/current/BP-1959703351-198.202.114.89-1508132090132/current/finalized/subdir0/subdir0/blk_1073741835_1011.meta'
removed `/scratch/sattri/11832001/hdfs_data/current/BP-1959703351-198.202.114.89-1508132090132/current/finalized/subdir0/subdir0/blk_1073741865'
removed `/scratch/sattri/11832001/hdfs_data/current/BP-1959703351-198.202.114.89-1508132090132/current/finalized/subdir0/subdir0/blk_1073741854_1030.meta'
removed `/scratch/sattri/11832001/hdfs_data/current/BP-1959703351-198.202.114.89-1508132090132/current/finalized/subdir0/subdir0/blk_1073741885_1061.meta'
removed `/scratch/sattri/11832001/hdfs_data/current/BP-1959703351-198.202.114.89-1508132090132/current/finalized/subdir0/subdir0/blk_1073741855'
removed `/scratch/sattri/11832001/hdfs_data/current/BP-1959703351-198.202.114.89-1508132090132/current/finalized/subdir0/subdir0/blk_1073741883'
removed `/scratch/sattri/11832001/hdfs_data/current/BP-1959703351-198.202.114.89-1508132090132/current/finalized/subdir0/subdir0/blk_1073741882_1058.meta'
removed `/scratch/sattri/11832001/hdfs_data/current/BP-1959703351-198.202.114.89-1508132090132/current/finalized/subdir0/subdir0/blk_1073741831'
removed `/scratch/sattri/11832001/hdfs_data/current/BP-1959703351-198.202.114.89-1508132090132/current/finalized/subdir0/subdir0/blk_1073741874'
removed `/scratch/sattri/11832001/hdfs_data/current/BP-1959703351-198.202.114.89-1508132090132/current/finalized/subdir0/subdir0/blk_1073741831_1007.meta'
removed `/scratch/sattri/11832001/hdfs_data/current/BP-1959703351-198.202.114.89-1508132090132/current/finalized/subdir0/subdir0/blk_1073741865_1041.meta'
removed `/scratch/sattri/11832001/hdfs_data/current/BP-1959703351-198.202.114.89-1508132090132/current/finalized/subdir0/subdir0/blk_1073741873'
removed `/scratch/sattri/11832001/hdfs_data/current/BP-1959703351-198.202.114.89-1508132090132/current/finalized/subdir0/subdir0/blk_1073741884'
removed `/scratch/sattri/11832001/hdfs_data/current/BP-1959703351-198.202.114.89-1508132090132/current/finalized/subdir0/subdir0/blk_1073741825'
removed `/scratch/sattri/11832001/hdfs_data/current/BP-1959703351-198.202.114.89-1508132090132/current/finalized/subdir0/subdir0/blk_1073741852'
removed `/scratch/sattri/11832001/hdfs_data/current/BP-1959703351-198.202.114.89-1508132090132/current/finalized/subdir0/subdir0/blk_1073741825_1001.meta'
removed `/scratch/sattri/11832001/hdfs_data/current/BP-1959703351-198.202.114.89-1508132090132/current/finalized/subdir0/subdir0/blk_1073741852_1028.meta'
removed `/scratch/sattri/11832001/hdfs_data/current/BP-1959703351-198.202.114.89-1508132090132/current/finalized/subdir0/subdir0/blk_1073741864_1040.meta'
removed `/scratch/sattri/11832001/hdfs_data/current/BP-1959703351-198.202.114.89-1508132090132/current/finalized/subdir0/subdir0/blk_1073741864'
removed `/scratch/sattri/11832001/hdfs_data/current/BP-1959703351-198.202.114.89-1508132090132/current/finalized/subdir0/subdir0/blk_1073741845'
removed `/scratch/sattri/11832001/hdfs_data/current/BP-1959703351-198.202.114.89-1508132090132/current/finalized/subdir0/subdir0/blk_1073741853_1029.meta'
removed `/scratch/sattri/11832001/hdfs_data/current/BP-1959703351-198.202.114.89-1508132090132/current/finalized/subdir0/subdir0/blk_1073741893'
removed `/scratch/sattri/11832001/hdfs_data/current/BP-1959703351-198.202.114.89-1508132090132/current/finalized/subdir0/subdir0/blk_1073741894'
removed `/scratch/sattri/11832001/hdfs_data/current/BP-1959703351-198.202.114.89-1508132090132/current/finalized/subdir0/subdir0/blk_1073741855_1031.meta'
removed `/scratch/sattri/11832001/hdfs_data/current/BP-1959703351-198.202.114.89-1508132090132/current/finalized/subdir0/subdir0/blk_1073741884_1060.meta'
removed `/scratch/sattri/11832001/hdfs_data/current/BP-1959703351-198.202.114.89-1508132090132/current/finalized/subdir0/subdir0/blk_1073741842'
removed `/scratch/sattri/11832001/hdfs_data/current/BP-1959703351-198.202.114.89-1508132090132/current/finalized/subdir0/subdir0/blk_1073741835'
removed `/scratch/sattri/11832001/hdfs_data/current/BP-1959703351-198.202.114.89-1508132090132/current/finalized/subdir0/subdir0/blk_1073741863'
removed `/scratch/sattri/11832001/hdfs_data/current/BP-1959703351-198.202.114.89-1508132090132/current/finalized/subdir0/subdir0/blk_1073741883_1059.meta'
removed directory: `/scratch/sattri/11832001/hdfs_data/current/BP-1959703351-198.202.114.89-1508132090132/current/finalized/subdir0/subdir0'
removed directory: `/scratch/sattri/11832001/hdfs_data/current/BP-1959703351-198.202.114.89-1508132090132/current/finalized/subdir0'
removed directory: `/scratch/sattri/11832001/hdfs_data/current/BP-1959703351-198.202.114.89-1508132090132/current/finalized'
removed `/scratch/sattri/11832001/hdfs_data/current/BP-1959703351-198.202.114.89-1508132090132/current/VERSION'
removed directory: `/scratch/sattri/11832001/hdfs_data/current/BP-1959703351-198.202.114.89-1508132090132/current/rbw'
removed `/scratch/sattri/11832001/hdfs_data/current/BP-1959703351-198.202.114.89-1508132090132/current/dfsUsed'
removed directory: `/scratch/sattri/11832001/hdfs_data/current/BP-1959703351-198.202.114.89-1508132090132/current'
removed `/scratch/sattri/11832001/hdfs_data/current/BP-1959703351-198.202.114.89-1508132090132/dncp_block_verification.log.prev'
removed directory: `/scratch/sattri/11832001/hdfs_data/current/BP-1959703351-198.202.114.89-1508132090132/tmp'
removed directory: `/scratch/sattri/11832001/hdfs_data/current/BP-1959703351-198.202.114.89-1508132090132'
removed `/scratch/sattri/11832001/hdfs_data/current/VERSION'
removed directory: `/scratch/sattri/11832001/hdfs_data/current'
removed directory: `/scratch/sattri/11832001/hdfs_data'
removed directory: `/scratch/sattri/11832001/pids'
removed `/scratch/sattri/11832001/logs/hadoop-sattri-datanode-comet-05-17.sdsc.edu.log'
removed `/scratch/sattri/11832001/logs/yarn-sattri-nodemanager-comet-05-17.sdsc.edu.log'
removed `/scratch/sattri/11832001/logs/SecurityAuth-sattri.audit'
removed `/scratch/sattri/11832001/logs/userlogs/application_1508132107256_0001/container_1508132107256_0001_01_000001/syslog'
removed `/scratch/sattri/11832001/logs/userlogs/application_1508132107256_0001/container_1508132107256_0001_01_000001/stdout'
removed `/scratch/sattri/11832001/logs/userlogs/application_1508132107256_0001/container_1508132107256_0001_01_000001/stderr'
removed directory: `/scratch/sattri/11832001/logs/userlogs/application_1508132107256_0001/container_1508132107256_0001_01_000001'
removed directory: `/scratch/sattri/11832001/logs/userlogs/application_1508132107256_0001'
removed `/scratch/sattri/11832001/logs/userlogs/application_1508132107256_0006/container_1508132107256_0006_01_000003/syslog'
removed `/scratch/sattri/11832001/logs/userlogs/application_1508132107256_0006/container_1508132107256_0006_01_000003/stdout'
removed `/scratch/sattri/11832001/logs/userlogs/application_1508132107256_0006/container_1508132107256_0006_01_000003/stderr'
removed directory: `/scratch/sattri/11832001/logs/userlogs/application_1508132107256_0006/container_1508132107256_0006_01_000003'
removed directory: `/scratch/sattri/11832001/logs/userlogs/application_1508132107256_0006'
removed `/scratch/sattri/11832001/logs/userlogs/application_1508132107256_0005/container_1508132107256_0005_01_000001/syslog'
removed `/scratch/sattri/11832001/logs/userlogs/application_1508132107256_0005/container_1508132107256_0005_01_000001/stdout'
removed `/scratch/sattri/11832001/logs/userlogs/application_1508132107256_0005/container_1508132107256_0005_01_000001/stderr'
removed directory: `/scratch/sattri/11832001/logs/userlogs/application_1508132107256_0005/container_1508132107256_0005_01_000001'
removed directory: `/scratch/sattri/11832001/logs/userlogs/application_1508132107256_0005'
removed `/scratch/sattri/11832001/logs/userlogs/application_1508132107256_0007/container_1508132107256_0007_01_000002/stdout'
removed `/scratch/sattri/11832001/logs/userlogs/application_1508132107256_0007/container_1508132107256_0007_01_000002/syslog'
removed `/scratch/sattri/11832001/logs/userlogs/application_1508132107256_0007/container_1508132107256_0007_01_000002/stderr'
removed directory: `/scratch/sattri/11832001/logs/userlogs/application_1508132107256_0007/container_1508132107256_0007_01_000002'
removed `/scratch/sattri/11832001/logs/userlogs/application_1508132107256_0007/container_1508132107256_0007_01_000003/syslog'
removed `/scratch/sattri/11832001/logs/userlogs/application_1508132107256_0007/container_1508132107256_0007_01_000003/stdout'
removed `/scratch/sattri/11832001/logs/userlogs/application_1508132107256_0007/container_1508132107256_0007_01_000003/stderr'
removed directory: `/scratch/sattri/11832001/logs/userlogs/application_1508132107256_0007/container_1508132107256_0007_01_000003'
removed directory: `/scratch/sattri/11832001/logs/userlogs/application_1508132107256_0007'
removed directory: `/scratch/sattri/11832001/logs/userlogs'
removed `/scratch/sattri/11832001/logs/hadoop-sattri-datanode-comet-05-17.sdsc.edu.out'
removed `/scratch/sattri/11832001/logs/yarn-sattri-nodemanager-comet-05-17.sdsc.edu.out'
removed directory: `/scratch/sattri/11832001/logs'
removed directory: `/scratch/sattri/11832001/mapred_scratch/usercache/sattri/filecache'
removed directory: `/scratch/sattri/11832001/mapred_scratch/usercache/sattri/appcache'
removed directory: `/scratch/sattri/11832001/mapred_scratch/usercache/sattri'
removed directory: `/scratch/sattri/11832001/mapred_scratch/usercache'
removed directory: `/scratch/sattri/11832001/mapred_scratch/nmPrivate'
removed directory: `/scratch/sattri/11832001/mapred_scratch/filecache'
removed directory: `/scratch/sattri/11832001/mapred_scratch'
removed `/scratch/sattri/11832001/hdfs_data/current/VERSION'
removed `/scratch/sattri/11832001/hdfs_data/current/BP-1959703351-198.202.114.89-1508132090132/current/dfsUsed'
removed directory: `/scratch/sattri/11832001/hdfs_data/current/BP-1959703351-198.202.114.89-1508132090132/current/rbw'
removed `/scratch/sattri/11832001/hdfs_data/current/BP-1959703351-198.202.114.89-1508132090132/current/VERSION'
removed `/scratch/sattri/11832001/hdfs_data/current/BP-1959703351-198.202.114.89-1508132090132/current/finalized/subdir0/subdir0/blk_1073741845_1021.meta'
removed `/scratch/sattri/11832001/hdfs_data/current/BP-1959703351-198.202.114.89-1508132090132/current/finalized/subdir0/subdir0/blk_1073741894_1070.meta'
removed `/scratch/sattri/11832001/hdfs_data/current/BP-1959703351-198.202.114.89-1508132090132/current/finalized/subdir0/subdir0/blk_1073741854'
removed `/scratch/sattri/11832001/hdfs_data/current/BP-1959703351-198.202.114.89-1508132090132/current/finalized/subdir0/subdir0/blk_1073741882'
removed `/scratch/sattri/11832001/hdfs_data/current/BP-1959703351-198.202.114.89-1508132090132/current/finalized/subdir0/subdir0/blk_1073741842_1018.meta'
removed `/scratch/sattri/11832001/hdfs_data/current/BP-1959703351-198.202.114.89-1508132090132/current/finalized/subdir0/subdir0/blk_1073741872_1048.meta'
removed `/scratch/sattri/11832001/hdfs_data/current/BP-1959703351-198.202.114.89-1508132090132/current/finalized/subdir0/subdir0/blk_1073741862_1038.meta'
removed `/scratch/sattri/11832001/hdfs_data/current/BP-1959703351-198.202.114.89-1508132090132/current/finalized/subdir0/subdir0/blk_1073741875'
removed `/scratch/sattri/11832001/hdfs_data/current/BP-1959703351-198.202.114.89-1508132090132/current/finalized/subdir0/subdir0/blk_1073741872'
removed `/scratch/sattri/11832001/hdfs_data/current/BP-1959703351-198.202.114.89-1508132090132/current/finalized/subdir0/subdir0/blk_1073741874_1050.meta'
removed `/scratch/sattri/11832001/hdfs_data/current/BP-1959703351-198.202.114.89-1508132090132/current/finalized/subdir0/subdir0/blk_1073741885'
removed `/scratch/sattri/11832001/hdfs_data/current/BP-1959703351-198.202.114.89-1508132090132/current/finalized/subdir0/subdir0/blk_1073741834_1010.meta'
removed `/scratch/sattri/11832001/hdfs_data/current/BP-1959703351-198.202.114.89-1508132090132/current/finalized/subdir0/subdir0/blk_1073741853'
removed `/scratch/sattri/11832001/hdfs_data/current/BP-1959703351-198.202.114.89-1508132090132/current/finalized/subdir0/subdir0/blk_1073741892_1068.meta'
removed `/scratch/sattri/11832001/hdfs_data/current/BP-1959703351-198.202.114.89-1508132090132/current/finalized/subdir0/subdir0/blk_1073741865'
removed `/scratch/sattri/11832001/hdfs_data/current/BP-1959703351-198.202.114.89-1508132090132/current/finalized/subdir0/subdir0/blk_1073741875_1051.meta'
removed `/scratch/sattri/11832001/hdfs_data/current/BP-1959703351-198.202.114.89-1508132090132/current/finalized/subdir0/subdir0/blk_1073741835_1011.meta'
removed `/scratch/sattri/11832001/hdfs_data/current/BP-1959703351-198.202.114.89-1508132090132/current/finalized/subdir0/subdir0/blk_1073741833'
removed `/scratch/sattri/11832001/hdfs_data/current/BP-1959703351-198.202.114.89-1508132090132/current/finalized/subdir0/subdir0/blk_1073741844'
removed `/scratch/sattri/11832001/hdfs_data/current/BP-1959703351-198.202.114.89-1508132090132/current/finalized/subdir0/subdir0/blk_1073741893_1069.meta'
removed `/scratch/sattri/11832001/hdfs_data/current/BP-1959703351-198.202.114.89-1508132090132/current/finalized/subdir0/subdir0/blk_1073741892'
removed `/scratch/sattri/11832001/hdfs_data/current/BP-1959703351-198.202.114.89-1508132090132/current/finalized/subdir0/subdir0/blk_1073741895'
removed `/scratch/sattri/11832001/hdfs_data/current/BP-1959703351-198.202.114.89-1508132090132/current/finalized/subdir0/subdir0/blk_1073741844_1020.meta'
removed `/scratch/sattri/11832001/hdfs_data/current/BP-1959703351-198.202.114.89-1508132090132/current/finalized/subdir0/subdir0/blk_1073741895_1071.meta'
removed `/scratch/sattri/11832001/hdfs_data/current/BP-1959703351-198.202.114.89-1508132090132/current/finalized/subdir0/subdir0/blk_1073741843'
removed `/scratch/sattri/11832001/hdfs_data/current/BP-1959703351-198.202.114.89-1508132090132/current/finalized/subdir0/subdir0/blk_1073741834'
removed `/scratch/sattri/11832001/hdfs_data/current/BP-1959703351-198.202.114.89-1508132090132/current/finalized/subdir0/subdir0/blk_1073741833_1009.meta'
removed `/scratch/sattri/11832001/hdfs_data/current/BP-1959703351-198.202.114.89-1508132090132/current/finalized/subdir0/subdir0/blk_1073741873_1049.meta'
removed `/scratch/sattri/11832001/hdfs_data/current/BP-1959703351-198.202.114.89-1508132090132/current/finalized/subdir0/subdir0/blk_1073741863_1039.meta'
removed `/scratch/sattri/11832001/hdfs_data/current/BP-1959703351-198.202.114.89-1508132090132/current/finalized/subdir0/subdir0/blk_1073741862'
removed `/scratch/sattri/11832001/hdfs_data/current/BP-1959703351-198.202.114.89-1508132090132/current/finalized/subdir0/subdir0/blk_1073741843_1019.meta'
removed `/scratch/sattri/11832001/hdfs_data/current/BP-1959703351-198.202.114.89-1508132090132/current/finalized/subdir0/subdir0/blk_1073741865_1041.meta'
removed `/scratch/sattri/11832001/hdfs_data/current/BP-1959703351-198.202.114.89-1508132090132/current/finalized/subdir0/subdir0/blk_1073741884'
removed `/scratch/sattri/11832001/hdfs_data/current/BP-1959703351-198.202.114.89-1508132090132/current/finalized/subdir0/subdir0/blk_1073741831_1007.meta'
removed `/scratch/sattri/11832001/hdfs_data/current/BP-1959703351-198.202.114.89-1508132090132/current/finalized/subdir0/subdir0/blk_1073741852'
removed `/scratch/sattri/11832001/hdfs_data/current/BP-1959703351-198.202.114.89-1508132090132/current/finalized/subdir0/subdir0/blk_1073741825'
removed `/scratch/sattri/11832001/hdfs_data/current/BP-1959703351-198.202.114.89-1508132090132/current/finalized/subdir0/subdir0/blk_1073741873'
removed `/scratch/sattri/11832001/hdfs_data/current/BP-1959703351-198.202.114.89-1508132090132/current/finalized/subdir0/subdir0/blk_1073741852_1028.meta'
removed `/scratch/sattri/11832001/hdfs_data/current/BP-1959703351-198.202.114.89-1508132090132/current/finalized/subdir0/subdir0/blk_1073741825_1001.meta'
removed `/scratch/sattri/11832001/hdfs_data/current/BP-1959703351-198.202.114.89-1508132090132/current/finalized/subdir0/subdir0/blk_1073741885_1061.meta'
removed `/scratch/sattri/11832001/hdfs_data/current/BP-1959703351-198.202.114.89-1508132090132/current/finalized/subdir0/subdir0/blk_1073741854_1030.meta'
removed `/scratch/sattri/11832001/hdfs_data/current/BP-1959703351-198.202.114.89-1508132090132/current/finalized/subdir0/subdir0/blk_1073741831'
removed `/scratch/sattri/11832001/hdfs_data/current/BP-1959703351-198.202.114.89-1508132090132/current/finalized/subdir0/subdir0/blk_1073741874'
removed `/scratch/sattri/11832001/hdfs_data/current/BP-1959703351-198.202.114.89-1508132090132/current/finalized/subdir0/subdir0/blk_1073741882_1058.meta'
removed `/scratch/sattri/11832001/hdfs_data/current/BP-1959703351-198.202.114.89-1508132090132/current/finalized/subdir0/subdir0/blk_1073741855'
removed `/scratch/sattri/11832001/hdfs_data/current/BP-1959703351-198.202.114.89-1508132090132/current/finalized/subdir0/subdir0/blk_1073741883'
removed `/scratch/sattri/11832001/hdfs_data/current/BP-1959703351-198.202.114.89-1508132090132/current/finalized/subdir0/subdir0/blk_1073741863'
removed `/scratch/sattri/11832001/hdfs_data/current/BP-1959703351-198.202.114.89-1508132090132/current/finalized/subdir0/subdir0/blk_1073741884_1060.meta'
removed `/scratch/sattri/11832001/hdfs_data/current/BP-1959703351-198.202.114.89-1508132090132/current/finalized/subdir0/subdir0/blk_1073741855_1031.meta'
removed `/scratch/sattri/11832001/hdfs_data/current/BP-1959703351-198.202.114.89-1508132090132/current/finalized/subdir0/subdir0/blk_1073741894'
removed `/scratch/sattri/11832001/hdfs_data/current/BP-1959703351-198.202.114.89-1508132090132/current/finalized/subdir0/subdir0/blk_1073741883_1059.meta'
removed `/scratch/sattri/11832001/hdfs_data/current/BP-1959703351-198.202.114.89-1508132090132/current/finalized/subdir0/subdir0/blk_1073741835'
removed `/scratch/sattri/11832001/hdfs_data/current/BP-1959703351-198.202.114.89-1508132090132/current/finalized/subdir0/subdir0/blk_1073741842'
removed `/scratch/sattri/11832001/hdfs_data/current/BP-1959703351-198.202.114.89-1508132090132/current/finalized/subdir0/subdir0/blk_1073741845'
removed `/scratch/sattri/11832001/hdfs_data/current/BP-1959703351-198.202.114.89-1508132090132/current/finalized/subdir0/subdir0/blk_1073741864_1040.meta'
removed `/scratch/sattri/11832001/hdfs_data/current/BP-1959703351-198.202.114.89-1508132090132/current/finalized/subdir0/subdir0/blk_1073741893'
removed `/scratch/sattri/11832001/hdfs_data/current/BP-1959703351-198.202.114.89-1508132090132/current/finalized/subdir0/subdir0/blk_1073741853_1029.meta'
removed `/scratch/sattri/11832001/hdfs_data/current/BP-1959703351-198.202.114.89-1508132090132/current/finalized/subdir0/subdir0/blk_1073741864'
removed directory: `/scratch/sattri/11832001/hdfs_data/current/BP-1959703351-198.202.114.89-1508132090132/current/finalized/subdir0/subdir0'
removed directory: `/scratch/sattri/11832001/hdfs_data/current/BP-1959703351-198.202.114.89-1508132090132/current/finalized/subdir0'
removed directory: `/scratch/sattri/11832001/hdfs_data/current/BP-1959703351-198.202.114.89-1508132090132/current/finalized'
removed directory: `/scratch/sattri/11832001/hdfs_data/current/BP-1959703351-198.202.114.89-1508132090132/current'
removed `/scratch/sattri/11832001/hdfs_data/current/BP-1959703351-198.202.114.89-1508132090132/dncp_block_verification.log.prev'
removed directory: `/scratch/sattri/11832001/hdfs_data/current/BP-1959703351-198.202.114.89-1508132090132/tmp'
removed `/scratch/sattri/11832001/hdfs_data/current/BP-1959703351-198.202.114.89-1508132090132/dncp_block_verification.log.curr'
removed directory: `/scratch/sattri/11832001/hdfs_data/current/BP-1959703351-198.202.114.89-1508132090132'
removed directory: `/scratch/sattri/11832001/hdfs_data/current'
removed directory: `/scratch/sattri/11832001/hdfs_data'
removed directory: `/scratch/sattri/11832001/pids'
removed `/scratch/sattri/11832001/logs/userlogs/application_1508132107256_0002/container_1508132107256_0002_01_000002/stdout'
removed `/scratch/sattri/11832001/logs/userlogs/application_1508132107256_0002/container_1508132107256_0002_01_000002/syslog'
removed `/scratch/sattri/11832001/logs/userlogs/application_1508132107256_0002/container_1508132107256_0002_01_000002/stderr'
removed directory: `/scratch/sattri/11832001/logs/userlogs/application_1508132107256_0002/container_1508132107256_0002_01_000002'
removed `/scratch/sattri/11832001/logs/userlogs/application_1508132107256_0002/container_1508132107256_0002_01_000001/stderr'
removed `/scratch/sattri/11832001/logs/userlogs/application_1508132107256_0002/container_1508132107256_0002_01_000001/stdout'
removed `/scratch/sattri/11832001/logs/userlogs/application_1508132107256_0002/container_1508132107256_0002_01_000001/syslog'
removed directory: `/scratch/sattri/11832001/logs/userlogs/application_1508132107256_0002/container_1508132107256_0002_01_000001'
removed `/scratch/sattri/11832001/logs/userlogs/application_1508132107256_0002/container_1508132107256_0002_01_000003/stdout'
removed `/scratch/sattri/11832001/logs/userlogs/application_1508132107256_0002/container_1508132107256_0002_01_000003/syslog'
removed `/scratch/sattri/11832001/logs/userlogs/application_1508132107256_0002/container_1508132107256_0002_01_000003/stderr'
removed directory: `/scratch/sattri/11832001/logs/userlogs/application_1508132107256_0002/container_1508132107256_0002_01_000003'
removed directory: `/scratch/sattri/11832001/logs/userlogs/application_1508132107256_0002'
removed `/scratch/sattri/11832001/logs/userlogs/application_1508132107256_0001/container_1508132107256_0001_01_000002/stderr'
removed `/scratch/sattri/11832001/logs/userlogs/application_1508132107256_0001/container_1508132107256_0001_01_000002/syslog'
removed `/scratch/sattri/11832001/logs/userlogs/application_1508132107256_0001/container_1508132107256_0001_01_000002/stdout'
removed directory: `/scratch/sattri/11832001/logs/userlogs/application_1508132107256_0001/container_1508132107256_0001_01_000002'
removed directory: `/scratch/sattri/11832001/logs/userlogs/application_1508132107256_0001'
removed `/scratch/sattri/11832001/logs/userlogs/application_1508132107256_0006/container_1508132107256_0006_01_000002/stdout'
removed `/scratch/sattri/11832001/logs/userlogs/application_1508132107256_0006/container_1508132107256_0006_01_000002/syslog'
removed `/scratch/sattri/11832001/logs/userlogs/application_1508132107256_0006/container_1508132107256_0006_01_000002/stderr'
removed directory: `/scratch/sattri/11832001/logs/userlogs/application_1508132107256_0006/container_1508132107256_0006_01_000002'
removed directory: `/scratch/sattri/11832001/logs/userlogs/application_1508132107256_0006'
removed `/scratch/sattri/11832001/logs/userlogs/application_1508132107256_0003/container_1508132107256_0003_01_000002/stdout'
removed `/scratch/sattri/11832001/logs/userlogs/application_1508132107256_0003/container_1508132107256_0003_01_000002/syslog'
removed `/scratch/sattri/11832001/logs/userlogs/application_1508132107256_0003/container_1508132107256_0003_01_000002/stderr'
removed directory: `/scratch/sattri/11832001/logs/userlogs/application_1508132107256_0003/container_1508132107256_0003_01_000002'
removed `/scratch/sattri/11832001/logs/userlogs/application_1508132107256_0003/container_1508132107256_0003_01_000003/stdout'
removed `/scratch/sattri/11832001/logs/userlogs/application_1508132107256_0003/container_1508132107256_0003_01_000003/syslog'
removed `/scratch/sattri/11832001/logs/userlogs/application_1508132107256_0003/container_1508132107256_0003_01_000003/stderr'
removed directory: `/scratch/sattri/11832001/logs/userlogs/application_1508132107256_0003/container_1508132107256_0003_01_000003'
removed directory: `/scratch/sattri/11832001/logs/userlogs/application_1508132107256_0003'
removed directory: `/scratch/sattri/11832001/logs/userlogs'
removed `/scratch/sattri/11832001/logs/yarn-sattri-nodemanager-comet-05-27.sdsc.edu.out'
removed `/scratch/sattri/11832001/logs/hadoop-sattri-datanode-comet-05-27.sdsc.edu.out'
removed `/scratch/sattri/11832001/logs/hadoop-sattri-datanode-comet-05-27.sdsc.edu.log'
removed `/scratch/sattri/11832001/logs/SecurityAuth-sattri.audit'
removed `/scratch/sattri/11832001/logs/yarn-sattri-nodemanager-comet-05-27.sdsc.edu.log'
removed directory: `/scratch/sattri/11832001/logs'
removed directory: `/tmp/Jetty_0_0_0_0_50075_datanode____hwtdwq/.active'
removed directory: `/tmp/Jetty_0_0_0_0_50075_datanode____hwtdwq/jsp'
removed directory: `/tmp/Jetty_0_0_0_0_50075_datanode____hwtdwq'
removed directory: `/tmp/Jetty_0_0_0_0_50070_hdfs____w2cu08/.active'
removed directory: `/tmp/Jetty_0_0_0_0_50070_hdfs____w2cu08/jsp'
removed directory: `/tmp/Jetty_0_0_0_0_50070_hdfs____w2cu08'
removed directory: `/tmp/Jetty_comet.05.10_ibnet_50090_secondary____d8y5u7/.active'
removed directory: `/tmp/Jetty_comet.05.10_ibnet_50090_secondary____d8y5u7/jsp'
removed directory: `/tmp/Jetty_comet.05.10_ibnet_50090_secondary____d8y5u7'
